2024-08-05 08:47:03,909 | 3 | logged into session
2024-08-05 09:36:14,718 | 8 | ---------------------------------------------------------------------------------
2024-08-05 09:36:14,722 | 9 | MIDCPNIFTY24AUGFUT is selected, with qty of 250 for strikes MIDCPNIFTY2480512350PE and MIDCPNIFTY2480512350CE
2024-08-05 09:36:21,249 | 5 | ---------------------------------------------------------------------------------
2024-08-05 09:36:21,249 | 6 | MIDCPNIFTY2480512350CE(56.1) + MIDCPNIFTY2480512350PE(61.7) = 117.80000000000001
2024-08-05 09:36:21,257 | 7 | current set threshold is 130.0
2024-08-05 09:36:21,359 | 8 | current MIDCPNIFTY24AUGFUT price is 12374.7
2024-08-05 09:41:01,762 | 51 | ---------------------------------------------------------------------------------
2024-08-05 09:41:01,762 | 52 | call price 39.9 + put price 64.75 = 104.65
2024-08-05 09:41:01,762 | 53 | (lower limit) set threshold(125.0) - lowerBandwidth(20) is 105.0
2024-08-05 09:41:01,852 | 54 | current MIDCPNIFTY24AUGFUT price is 12360
2024-08-05 09:41:01,854 | 57 | (upper limit) threshold to new value - callPrice(39.9) + putPrice(64.75) + LowerBandwidth(20)/2 = 114.65
2024-08-05 09:52:02,746 | 51 | ---------------------------------------------------------------------------------
2024-08-05 09:52:02,747 | 52 | call price 44.6 + put price 49.8 = 94.4
2024-08-05 09:52:02,748 | 53 | (lower limit) set threshold(114.65) - lowerBandwidth(20) is 94.65
2024-08-05 09:52:02,855 | 54 | current MIDCPNIFTY24AUGFUT price is 12378
2024-08-05 09:52:02,857 | 57 | (upper limit) threshold to new value - callPrice(44.6) + putPrice(49.8) + LowerBandwidth(20)/2 = 104.4
2024-08-05 10:10:09,663 | 51 | ---------------------------------------------------------------------------------
2024-08-05 10:10:09,664 | 52 | call price 33.65 + put price 49.7 = 83.35
2024-08-05 10:10:09,664 | 53 | (lower limit) set threshold(104.4) - lowerBandwidth(20) is 84.4
2024-08-05 10:10:09,754 | 54 | current MIDCPNIFTY24AUGFUT price is 12364
2024-08-05 10:10:09,757 | 57 | (upper limit) threshold to new value - callPrice(33.65) + putPrice(49.7) + LowerBandwidth(20)/2 = 93.35
2024-08-05 10:30:03,751 | 51 | ---------------------------------------------------------------------------------
2024-08-05 10:30:03,752 | 52 | call price 26.55 + put price 46.7 = 73.25
2024-08-05 10:30:03,752 | 53 | (lower limit) set threshold(93.35) - lowerBandwidth(20) is 73.35
2024-08-05 10:30:03,859 | 54 | current MIDCPNIFTY24AUGFUT price is 12359.95
2024-08-05 10:30:03,861 | 57 | (upper limit) threshold to new value - callPrice(26.55) + putPrice(46.7) + LowerBandwidth(20)/2 = 83.25
2024-08-05 10:47:04,747 | 7 | ---------------------------------------------------------------------------------
2024-08-05 10:47:04,751 | 8 | call price(17) + put price(66.3) = 83.3
2024-08-05 10:47:04,756 | 9 | current set threshold is 83.25
2024-08-05 10:47:04,872 | 10 | current MIDCPNIFTY24AUGFUT price is 12324.8
2024-08-05 10:47:05,646 | 9 | ---------------------------------------------------------------------------------
2024-08-05 10:47:05,745 | 10 | current MIDCPNIFTY2480512350PE price is 66.2
2024-08-05 10:47:05,747 | 12 | 250 qty BUY order placed for symbol: MIDCPNIFTY2480512350PE at 10:47:05
2024-08-05 10:47:05,751 | 45 | ---------------------------------------------------------------------------------
2024-08-05 10:47:05,753 | 46 | exited put leg - MIDCPNIFTY2480512350CE
2024-08-05 10:47:05,754 | 47 | changed the call leg threshold to callPrice(17.0) + oneLegSL(10) = 27.0
2024-08-05 10:47:05,757 | 48 | changed the lowerBandwidth to 10.0
2024-08-05 10:48:02,217 | 51 | ---------------------------------------------------------------------------------
2024-08-05 10:48:02,220 | 52 | call price 14.7 + put price 0 = 14.7
2024-08-05 10:48:02,222 | 53 | (lower limit) set threshold(27.0) - lowerBandwidth(10.0) is 17.0
2024-08-05 10:48:02,435 | 54 | current MIDCPNIFTY24AUGFUT price is 12317.1
2024-08-05 10:48:02,438 | 57 | (upper limit) threshold to new value - callPrice(14.7) + putPrice(0) + LowerBandwidth(10.0)/2 = 19.7
2024-08-05 11:01:18,082 | 8 | 
+------------------------+------------------+---------------+-------------------+----------------+---------+
|     tradingsymbol      | day_buy_quantity | day_buy_price | day_sell_quantity | day_sell_price |   pnl   |
+------------------------+------------------+---------------+-------------------+----------------+---------+
| MIDCPNIFTY2480512350CE |       250        |      14.1     |        250        |     56.61      | 10627.5 |
| MIDCPNIFTY2480512350PE |       250        |     66.65     |        250        |      61.7      | -1237.5 |
+------------------------+------------------+---------------+-------------------+----------------+---------+
2024-08-05 11:35:13,026 | 3 | logged into session
2024-08-05 11:36:45,050 | 8 | ---------------------------------------------------------------------------------
2024-08-05 11:36:45,051 | 9 | MIDCPNIFTY24AUGFUT is selected, with qty of 200 for strikes MIDCPNIFTY2480512250PE and MIDCPNIFTY2480512250CE
2024-08-05 11:36:47,588 | 5 | ---------------------------------------------------------------------------------
2024-08-05 11:36:47,589 | 6 | MIDCPNIFTY2480512250CE(36.1) + MIDCPNIFTY2480512250PE(42.6) = 78.7
2024-08-05 11:36:47,590 | 7 | current set threshold is 90.0
2024-08-05 11:36:47,696 | 8 | current MIDCPNIFTY24AUGFUT price is 12259.25
2024-08-05 12:47:07,564 | 7 | ---------------------------------------------------------------------------------
2024-08-05 12:47:07,565 | 8 | call price(15.4) + put price(70.05) = 85.45
2024-08-05 12:47:07,566 | 9 | current set threshold is 85.0
2024-08-05 12:47:07,782 | 10 | current MIDCPNIFTY24AUGFUT price is 12213
2024-08-05 12:47:08,554 | 9 | ---------------------------------------------------------------------------------
2024-08-05 12:47:08,622 | 10 | current MIDCPNIFTY2480512250PE price is 68.5
2024-08-05 12:47:08,623 | 12 | 200 qty BUY order placed for symbol: MIDCPNIFTY2480512250PE at 12:47:08
2024-08-05 12:47:08,625 | 45 | ---------------------------------------------------------------------------------
2024-08-05 12:47:08,627 | 46 | exited put leg - MIDCPNIFTY2480512250CE
2024-08-05 12:47:08,628 | 47 | changed the call leg threshold to callPrice(15.4) + oneLegSL(10) = 25.4
2024-08-05 12:47:08,629 | 48 | changed the lowerBandwidth to 10.0
2024-08-05 13:06:32,170 | 7 | ---------------------------------------------------------------------------------
2024-08-05 13:06:32,171 | 8 | call price(33.9) + put price(0) = 33.9
2024-08-05 13:06:32,172 | 9 | current set threshold is 25.4
2024-08-05 13:06:32,262 | 10 | current MIDCPNIFTY24AUGFUT price is 12270
2024-08-05 13:06:33,081 | 9 | ---------------------------------------------------------------------------------
2024-08-05 13:06:33,175 | 10 | current MIDCPNIFTY2480512250CE price is 35.45
2024-08-05 13:06:33,176 | 12 | 200 qty BUY order placed for symbol: MIDCPNIFTY2480512250CE at 13:06:33
2024-08-05 13:06:33,177 | 23 | ---------------------------------------------------------------------------------
2024-08-05 13:06:33,179 | 24 | Trading ended thank you!!!!
2024-08-05 13:06:33,387 | 8 | 
+------------------------+------------------+---------------+-------------------+----------------+--------------------+
|     tradingsymbol      | day_buy_quantity | day_buy_price | day_sell_quantity | day_sell_price |        pnl         |
+------------------------+------------------+---------------+-------------------+----------------+--------------------+
| MIDCPNIFTY2480512250CE |       200        |      33.9     |        200        |     33.65      |       -50.0        |
| MIDCPNIFTY2480512250PE |       200        |      68.6     |        200        |    45.4375     | -4632.499999999998 |
| MIDCPNIFTY2480512350CE |       250        |      14.1     |        250        |     56.61      |      10627.5       |
| MIDCPNIFTY2480512350PE |       250        |     66.65     |        250        |      61.7      |      -1237.5       |
+------------------------+------------------+---------------+-------------------+----------------+--------------------+
