2024-09-20 06:35:07,529 | 3 | logged into session
2024-09-20 09:33:05,071 | 3 | logged into session
2024-09-20 09:33:33,313 | 8 | ---------------------------------------------------------------------------------
2024-09-20 09:33:33,316 | 9 | NIFTY24SEPFUT is selected, with qty of 200 for strikes MIDCPNIFTY2492313025PE and MIDCPNIFTY2492313025CE
2024-09-20 09:33:40,975 | 5 | ---------------------------------------------------------------------------------
2024-09-20 09:33:40,975 | 6 | MIDCPNIFTY2492313025CE(102.4) + MIDCPNIFTY2492313025PE(101.8) = 204.2
2024-09-20 09:33:40,975 | 7 | current set threshold is 215.0
2024-09-20 09:33:41,108 | 8 | current NIFTY24SEPFUT price is 25498.15
2024-09-20 09:45:02,225 | 60 | ---------------------------------------------------------------------------------
2024-09-20 09:45:02,226 | 61 | call price 111.35 + put price 77.75 = 189.1
2024-09-20 09:45:02,227 | 62 | (lower limit) set threshold(210.0) - lowerBandwidth(20) is 190.0
2024-09-20 09:45:02,336 | 63 | current NIFTY24SEPFUT price is 25480
2024-09-20 09:45:02,339 | 66 | (upper limit) threshold to new value - callPrice(111.35) + putPrice(77.75) + LowerBandwidth(20)/2 = 199.1
2024-09-20 09:59:37,097 | 8 | ---------------------------------------------------------------------------------
2024-09-20 09:59:37,099 | 9 | NIFTY24SEPFUT is selected, with qty of 150 for strikes MIDCPNIFTY2492313075PE and MIDCPNIFTY2492313075CE
2024-09-20 09:59:39,687 | 5 | ---------------------------------------------------------------------------------
2024-09-20 09:59:39,688 | 6 | MIDCPNIFTY2492313075CE(98.9) + MIDCPNIFTY2492313075PE(78.95) = 177.85000000000002
2024-09-20 09:59:39,689 | 7 | current set threshold is 192.0
2024-09-20 09:59:39,797 | 8 | current NIFTY24SEPFUT price is 25581.05
2024-09-20 10:20:07,812 | 16 | ---------------------------------------------------------------------------------
2024-09-20 10:20:07,815 | 17 | call price(73.75) + put price(111.6) = 185.35
2024-09-20 10:20:07,816 | 18 | current set threshold is 184.0
2024-09-20 10:20:07,926 | 19 | current NIFTY24SEPFUT price is 25541.45
2024-09-20 10:20:08,663 | 9 | ---------------------------------------------------------------------------------
2024-09-20 10:20:08,763 | 10 | current MIDCPNIFTY2492313075PE price is 110.1
2024-09-20 10:20:08,764 | 12 | 150 qty BUY order placed for symbol: MIDCPNIFTY2492313075PE at 10:20:08
2024-09-20 10:20:08,767 | 54 | ---------------------------------------------------------------------------------
2024-09-20 10:20:08,769 | 55 | exited put leg - MIDCPNIFTY2492313075CE
2024-09-20 10:20:08,771 | 56 | changed the call leg threshold to callPrice(73.75) + oneLegSL(10) = 83.75
2024-09-20 10:20:08,774 | 57 | changed the lowerBandwidth to 10.0
2024-09-20 10:21:01,165 | 60 | ---------------------------------------------------------------------------------
2024-09-20 10:21:01,166 | 61 | call price 72 + put price 0 = 72
2024-09-20 10:21:01,167 | 62 | (lower limit) set threshold(83.75) - lowerBandwidth(10.0) is 73.75
2024-09-20 10:21:01,264 | 63 | current NIFTY24SEPFUT price is 25541.35
2024-09-20 10:21:01,266 | 66 | (upper limit) threshold to new value - callPrice(72) + putPrice(0) + LowerBandwidth(10.0)/2 = 77.0
2024-09-20 10:22:01,273 | 8 | 
+------------------------+------------------+---------------+-------------------+----------------+---------+
|     tradingsymbol      | day_buy_quantity | day_buy_price | day_sell_quantity | day_sell_price |   pnl   |
+------------------------+------------------+---------------+-------------------+----------------+---------+
| MIDCPNIFTY2492313025CE |       200        |    125.825    |        200        |     103.45     | -4475.0 |
| MIDCPNIFTY2492313025PE |       200        |     60.075    |        200        |     102.25     |  8435.0 |
| MIDCPNIFTY2492313075CE |       150        |     75.25     |        150        |     100.3      |  3757.5 |
| MIDCPNIFTY2492313075PE |       150        |     110.8     |        150        |      77.9      | -4935.0 |
+------------------------+------------------+---------------+-------------------+----------------+---------+
