2024-09-10 09:41:34,707 | 3 | logged into session
2024-09-10 09:43:17,368 | 8 | ---------------------------------------------------------------------------------
2024-09-10 09:43:17,369 | 9 | FINNIFTY24SEPFUT is selected, with qty of 100 for strikes FINNIFTY2491023650PE and FINNIFTY2491023650CE
2024-09-10 09:43:20,485 | 5 | ---------------------------------------------------------------------------------
2024-09-10 09:43:20,485 | 6 | FINNIFTY2491023650CE(56.75) + FINNIFTY2491023650PE(49.55) = 106.3
2024-09-10 09:43:20,485 | 7 | current set threshold is 120.0
2024-09-10 09:43:20,698 | 8 | current FINNIFTY24SEPFUT price is 23755
2024-09-10 09:49:04,897 | 16 | ---------------------------------------------------------------------------------
2024-09-10 09:49:04,897 | 17 | call price(34.5) + put price(87.45) = 121.95
2024-09-10 09:49:04,907 | 18 | current set threshold is 120.0
2024-09-10 09:49:05,018 | 19 | current FINNIFTY24SEPFUT price is 23705
2024-09-10 09:49:05,786 | 9 | ---------------------------------------------------------------------------------
2024-09-10 09:49:05,891 | 10 | current FINNIFTY2491023650PE price is 89.05
2024-09-10 09:49:05,891 | 12 | 100 qty BUY order placed for symbol: FINNIFTY2491023650PE at 09:49:05
2024-09-10 09:49:05,896 | 54 | ---------------------------------------------------------------------------------
2024-09-10 09:49:05,896 | 55 | exited put leg - FINNIFTY2491023650CE
2024-09-10 09:49:05,896 | 56 | changed the call leg threshold to callPrice(34.5) + oneLegSL(10) = 44.5
2024-09-10 09:49:05,896 | 57 | changed the lowerBandwidth to 10.0
2024-09-10 09:50:02,431 | 60 | ---------------------------------------------------------------------------------
2024-09-10 09:50:02,431 | 61 | call price 32.75 + put price 0 = 32.75
2024-09-10 09:50:02,442 | 62 | (lower limit) set threshold(44.5) - lowerBandwidth(10.0) is 34.5
2024-09-10 09:50:02,547 | 63 | current FINNIFTY24SEPFUT price is 23700
2024-09-10 09:50:02,547 | 66 | (upper limit) threshold to new value - callPrice(32.75) + putPrice(0) + LowerBandwidth(10.0)/2 = 37.75
2024-09-10 09:58:01,819 | 60 | ---------------------------------------------------------------------------------
2024-09-10 09:58:01,819 | 61 | call price 25.2 + put price 0 = 25.2
2024-09-10 09:58:01,819 | 62 | (lower limit) set threshold(37.75) - lowerBandwidth(10.0) is 27.75
2024-09-10 09:58:01,939 | 63 | current FINNIFTY24SEPFUT price is 23669.75
2024-09-10 09:58:01,939 | 66 | (upper limit) threshold to new value - callPrice(25.2) + putPrice(0) + LowerBandwidth(10.0)/2 = 30.2
2024-09-10 10:33:03,764 | 16 | ---------------------------------------------------------------------------------
2024-09-10 10:33:03,766 | 17 | call price(30.6) + put price(0) = 30.6
2024-09-10 10:33:03,767 | 18 | current set threshold is 30.2
2024-09-10 10:33:03,891 | 19 | current FINNIFTY24SEPFUT price is 23721
2024-09-10 10:33:04,736 | 9 | ---------------------------------------------------------------------------------
2024-09-10 10:33:04,852 | 10 | current FINNIFTY2491023650CE price is 30.55
2024-09-10 10:33:04,854 | 12 | 100 qty BUY order placed for symbol: FINNIFTY2491023650CE at 10:33:04
2024-09-10 10:33:04,854 | 32 | ---------------------------------------------------------------------------------
2024-09-10 10:33:04,856 | 33 | Trading ended thank you!!!!
2024-09-10 10:33:05,018 | 8 | 
+----------------------+------------------+---------------+-------------------+----------------+-------+
|    tradingsymbol     | day_buy_quantity | day_buy_price | day_sell_quantity | day_sell_price |  pnl  |
+----------------------+------------------+---------------+-------------------+----------------+-------+
| FINNIFTY2491023650CE |       100        |     30.65     |        100        |      54.2      |  2355 |
| FINNIFTY2491023650PE |       100        |      89.6     |        100        |     55.25      | -3435 |
+----------------------+------------------+---------------+-------------------+----------------+-------+
