2024-11-19 09:25:15,933 | 3 | logged into session
2024-11-19 09:29:18,436 | 8 | ---------------------------------------------------------------------------------
2024-11-19 09:29:18,438 | 9 | NIFTY24NOVFUT is selected, with qty of 100 for strikes NIFTY24N2123650PE and NIFTY24N2123650CE
2024-11-19 09:29:26,864 | 5 | ---------------------------------------------------------------------------------
2024-11-19 09:29:26,864 | 6 | NIFTY24N2123650CE(117.2) + NIFTY24N2123650PE(102.15) = 219.35000000000002
2024-11-19 09:29:26,864 | 7 | current set threshold is 230.0
2024-11-19 09:29:26,961 | 8 | current NIFTY24NOVFUT price is 23724
2024-11-19 10:25:07,516 | 16 | ---------------------------------------------------------------------------------
2024-11-19 10:25:07,516 | 17 | call price(148.5) + put price(62.85) = 211.35
2024-11-19 10:25:07,516 | 18 | current set threshold is 210.0
2024-11-19 10:25:07,617 | 19 | current NIFTY24NOVFUT price is 23789.9
2024-11-19 10:25:08,338 | 9 | ---------------------------------------------------------------------------------
2024-11-19 10:25:09,190 | 10 | current NIFTY24N2123650CE price is 148.5
2024-11-19 10:25:09,190 | 12 | 100 qty BUY order placed for symbol: NIFTY24N2123650CE at 10:25:09
2024-11-19 10:25:09,190 | 44 | ---------------------------------------------------------------------------------
2024-11-19 10:25:09,190 | 45 | exited call leg - NIFTY24N2123650CE
2024-11-19 10:25:09,199 | 46 | changed the put leg threshold to putPrice(62.85) + oneLegSL(10) = 72.85
2024-11-19 10:25:09,200 | 47 | changed the lowerBandwidth to 10.0
2024-11-19 10:25:50,160 | 8 | 
+-------------------+------------------+---------------+-------------------+----------------+-------+
|   tradingsymbol   | day_buy_quantity | day_buy_price | day_sell_quantity | day_sell_price |  pnl  |
+-------------------+------------------+---------------+-------------------+----------------+-------+
| NIFTY24N2123650CE |       100        |     149.0     |        100        |     116.2      | -3280 |
| NIFTY24N2123650PE |       100        |      62.6     |        100        |     103.65     |  4105 |
+-------------------+------------------+---------------+-------------------+----------------+-------+
