2024-09-16 09:03:58,157 | 3 | logged into session
2024-09-16 09:45:26,727 | 8 | ---------------------------------------------------------------------------------
2024-09-16 09:45:26,729 | 9 | FINNIFTY24SEPFUT is selected, with qty of 100 for strikes FINNIFTY2491724050PE and FINNIFTY2491724050CE
2024-09-16 09:45:35,003 | 5 | ---------------------------------------------------------------------------------
2024-09-16 09:45:35,006 | 6 | FINNIFTY2491724050CE(94.2) + FINNIFTY2491724050PE(77.35) = 171.55
2024-09-16 09:45:35,008 | 7 | current set threshold is 182.0
2024-09-16 09:45:35,198 | 8 | current FINNIFTY24SEPFUT price is 24096.35
2024-09-16 10:42:03,875 | 16 | ---------------------------------------------------------------------------------
2024-09-16 10:42:03,875 | 17 | call price(54.2) + put price(122.3) = 176.5
2024-09-16 10:42:03,875 | 18 | current set threshold is 175.0
2024-09-16 10:42:03,986 | 19 | current FINNIFTY24SEPFUT price is 24020
2024-09-16 10:42:04,727 | 9 | ---------------------------------------------------------------------------------
2024-09-16 10:42:04,852 | 10 | current FINNIFTY2491724050PE price is 123
2024-09-16 10:42:04,852 | 12 | 100 qty BUY order placed for symbol: FINNIFTY2491724050PE at 10:42:04
2024-09-16 10:42:04,852 | 54 | ---------------------------------------------------------------------------------
2024-09-16 10:42:04,852 | 55 | exited put leg - FINNIFTY2491724050CE
2024-09-16 10:42:04,852 | 56 | changed the call leg threshold to callPrice(54.2) + oneLegSL(10) = 64.2
2024-09-16 10:42:04,852 | 57 | changed the lowerBandwidth to 10.0
2024-09-16 11:01:03,706 | 60 | ---------------------------------------------------------------------------------
2024-09-16 11:01:03,707 | 61 | call price 47.9 + put price 0 = 47.9
2024-09-16 11:01:03,708 | 62 | (lower limit) set threshold(58.0) - lowerBandwidth(10.0) is 48.0
2024-09-16 11:01:03,814 | 63 | current FINNIFTY24SEPFUT price is 24004.05
2024-09-16 11:01:03,817 | 66 | (upper limit) threshold to new value - callPrice(47.9) + putPrice(0) + LowerBandwidth(10.0)/2 = 52.9
2024-09-16 11:54:00,565 | 16 | ---------------------------------------------------------------------------------
2024-09-16 11:54:00,575 | 17 | call price(47.4) + put price(0) = 47.4
2024-09-16 11:54:00,577 | 18 | current set threshold is 47.0
2024-09-16 11:54:00,679 | 19 | current FINNIFTY24SEPFUT price is 24006
2024-09-16 11:54:01,434 | 9 | ---------------------------------------------------------------------------------
2024-09-16 11:54:01,542 | 10 | current FINNIFTY2491724050CE price is 47.5
2024-09-16 11:54:01,544 | 12 | 100 qty BUY order placed for symbol: FINNIFTY2491724050CE at 11:54:01
2024-09-16 11:54:01,546 | 32 | ---------------------------------------------------------------------------------
2024-09-16 11:54:01,548 | 33 | Trading ended thank you!!!!
2024-09-16 11:54:01,669 | 8 | 
+----------------------+------------------+---------------+-------------------+----------------+-------+
|    tradingsymbol     | day_buy_quantity | day_buy_price | day_sell_quantity | day_sell_price |  pnl  |
+----------------------+------------------+---------------+-------------------+----------------+-------+
| FINNIFTY2491724050CE |       100        |      47.5     |        100        |     90.65      |  4315 |
| FINNIFTY2491724050PE |       100        |     123.2     |        100        |      82.5      | -4070 |
+----------------------+------------------+---------------+-------------------+----------------+-------+
