2024-09-11 08:53:11,768 | 3 | logged into session
2024-09-11 09:49:01,289 | 8 | ---------------------------------------------------------------------------------
2024-09-11 09:49:01,291 | 9 | NIFTY24SEPFUT is selected, with qty of 100 for strikes NIFTY2491225050PE and NIFTY2491225050CE
2024-09-11 09:49:18,276 | 5 | ---------------------------------------------------------------------------------
2024-09-11 09:49:18,276 | 6 | NIFTY2491225050CE(68.3) + NIFTY2491225050PE(89.4) = 157.7
2024-09-11 09:49:18,276 | 7 | current set threshold is 170.0
2024-09-11 09:49:18,383 | 8 | current NIFTY24SEPFUT price is 25080
2024-09-11 10:21:03,642 | 60 | ---------------------------------------------------------------------------------
2024-09-11 10:21:03,642 | 61 | call price 64.85 + put price 84.35 = 149.2
2024-09-11 10:21:03,644 | 62 | (lower limit) set threshold(170.0) - lowerBandwidth(20) is 150.0
2024-09-11 10:21:03,733 | 63 | current NIFTY24SEPFUT price is 25078.25
2024-09-11 10:21:03,736 | 66 | (upper limit) threshold to new value - callPrice(64.85) + putPrice(84.35) + LowerBandwidth(20)/2 = 159.2
2024-09-11 12:58:00,365 | 16 | ---------------------------------------------------------------------------------
2024-09-11 12:58:00,366 | 17 | call price(69.6) + put price(75.6) = 145.2
2024-09-11 12:58:00,366 | 18 | current set threshold is 145.0
2024-09-11 12:58:00,489 | 19 | current NIFTY24SEPFUT price is 25095
2024-09-11 12:58:01,192 | 9 | ---------------------------------------------------------------------------------
2024-09-11 12:58:01,302 | 10 | current NIFTY2491225050PE price is 76.25
2024-09-11 12:58:01,304 | 12 | 100 qty BUY order placed for symbol: NIFTY2491225050PE at 12:58:01
2024-09-11 12:58:01,307 | 54 | ---------------------------------------------------------------------------------
2024-09-11 12:58:01,309 | 55 | exited put leg - NIFTY2491225050CE
2024-09-11 12:58:01,309 | 56 | changed the call leg threshold to callPrice(69.6) + oneLegSL(10) = 79.6
2024-09-11 12:58:01,311 | 57 | changed the lowerBandwidth to 10.0
2024-09-11 12:59:01,826 | 60 | ---------------------------------------------------------------------------------
2024-09-11 12:59:01,827 | 61 | call price 67.75 + put price 0 = 67.75
2024-09-11 12:59:01,829 | 62 | (lower limit) set threshold(79.6) - lowerBandwidth(10.0) is 69.6
2024-09-11 12:59:01,928 | 63 | current NIFTY24SEPFUT price is 25092.95
2024-09-11 12:59:01,930 | 66 | (upper limit) threshold to new value - callPrice(67.75) + putPrice(0) + LowerBandwidth(10.0)/2 = 72.75
2024-09-11 13:01:03,866 | 60 | ---------------------------------------------------------------------------------
2024-09-11 13:01:03,867 | 61 | call price 62.35 + put price 0 = 62.35
2024-09-11 13:01:03,867 | 62 | (lower limit) set threshold(72.75) - lowerBandwidth(10.0) is 62.75
2024-09-11 13:01:03,965 | 63 | current NIFTY24SEPFUT price is 25080
2024-09-11 13:01:03,968 | 66 | (upper limit) threshold to new value - callPrice(62.35) + putPrice(0) + LowerBandwidth(10.0)/2 = 67.35
2024-09-11 13:03:01,549 | 16 | ---------------------------------------------------------------------------------
2024-09-11 13:03:01,550 | 17 | call price(70) + put price(0) = 70
2024-09-11 13:03:01,551 | 18 | current set threshold is 67.35
2024-09-11 13:03:01,643 | 19 | current NIFTY24SEPFUT price is 25095.85
2024-09-11 13:03:02,387 | 9 | ---------------------------------------------------------------------------------
2024-09-11 13:03:02,593 | 10 | current NIFTY2491225050CE price is 69.6
2024-09-11 13:03:02,594 | 12 | 100 qty BUY order placed for symbol: NIFTY2491225050CE at 13:03:02
2024-09-11 13:03:02,595 | 32 | ---------------------------------------------------------------------------------
2024-09-11 13:03:02,597 | 33 | Trading ended thank you!!!!
2024-09-11 13:03:02,709 | 8 | 
+-------------------+------------------+---------------+-------------------+----------------+-------------------+
|   tradingsymbol   | day_buy_quantity | day_buy_price | day_sell_quantity | day_sell_price |        pnl        |
+-------------------+------------------+---------------+-------------------+----------------+-------------------+
| NIFTY2491225050CE |       100        |      69.9     |        100        |     71.25      | 134.9999999999991 |
| NIFTY2491225050PE |       100        |     75.85     |        100        |    89.9875     | 1413.750000000001 |
+-------------------+------------------+---------------+-------------------+----------------+-------------------+
