2024-08-16 09:37:14,953 | 3 | logged into session
2024-08-16 09:41:03,329 | 8 | ---------------------------------------------------------------------------------
2024-08-16 09:41:03,331 | 9 | MIDCPNIFTY24AUGFUT is selected, with qty of 250 for strikes MIDCPNIFTY2481912650PE and MIDCPNIFTY2481912650CE
2024-08-16 09:41:13,040 | 5 | ---------------------------------------------------------------------------------
2024-08-16 09:41:13,056 | 6 | MIDCPNIFTY2481912650CE(69.1) + MIDCPNIFTY2481912650PE(79.9) = 149.0
2024-08-16 09:41:13,056 | 7 | current set threshold is 155.0
2024-08-16 09:41:13,181 | 8 | current MIDCPNIFTY24AUGFUT price is 12651.65
2024-08-16 09:41:20,451 | 5 | ---------------------------------------------------------------------------------
2024-08-16 09:41:20,451 | 6 | MIDCPNIFTY2481912650CE(69.75) + MIDCPNIFTY2481912650PE(78.75) = 148.5
2024-08-16 09:41:20,451 | 7 | current set threshold is 160.0
2024-08-16 09:41:20,568 | 8 | current MIDCPNIFTY24AUGFUT price is 12651.65
2024-08-16 10:00:04,387 | 11 | ---------------------------------------------------------------------------------
2024-08-16 10:00:04,399 | 12 | call price(52.8) + put price(106.7) = 159.5
2024-08-16 10:00:04,400 | 13 | current set threshold is 158.0
2024-08-16 10:00:04,503 | 14 | current MIDCPNIFTY24AUGFUT price is 12609.2
2024-08-16 10:00:05,356 | 9 | ---------------------------------------------------------------------------------
2024-08-16 10:00:05,491 | 10 | current MIDCPNIFTY2481912650PE price is 108.55
2024-08-16 10:00:05,491 | 12 | 250 qty BUY order placed for symbol: MIDCPNIFTY2481912650PE at 10:00:05
2024-08-16 10:00:05,491 | 49 | ---------------------------------------------------------------------------------
2024-08-16 10:00:05,498 | 50 | exited put leg - MIDCPNIFTY2481912650CE
2024-08-16 10:00:05,499 | 51 | changed the call leg threshold to callPrice(52.8) + oneLegSL(10) = 62.8
2024-08-16 10:00:05,501 | 52 | changed the lowerBandwidth to 10.0
2024-08-16 10:01:02,576 | 55 | ---------------------------------------------------------------------------------
2024-08-16 10:01:02,576 | 56 | call price 46 + put price 0 = 46
2024-08-16 10:01:02,576 | 57 | (lower limit) set threshold(62.8) - lowerBandwidth(10.0) is 52.8
2024-08-16 10:01:02,650 | 58 | current MIDCPNIFTY24AUGFUT price is 12581.25
2024-08-16 10:01:02,655 | 61 | (upper limit) threshold to new value - callPrice(46) + putPrice(0) + LowerBandwidth(10.0)/2 = 51.0
2024-08-16 10:05:02,305 | 11 | ---------------------------------------------------------------------------------
2024-08-16 10:05:02,320 | 12 | call price(55.5) + put price(0) = 55.5
2024-08-16 10:05:02,321 | 13 | current set threshold is 53.0
2024-08-16 10:05:02,438 | 14 | current MIDCPNIFTY24AUGFUT price is 12615
2024-08-16 10:05:03,271 | 9 | ---------------------------------------------------------------------------------
2024-08-16 10:05:03,414 | 10 | current MIDCPNIFTY2481912650CE price is 54.8
2024-08-16 10:05:03,419 | 12 | 250 qty BUY order placed for symbol: MIDCPNIFTY2481912650CE at 10:05:03
2024-08-16 10:05:03,421 | 27 | ---------------------------------------------------------------------------------
2024-08-16 10:05:03,423 | 28 | Trading ended thank you!!!!
2024-08-16 10:05:03,654 | 8 | 
+------------------------+------------------+---------------+-------------------+----------------+---------+
|     tradingsymbol      | day_buy_quantity | day_buy_price | day_sell_quantity | day_sell_price |   pnl   |
+------------------------+------------------+---------------+-------------------+----------------+---------+
| MIDCPNIFTY2481912650CE |       250        |      54.8     |        250        |     68.19      |  3347.5 |
| MIDCPNIFTY2481912650PE |       250        |     108.87    |        250        |     80.56      | -7077.5 |
+------------------------+------------------+---------------+-------------------+----------------+---------+
