2024-10-30 09:22:05,658 | 3 | logged into session
2024-10-30 09:22:24,533 | 8 | ---------------------------------------------------------------------------------
2024-10-30 09:22:24,535 | 9 | BANKNIFTY24OCTFUT is selected, with qty of 100 for strikes NIFTY24OCT24400PE and NIFTY24OCT24400CE
2024-10-30 09:22:33,867 | 5 | ---------------------------------------------------------------------------------
2024-10-30 09:22:33,867 | 6 | NIFTY24OCT24400CE(111.15) + NIFTY24OCT24400PE(88.4) = 199.55
2024-10-30 09:22:33,867 | 7 | current set threshold is 203.0
2024-10-30 09:22:34,021 | 8 | current BANKNIFTY24OCTFUT price is 52169.1
2024-10-30 09:41:08,503 | 16 | ---------------------------------------------------------------------------------
2024-10-30 09:41:08,504 | 17 | call price(126.9) + put price(78.4) = 205.3
2024-10-30 09:41:08,505 | 18 | current set threshold is 203.0
2024-10-30 09:41:08,659 | 19 | current BANKNIFTY24OCTFUT price is 51878.85
2024-10-30 09:41:09,546 | 9 | ---------------------------------------------------------------------------------
2024-10-30 09:41:09,671 | 10 | current NIFTY24OCT24400CE price is 123.95
2024-10-30 09:41:09,672 | 12 | 100 qty BUY order placed for symbol: NIFTY24OCT24400CE at 09:41:09
2024-10-30 09:41:09,674 | 44 | ---------------------------------------------------------------------------------
2024-10-30 09:41:09,676 | 45 | exited call leg - NIFTY24OCT24400CE
2024-10-30 09:41:09,677 | 46 | changed the put leg threshold to putPrice(78.4) + oneLegSL(10) = 88.4
2024-10-30 09:41:09,680 | 47 | changed the lowerBandwidth to 10.0
2024-10-30 09:46:52,209 | 12 | ---------------------------------------------------------------------------------
2024-10-30 09:46:52,210 | 13 | ##################### sudden spike in price be carefull !!! #####################
2024-10-30 09:46:52,211 | 14 | ##################### sudden spike in price be carefull !!! #####################
2024-10-30 09:46:52,213 | 15 | ##################### sudden spike in price be carefull !!! #####################
2024-10-30 09:46:52,214 | 16 | ---------------------------------------------------------------------------------
2024-10-30 09:46:52,216 | 17 | call price(0) + put price(97.5) = 97.5
2024-10-30 09:46:52,218 | 18 | current set threshold is 92.0
2024-10-30 09:46:52,327 | 19 | current BANKNIFTY24OCTFUT price is 51827.4
2024-10-30 09:46:53,106 | 9 | ---------------------------------------------------------------------------------
2024-10-30 09:46:53,224 | 10 | current NIFTY24OCT24400PE price is 97.3
2024-10-30 09:46:53,226 | 12 | 100 qty BUY order placed for symbol: NIFTY24OCT24400PE at 09:46:53
2024-10-30 09:46:53,227 | 24 | ---------------------------------------------------------------------------------
2024-10-30 09:46:53,229 | 25 | Trading ended thank you!!!!
2024-10-30 09:46:53,388 | 8 | 
+-------------------+------------------+---------------+-------------------+----------------+-------+
|   tradingsymbol   | day_buy_quantity | day_buy_price | day_sell_quantity | day_sell_price |  pnl  |
+-------------------+------------------+---------------+-------------------+----------------+-------+
| NIFTY24OCT24400CE |       100        |     124.5     |        100        |      97.8      | -2670 |
| NIFTY24OCT24400PE |       100        |      97.6     |        100        |      96.0      |  -160 |
+-------------------+------------------+---------------+-------------------+----------------+-------+
