2024-09-27 09:26:12,513 | 3 | logged into session
2024-09-27 09:32:12,078 | 8 | ---------------------------------------------------------------------------------
2024-09-27 09:32:12,081 | 9 | MIDCPNIFTY24SEPFUT is selected, with qty of 200 for strikes MIDCPNIFTY24SEP13300PE and MIDCPNIFTY24SEP13300CE
2024-09-27 09:32:33,985 | 5 | ---------------------------------------------------------------------------------
2024-09-27 09:32:33,991 | 6 | MIDCPNIFTY24SEP13300CE(77.6) + MIDCPNIFTY24SEP13300PE(67.55) = 145.14999999999998
2024-09-27 09:32:33,991 | 7 | current set threshold is 155.0
2024-09-27 09:32:34,113 | 8 | current MIDCPNIFTY24SEPFUT price is 13310.3
2024-09-27 10:21:02,603 | 16 | ---------------------------------------------------------------------------------
2024-09-27 10:21:02,603 | 17 | call price(101.3) + put price(42) = 143.3
2024-09-27 10:21:02,603 | 18 | current set threshold is 142.0
2024-09-27 10:21:02,719 | 19 | current MIDCPNIFTY24SEPFUT price is 13358.4
2024-09-27 10:21:03,484 | 9 | ---------------------------------------------------------------------------------
2024-09-27 10:21:03,609 | 10 | current MIDCPNIFTY24SEP13300CE price is 100.8
2024-09-27 10:21:03,610 | 12 | 200 qty BUY order placed for symbol: MIDCPNIFTY24SEP13300CE at 10:21:03
2024-09-27 10:21:03,613 | 44 | ---------------------------------------------------------------------------------
2024-09-27 10:21:03,615 | 45 | exited call leg - MIDCPNIFTY24SEP13300CE
2024-09-27 10:21:03,616 | 46 | changed the put leg threshold to putPrice(42.0) + oneLegSL(10) = 52.0
2024-09-27 10:21:03,617 | 47 | changed the lowerBandwidth to 10.0
2024-09-27 10:33:48,273 | 8 | 
+------------------------+------------------+---------------+-------------------+----------------+-------------------+
|     tradingsymbol      | day_buy_quantity | day_buy_price | day_sell_quantity | day_sell_price |        pnl        |
+------------------------+------------------+---------------+-------------------+----------------+-------------------+
| MIDCPNIFTY24SEP13300CE |       200        |     101.25    |        200        |      78.8      |      -4490.0      |
| MIDCPNIFTY24SEP13300PE |       200        |     40.95     |        200        |    66.8625     | 5182.499999999999 |
+------------------------+------------------+---------------+-------------------+----------------+-------------------+
