2024-08-02 09:05:52,087 | 3 | logged into session
2024-08-02 09:33:44,869 | 8 | ---------------------------------------------------------------------------------
2024-08-02 09:33:44,870 | 9 | MIDCPNIFTY24AUGFUT is selected, with qty of 250 for strikes MIDCPNIFTY2480512725PE and MIDCPNIFTY2480512725CE
2024-08-02 09:33:49,741 | 5 | ---------------------------------------------------------------------------------
2024-08-02 09:33:49,741 | 6 | MIDCPNIFTY2480512725CE(84.25) + MIDCPNIFTY2480512725PE(78.35) = 162.6
2024-08-02 09:33:49,741 | 7 | current set threshold is 320.0
2024-08-02 09:33:49,841 | 8 | current MIDCPNIFTY24AUGFUT price is 12744.85
2024-08-02 09:46:03,631 | 7 | ---------------------------------------------------------------------------------
2024-08-02 09:46:03,631 | 8 | call price(60.3) + put price(117.55) = 177.85
2024-08-02 09:46:03,631 | 9 | current set threshold is 175.0
2024-08-02 09:46:03,757 | 10 | current MIDCPNIFTY24AUGFUT price is 12684.05
2024-08-02 09:46:04,576 | 9 | ---------------------------------------------------------------------------------
2024-08-02 09:46:04,686 | 10 | current MIDCPNIFTY2480512725PE price is 115.15
2024-08-02 09:46:04,686 | 12 | 250 qty BUY order placed for symbol: MIDCPNIFTY2480512725PE at 09:46:04
2024-08-02 09:46:04,686 | 45 | ---------------------------------------------------------------------------------
2024-08-02 09:46:04,693 | 46 | exited put leg - MIDCPNIFTY2480512725CE
2024-08-02 09:46:04,693 | 47 | changed the call leg threshold to callPrice(60.3) + oneLegSL(10) = 70.3
2024-08-02 09:46:04,693 | 48 | changed the lowerBandwidth to 10.0
2024-08-02 09:47:01,226 | 51 | ---------------------------------------------------------------------------------
2024-08-02 09:47:01,226 | 52 | call price 57.3 + put price 0 = 57.3
2024-08-02 09:47:01,226 | 53 | (lower limit) set threshold(70.3) - lowerBandwidth(10.0) is 60.3
2024-08-02 09:47:01,337 | 54 | current MIDCPNIFTY24AUGFUT price is 12679.6
2024-08-02 09:47:01,337 | 57 | (upper limit) threshold to new value - callPrice(57.3) + putPrice(0) + LowerBandwidth(10.0)/2 = 62.3
2024-08-02 09:51:01,314 | 7 | ---------------------------------------------------------------------------------
2024-08-02 09:51:01,315 | 8 | call price(62.75) + put price(0) = 62.75
2024-08-02 09:51:01,315 | 9 | current set threshold is 62.3
2024-08-02 09:51:01,409 | 10 | current MIDCPNIFTY24AUGFUT price is 12686.05
2024-08-02 09:51:02,172 | 9 | ---------------------------------------------------------------------------------
2024-08-02 09:51:02,358 | 10 | current MIDCPNIFTY2480512725CE price is 60.6
2024-08-02 09:51:02,359 | 12 | 250 qty BUY order placed for symbol: MIDCPNIFTY2480512725CE at 09:51:02
2024-08-02 09:51:02,360 | 23 | ---------------------------------------------------------------------------------
2024-08-02 09:51:02,361 | 24 | Trading ended thank you!!!!
2024-08-02 09:51:02,467 | 8 | 
+------------------------+------------------+---------------+-------------------+----------------+---------+
|     tradingsymbol      | day_buy_quantity | day_buy_price | day_sell_quantity | day_sell_price |   pnl   |
+------------------------+------------------+---------------+-------------------+----------------+---------+
| MIDCPNIFTY2480512725CE |       250        |      60.6     |        250        |     81.44      |  5210.0 |
| MIDCPNIFTY2480512725PE |       250        |     115.66    |        250        |     83.25      | -8102.5 |
+------------------------+------------------+---------------+-------------------+----------------+---------+
