2024-11-14 09:21:52,755 | 3 | logged into session
2024-11-14 09:30:30,991 | 8 | ---------------------------------------------------------------------------------
2024-11-14 09:30:30,992 | 9 | NIFTY24NOVFUT is selected, with qty of 100 for strikes NIFTY24N1423600PE and NIFTY24N1423600CE
2024-11-14 09:30:45,714 | 5 | ---------------------------------------------------------------------------------
2024-11-14 09:30:45,714 | 6 | NIFTY24N1423600CE(65.25) + NIFTY24N1423600PE(90.05) = 155.3
2024-11-14 09:30:45,714 | 7 | current set threshold is 170.0
2024-11-14 09:30:45,818 | 8 | current NIFTY24NOVFUT price is 23665
2024-11-14 09:41:49,305 | 12 | ---------------------------------------------------------------------------------
2024-11-14 09:41:49,305 | 13 | ##################### sudden spike in price be carefull !!! #####################
2024-11-14 09:41:49,305 | 14 | ##################### sudden spike in price be carefull !!! #####################
2024-11-14 09:41:49,305 | 15 | ##################### sudden spike in price be carefull !!! #####################
2024-11-14 09:41:49,305 | 16 | ---------------------------------------------------------------------------------
2024-11-14 09:41:49,305 | 17 | call price(50.35) + put price(109.35) = 159.7
2024-11-14 09:41:49,305 | 18 | current set threshold is 144.0
2024-11-14 09:41:49,422 | 19 | current NIFTY24NOVFUT price is 23634.7
2024-11-14 09:41:50,287 | 9 | ---------------------------------------------------------------------------------
2024-11-14 09:41:50,354 | 10 | current NIFTY24N1423600PE price is 108.6
2024-11-14 09:41:50,354 | 12 | 100 qty BUY order placed for symbol: NIFTY24N1423600PE at 09:41:50
2024-11-14 09:41:50,354 | 54 | ---------------------------------------------------------------------------------
2024-11-14 09:41:50,354 | 55 | exited put leg - NIFTY24N1423600CE
2024-11-14 09:41:50,354 | 56 | changed the call leg threshold to callPrice(50.35) + oneLegSL(10) = 60.35
2024-11-14 09:41:50,354 | 57 | changed the lowerBandwidth to 10.0
2024-11-14 09:42:00,466 | 60 | ---------------------------------------------------------------------------------
2024-11-14 09:42:00,467 | 61 | call price 41.1 + put price 0 = 41.1
2024-11-14 09:42:00,469 | 62 | (lower limit) set threshold(60.35) - lowerBandwidth(10.0) is 50.35
2024-11-14 09:42:00,578 | 63 | current NIFTY24NOVFUT price is 23608
2024-11-14 09:42:00,582 | 66 | (upper limit) threshold to new value - callPrice(41.1) + putPrice(0) + LowerBandwidth(10.0)/2 = 46.1
2024-11-14 09:43:03,640 | 16 | ---------------------------------------------------------------------------------
2024-11-14 09:43:03,641 | 17 | call price(47.05) + put price(0) = 47.05
2024-11-14 09:43:03,642 | 18 | current set threshold is 46.1
2024-11-14 09:43:03,746 | 19 | current NIFTY24NOVFUT price is 23637.35
2024-11-14 09:43:04,509 | 9 | ---------------------------------------------------------------------------------
2024-11-14 09:43:04,697 | 10 | current NIFTY24N1423600CE price is 47.5
2024-11-14 09:43:04,698 | 12 | 100 qty BUY order placed for symbol: NIFTY24N1423600CE at 09:43:04
2024-11-14 09:43:04,700 | 32 | ---------------------------------------------------------------------------------
2024-11-14 09:43:04,701 | 33 | Trading ended thank you!!!!
2024-11-14 09:43:04,828 | 8 | 
+-------------------+------------------+---------------+-------------------+----------------+---------+
|   tradingsymbol   | day_buy_quantity | day_buy_price | day_sell_quantity | day_sell_price |   pnl   |
+-------------------+------------------+---------------+-------------------+----------------+---------+
| NIFTY24N1423600CE |       100        |     48.525    |        100        |    70.0625     | 2153.75 |
| NIFTY24N1423600PE |       100        |     108.0     |        100        |     91.35      | -1665.0 |
+-------------------+------------------+---------------+-------------------+----------------+---------+
