2024-10-14 09:42:43,651 | 3 | logged into session
2024-10-14 09:43:06,003 | 8 | ---------------------------------------------------------------------------------
2024-10-14 09:43:06,005 | 9 | NIFTY24OCTFUT is selected, with qty of 100 for strikes FINNIFTY24O1523750PE and FINNIFTY24O1523750CE
2024-10-14 09:43:07,465 | 5 | ---------------------------------------------------------------------------------
2024-10-14 09:43:07,466 | 6 | FINNIFTY24O1523750CE(77.45) + FINNIFTY24O1523750PE(97.8) = 175.25
2024-10-14 09:43:07,467 | 7 | current set threshold is 38.75
2024-10-14 09:43:07,565 | 8 | current NIFTY24OCTFUT price is 25136.25
2024-10-14 09:43:19,920 | 5 | ---------------------------------------------------------------------------------
2024-10-14 09:43:19,920 | 6 | FINNIFTY24O1523750CE(81.2) + FINNIFTY24O1523750PE(92.95) = 174.15
2024-10-14 09:43:19,920 | 7 | current set threshold is 185.0
2024-10-14 09:43:20,021 | 8 | current NIFTY24OCTFUT price is 25138.05
2024-10-14 09:44:09,463 | 16 | ---------------------------------------------------------------------------------
2024-10-14 09:44:09,463 | 17 | call price(112.25) + put price(73.85) = 186.1
2024-10-14 09:44:09,463 | 18 | current set threshold is 185.0
2024-10-14 09:44:09,646 | 19 | current NIFTY24OCTFUT price is 25174.9
2024-10-14 09:44:10,495 | 9 | ---------------------------------------------------------------------------------
2024-10-14 09:44:10,591 | 10 | current FINNIFTY24O1523750CE price is 111.55
2024-10-14 09:44:10,592 | 12 | 100 qty BUY order placed for symbol: FINNIFTY24O1523750CE at 09:44:10
2024-10-14 09:44:10,595 | 44 | ---------------------------------------------------------------------------------
2024-10-14 09:44:10,598 | 45 | exited call leg - FINNIFTY24O1523750CE
2024-10-14 09:44:10,600 | 46 | changed the put leg threshold to putPrice(73.85) + oneLegSL(10) = 83.85
2024-10-14 09:44:10,601 | 47 | changed the lowerBandwidth to 10.0
2024-10-14 09:45:03,002 | 60 | ---------------------------------------------------------------------------------
2024-10-14 09:45:03,002 | 61 | call price 0 + put price 70.8 = 70.8
2024-10-14 09:45:03,002 | 62 | (lower limit) set threshold(93.0) - lowerBandwidth(10.0) is 83.0
2024-10-14 09:45:03,101 | 63 | current NIFTY24OCTFUT price is 25192.45
2024-10-14 09:45:03,103 | 66 | (upper limit) threshold to new value - callPrice(0) + putPrice(70.8) + LowerBandwidth(10.0)/2 = 75.8
2024-10-14 09:46:06,450 | 60 | ---------------------------------------------------------------------------------
2024-10-14 09:46:06,452 | 61 | call price 0 + put price 66.65 = 66.65
2024-10-14 09:46:06,453 | 62 | (lower limit) set threshold(80.0) - lowerBandwidth(10.0) is 70.0
2024-10-14 09:46:06,575 | 63 | current NIFTY24OCTFUT price is 25219.75
2024-10-14 09:46:06,578 | 66 | (upper limit) threshold to new value - callPrice(0) + putPrice(66.65) + LowerBandwidth(10.0)/2 = 71.65
2024-10-14 09:50:02,592 | 60 | ---------------------------------------------------------------------------------
2024-10-14 09:50:02,594 | 61 | call price 0 + put price 65.7 = 65.7
2024-10-14 09:50:02,594 | 62 | (lower limit) set threshold(77.0) - lowerBandwidth(10.0) is 67.0
2024-10-14 09:50:02,694 | 63 | current NIFTY24OCTFUT price is 25216.45
2024-10-14 09:50:02,694 | 66 | (upper limit) threshold to new value - callPrice(0) + putPrice(65.7) + LowerBandwidth(10.0)/2 = 70.7
2024-10-14 09:54:45,293 | 8 | 
+----------------------+------------------+---------------+-------------------+----------------+--------------------+
|    tradingsymbol     | day_buy_quantity | day_buy_price | day_sell_quantity | day_sell_price |        pnl         |
+----------------------+------------------+---------------+-------------------+----------------+--------------------+
| FINNIFTY24O1523750CE |       100        |     112.25    |        100        |     79.975     | -3227.500000000001 |
| FINNIFTY24O1523750PE |       100        |     67.175    |        100        |    95.0625     |      2788.75       |
+----------------------+------------------+---------------+-------------------+----------------+--------------------+
