2024-11-07 08:48:18,484 | 3 | logged into session
2024-11-07 09:24:31,156 | 8 | ---------------------------------------------------------------------------------
2024-11-07 09:24:31,159 | 9 | NIFTY24NOVFUT is selected, with qty of 100 for strikes NIFTY24N0724400PE and NIFTY24N0724400PE
2024-11-07 09:24:37,732 | 5 | ---------------------------------------------------------------------------------
2024-11-07 09:24:37,732 | 6 | NIFTY24N0724400PE(81.85) + NIFTY24N0724400PE(81.85) = 163.7
2024-11-07 09:24:37,732 | 7 | current set threshold is 155.0
2024-11-07 09:24:37,922 | 8 | current NIFTY24NOVFUT price is 24510
2024-11-07 09:24:53,379 | 8 | ---------------------------------------------------------------------------------
2024-11-07 09:24:53,380 | 9 | NIFTY24NOVFUT is selected, with qty of 100 for strikes NIFTY24N0724400PE and NIFTY24N0724400CE
2024-11-07 09:24:54,865 | 5 | ---------------------------------------------------------------------------------
2024-11-07 09:24:54,865 | 6 | NIFTY24N0724400CE(70.8) + NIFTY24N0724400PE(78.7) = 149.5
2024-11-07 09:24:54,865 | 7 | current set threshold is 155.0
2024-11-07 09:24:54,965 | 8 | current NIFTY24NOVFUT price is 24512.4
2024-11-07 09:34:01,795 | 60 | ---------------------------------------------------------------------------------
2024-11-07 09:34:01,797 | 61 | call price 39.9 + put price 98.2 = 138.1
2024-11-07 09:34:01,797 | 62 | (lower limit) set threshold(160.0) - lowerBandwidth(20) is 140.0
2024-11-07 09:34:01,897 | 63 | current NIFTY24NOVFUT price is 24464.45
2024-11-07 09:34:01,899 | 66 | (upper limit) threshold to new value - callPrice(39.9) + putPrice(98.2) + LowerBandwidth(20)/2 = 148.1
2024-11-07 09:40:09,808 | 16 | ---------------------------------------------------------------------------------
2024-11-07 09:40:09,808 | 17 | call price(33.6) + put price(116.25) = 149.85
2024-11-07 09:40:09,808 | 18 | current set threshold is 148.0
2024-11-07 09:40:10,108 | 19 | current NIFTY24NOVFUT price is 24441
2024-11-07 09:40:10,807 | 9 | ---------------------------------------------------------------------------------
2024-11-07 09:40:10,901 | 10 | current NIFTY24N0724400PE price is 117.5
2024-11-07 09:40:10,901 | 12 | 100 qty BUY order placed for symbol: NIFTY24N0724400PE at 09:40:10
2024-11-07 09:40:10,901 | 54 | ---------------------------------------------------------------------------------
2024-11-07 09:40:10,901 | 55 | exited put leg - NIFTY24N0724400CE
2024-11-07 09:40:10,901 | 56 | changed the call leg threshold to callPrice(33.6) + oneLegSL(10) = 43.6
2024-11-07 09:40:10,901 | 57 | changed the lowerBandwidth to 10.0
2024-11-07 09:45:02,743 | 16 | ---------------------------------------------------------------------------------
2024-11-07 09:45:02,744 | 17 | call price(42.05) + put price(0) = 42.05
2024-11-07 09:45:02,745 | 18 | current set threshold is 42.0
2024-11-07 09:45:02,807 | 19 | current NIFTY24NOVFUT price is 24469.35
2024-11-07 09:45:03,474 | 9 | ---------------------------------------------------------------------------------
2024-11-07 09:45:03,620 | 10 | current NIFTY24N0724400CE price is 41.7
2024-11-07 09:45:03,620 | 12 | 100 qty BUY order placed for symbol: NIFTY24N0724400CE at 09:45:03
2024-11-07 09:45:03,620 | 32 | ---------------------------------------------------------------------------------
2024-11-07 09:45:03,624 | 33 | Trading ended thank you!!!!
2024-11-07 09:45:03,735 | 8 | 
+-------------------+------------------+---------------+-------------------+----------------+--------------------+
|   tradingsymbol   | day_buy_quantity | day_buy_price | day_sell_quantity | day_sell_price |        pnl         |
+-------------------+------------------+---------------+-------------------+----------------+--------------------+
| NIFTY24N0724400CE |       100        |      41.4     |        100        |      75.1      | 3369.999999999999  |
| NIFTY24N0724400PE |       100        |     117.15    |        100        |      75.1      | -4205.000000000001 |
+-------------------+------------------+---------------+-------------------+----------------+--------------------+
