2024-08-26 08:51:35,812 | 3 | logged into session
2024-08-26 10:04:57,091 | 8 | ---------------------------------------------------------------------------------
2024-08-26 10:04:57,093 | 9 | MIDCPNIFTY24AUGFUT is selected, with qty of 125 for strikes FINNIFTY24AUG23400PE and FINNIFTY24AUG23400CE
2024-08-26 10:04:59,267 | 5 | ---------------------------------------------------------------------------------
2024-08-26 10:04:59,267 | 6 | FINNIFTY24AUG23400CE(88.85) + FINNIFTY24AUG23400PE(75.4) = 164.25
2024-08-26 10:04:59,267 | 7 | current set threshold is 176.0
2024-08-26 10:04:59,398 | 8 | current MIDCPNIFTY24AUGFUT price is 13094.35
2024-08-26 10:19:04,230 | 16 | ---------------------------------------------------------------------------------
2024-08-26 10:19:04,230 | 17 | call price(118.1) + put price(57.6) = 175.7
2024-08-26 10:19:04,230 | 18 | current set threshold is 175.0
2024-08-26 10:19:04,330 | 19 | current MIDCPNIFTY24AUGFUT price is 13091.95
2024-08-26 10:19:05,053 | 9 | ---------------------------------------------------------------------------------
2024-08-26 10:19:05,152 | 10 | current FINNIFTY24AUG23400CE price is 118.45
2024-08-26 10:19:05,155 | 12 | 125 qty BUY order placed for symbol: FINNIFTY24AUG23400CE at 10:19:05
2024-08-26 10:19:05,155 | 44 | ---------------------------------------------------------------------------------
2024-08-26 10:19:05,155 | 45 | exited call leg - FINNIFTY24AUG23400CE
2024-08-26 10:19:05,155 | 46 | changed the put leg threshold to putPrice(57.6) + oneLegSL(10) = 67.6
2024-08-26 10:19:05,162 | 47 | changed the lowerBandwidth to 10.0
2024-08-26 10:20:01,742 | 60 | ---------------------------------------------------------------------------------
2024-08-26 10:20:01,742 | 61 | call price 0 + put price 57.3 = 57.3
2024-08-26 10:20:01,742 | 62 | (lower limit) set threshold(67.6) - lowerBandwidth(10.0) is 57.599999999999994
2024-08-26 10:20:01,852 | 63 | current MIDCPNIFTY24AUGFUT price is 13090.2
2024-08-26 10:20:01,852 | 66 | (upper limit) threshold to new value - callPrice(0) + putPrice(57.3) + LowerBandwidth(10.0)/2 = 62.3
2024-08-26 10:25:03,717 | 16 | ---------------------------------------------------------------------------------
2024-08-26 10:25:03,717 | 17 | call price(0) + put price(62.5) = 62.5
2024-08-26 10:25:03,717 | 18 | current set threshold is 62.3
2024-08-26 10:25:03,807 | 19 | current MIDCPNIFTY24AUGFUT price is 13086.05
2024-08-26 10:25:04,533 | 9 | ---------------------------------------------------------------------------------
2024-08-26 10:25:04,643 | 10 | current FINNIFTY24AUG23400PE price is 62.35
2024-08-26 10:25:04,643 | 12 | 125 qty BUY order placed for symbol: FINNIFTY24AUG23400PE at 10:25:04
2024-08-26 10:25:04,643 | 24 | ---------------------------------------------------------------------------------
2024-08-26 10:25:04,643 | 25 | Trading ended thank you!!!!
2024-08-26 10:25:04,739 | 8 | 
+----------------------+------------------+---------------+-------------------+----------------+---------+
|    tradingsymbol     | day_buy_quantity | day_buy_price | day_sell_quantity | day_sell_price |   pnl   |
+----------------------+------------------+---------------+-------------------+----------------+---------+
| FINNIFTY24AUG23400CE |       125        |     118.55    |        125        |     86.45      | -4012.5 |
| FINNIFTY24AUG23400PE |       125        |     62.53     |        125        |      78.6      | 2008.75 |
+----------------------+------------------+---------------+-------------------+----------------+---------+
