2024-09-02 10:22:10,973 | 3 | logged into session
2024-09-02 10:22:28,783 | 8 | ---------------------------------------------------------------------------------
2024-09-02 10:22:28,784 | 9 | MIDCPNIFTY24SEPFUT is selected, with qty of 150 for strikes NIFTY2490525300PE and NIFTY2490525300CE
2024-09-02 10:22:43,387 | 5 | ---------------------------------------------------------------------------------
2024-09-02 10:22:43,390 | 6 | NIFTY2490525300CE(106.8) + NIFTY2490525300PE(116.45) = 223.25
2024-09-02 10:22:43,392 | 7 | current set threshold is 235.0
2024-09-02 10:22:43,518 | 8 | current MIDCPNIFTY24SEPFUT price is 13219.9
2024-09-02 12:58:05,395 | 16 | ---------------------------------------------------------------------------------
2024-09-02 12:58:05,395 | 17 | call price(81.55) + put price(151.3) = 232.85000000000002
2024-09-02 12:58:05,395 | 18 | current set threshold is 232.0
2024-09-02 12:58:05,588 | 19 | current MIDCPNIFTY24SEPFUT price is 13208.8
2024-09-02 12:58:06,327 | 9 | ---------------------------------------------------------------------------------
2024-09-02 12:58:06,437 | 10 | current NIFTY2490525300PE price is 151.4
2024-09-02 12:58:06,437 | 12 | 150 qty BUY order placed for symbol: NIFTY2490525300PE at 12:58:06
2024-09-02 12:58:06,437 | 54 | ---------------------------------------------------------------------------------
2024-09-02 12:58:06,437 | 55 | exited put leg - NIFTY2490525300CE
2024-09-02 12:58:06,437 | 56 | changed the call leg threshold to callPrice(81.55) + oneLegSL(10) = 91.55
2024-09-02 12:58:06,446 | 57 | changed the lowerBandwidth to 10.0
2024-09-02 12:59:02,894 | 60 | ---------------------------------------------------------------------------------
2024-09-02 12:59:02,894 | 61 | call price 80.45 + put price 0 = 80.45
2024-09-02 12:59:02,894 | 62 | (lower limit) set threshold(91.55) - lowerBandwidth(10.0) is 81.55
2024-09-02 12:59:03,004 | 63 | current MIDCPNIFTY24SEPFUT price is 13205
2024-09-02 12:59:03,004 | 66 | (upper limit) threshold to new value - callPrice(80.45) + putPrice(0) + LowerBandwidth(10.0)/2 = 85.45
2024-09-02 13:04:02,464 | 16 | ---------------------------------------------------------------------------------
2024-09-02 13:04:02,464 | 17 | call price(85.5) + put price(0) = 85.5
2024-09-02 13:04:02,464 | 18 | current set threshold is 85.45
2024-09-02 13:04:02,574 | 19 | current MIDCPNIFTY24SEPFUT price is 13206
2024-09-02 13:04:03,470 | 9 | ---------------------------------------------------------------------------------
2024-09-02 13:04:03,572 | 10 | current NIFTY2490525300CE price is 85.5
2024-09-02 13:04:03,572 | 12 | 150 qty BUY order placed for symbol: NIFTY2490525300CE at 13:04:03
2024-09-02 13:04:03,572 | 32 | ---------------------------------------------------------------------------------
2024-09-02 13:04:03,572 | 33 | Trading ended thank you!!!!
2024-09-02 13:04:03,726 | 8 | 
+-------------------+------------------+---------------+-------------------+----------------+---------+
|   tradingsymbol   | day_buy_quantity | day_buy_price | day_sell_quantity | day_sell_price |   pnl   |
+-------------------+------------------+---------------+-------------------+----------------+---------+
| NIFTY2490525300CE |       150        |      85.5     |        150        |     110.15     |  3697.5 |
| NIFTY2490525300PE |       150        |     150.75    |        150        |     113.1      | -5647.5 |
+-------------------+------------------+---------------+-------------------+----------------+---------+
