2024-11-13 09:26:03,354 | 3 | logged into session
2024-11-13 09:29:52,703 | 8 | ---------------------------------------------------------------------------------
2024-11-13 09:29:52,705 | 9 | NIFTY24NOVFUT is selected, with qty of 100 for strikes NIFTY24N1423850PE and NIFTY24N1423850CE
2024-11-13 09:29:54,772 | 5 | ---------------------------------------------------------------------------------
2024-11-13 09:29:54,772 | 6 | NIFTY24N1423850CE(91.7) + NIFTY24N1423850PE(140.75) = 232.45
2024-11-13 09:29:54,772 | 7 | current set threshold is 230.0
2024-11-13 09:29:54,872 | 8 | current NIFTY24NOVFUT price is 23868
2024-11-13 09:31:14,371 | 5 | ---------------------------------------------------------------------------------
2024-11-13 09:31:14,372 | 6 | NIFTY24N1423850CE(107.55) + NIFTY24N1423850PE(117.75) = 225.3
2024-11-13 09:31:14,372 | 7 | current set threshold is 233.0
2024-11-13 09:31:14,470 | 8 | current NIFTY24NOVFUT price is 23905.5
2024-11-13 09:34:46,816 | 12 | ---------------------------------------------------------------------------------
2024-11-13 09:34:46,816 | 13 | ##################### sudden spike in price be carefull !!! #####################
2024-11-13 09:34:46,816 | 14 | ##################### sudden spike in price be carefull !!! #####################
2024-11-13 09:34:46,816 | 15 | ##################### sudden spike in price be carefull !!! #####################
2024-11-13 09:34:46,816 | 16 | ---------------------------------------------------------------------------------
2024-11-13 09:34:46,826 | 17 | call price(87.75) + put price(151.55) = 239.3
2024-11-13 09:34:46,826 | 18 | current set threshold is 233.0
2024-11-13 09:34:46,933 | 19 | current NIFTY24NOVFUT price is 23852.95
2024-11-13 09:34:47,648 | 9 | ---------------------------------------------------------------------------------
2024-11-13 09:34:47,756 | 10 | current NIFTY24N1423850PE price is 150.55
2024-11-13 09:34:47,758 | 12 | 100 qty BUY order placed for symbol: NIFTY24N1423850PE at 09:34:47
2024-11-13 09:34:47,761 | 54 | ---------------------------------------------------------------------------------
2024-11-13 09:34:47,764 | 55 | exited put leg - NIFTY24N1423850CE
2024-11-13 09:34:47,767 | 56 | changed the call leg threshold to callPrice(87.75) + oneLegSL(10) = 97.75
2024-11-13 09:34:47,769 | 57 | changed the lowerBandwidth to 10.0
2024-11-13 09:36:05,643 | 16 | ---------------------------------------------------------------------------------
2024-11-13 09:36:05,644 | 17 | call price(98) + put price(0) = 98
2024-11-13 09:36:05,644 | 18 | current set threshold is 97.75
2024-11-13 09:36:05,733 | 19 | current NIFTY24NOVFUT price is 23876
2024-11-13 09:36:06,592 | 9 | ---------------------------------------------------------------------------------
2024-11-13 09:36:06,708 | 10 | current NIFTY24N1423850CE price is 97.9
2024-11-13 09:36:06,709 | 12 | 100 qty BUY order placed for symbol: NIFTY24N1423850CE at 09:36:06
2024-11-13 09:36:06,710 | 32 | ---------------------------------------------------------------------------------
2024-11-13 09:36:06,711 | 33 | Trading ended thank you!!!!
2024-11-13 09:36:06,826 | 8 | 
+-------------------+------------------+---------------+-------------------+----------------+-------+
|   tradingsymbol   | day_buy_quantity | day_buy_price | day_sell_quantity | day_sell_price |  pnl  |
+-------------------+------------------+---------------+-------------------+----------------+-------+
| NIFTY24N1423850CE |       100        |     98.15     |        100        |     100.5      |  235  |
| NIFTY24N1423850PE |       100        |     150.9     |        100        |     122.8      | -2810 |
+-------------------+------------------+---------------+-------------------+----------------+-------+
