2024-08-20 09:52:29,603 | 3 | logged into session
2024-08-20 09:59:44,344 | 8 | ---------------------------------------------------------------------------------
2024-08-20 09:59:44,346 | 9 | MIDCPNIFTY24AUGFUT is selected, with qty of 125 for strikes FINNIFTY2482023100PE and FINNIFTY2482023100CE
2024-08-20 09:59:49,341 | 5 | ---------------------------------------------------------------------------------
2024-08-20 09:59:49,341 | 6 | FINNIFTY2482023100CE(46.1) + FINNIFTY2482023100PE(41.1) = 87.2
2024-08-20 09:59:49,341 | 7 | current set threshold is 37.15
2024-08-20 09:59:49,439 | 8 | current MIDCPNIFTY24AUGFUT price is 12809.45
2024-08-20 10:00:00,447 | 5 | ---------------------------------------------------------------------------------
2024-08-20 10:00:00,447 | 6 | FINNIFTY2482023100CE(45.65) + FINNIFTY2482023100PE(41.5) = 87.15
2024-08-20 10:00:00,447 | 7 | current set threshold is 97.0
2024-08-20 10:00:00,547 | 8 | current MIDCPNIFTY24AUGFUT price is 12813.85
2024-08-20 11:10:08,208 | 11 | ---------------------------------------------------------------------------------
2024-08-20 11:10:08,208 | 12 | call price(82.65) + put price(19.1) = 101.75
2024-08-20 11:10:08,208 | 13 | current set threshold is 97.0
2024-08-20 11:10:08,425 | 14 | current MIDCPNIFTY24AUGFUT price is 12804
2024-08-20 11:10:10,263 | 9 | ---------------------------------------------------------------------------------
2024-08-20 11:10:10,361 | 10 | current FINNIFTY2482023100CE price is 82.9
2024-08-20 11:10:10,362 | 12 | 125 qty BUY order placed for symbol: FINNIFTY2482023100CE at 11:10:10
2024-08-20 11:10:10,365 | 39 | ---------------------------------------------------------------------------------
2024-08-20 11:10:10,366 | 40 | exited call leg - FINNIFTY2482023100CE
2024-08-20 11:10:10,367 | 41 | changed the put leg threshold to putPrice(19.1) + oneLegSL(10) = 29.1
2024-08-20 11:10:10,370 | 42 | changed the lowerBandwidth to 10.0
2024-08-20 11:11:02,699 | 55 | ---------------------------------------------------------------------------------
2024-08-20 11:11:02,700 | 56 | call price 0 + put price 17.8 = 17.8
2024-08-20 11:11:02,701 | 57 | (lower limit) set threshold(29.1) - lowerBandwidth(10.0) is 19.1
2024-08-20 11:11:02,799 | 58 | current MIDCPNIFTY24AUGFUT price is 12807.8
2024-08-20 11:11:02,801 | 61 | (upper limit) threshold to new value - callPrice(0) + putPrice(17.8) + LowerBandwidth(10.0)/2 = 22.8
2024-08-20 11:46:01,092 | 55 | ---------------------------------------------------------------------------------
2024-08-20 11:46:01,095 | 56 | call price 0 + put price 10.75 = 10.75
2024-08-20 11:46:01,097 | 57 | (lower limit) set threshold(22.8) - lowerBandwidth(10.0) is 12.8
2024-08-20 11:46:01,188 | 58 | current MIDCPNIFTY24AUGFUT price is 12812.6
2024-08-20 11:46:01,193 | 61 | (upper limit) threshold to new value - callPrice(0) + putPrice(10.75) + LowerBandwidth(10.0)/2 = 15.75
2024-08-20 15:24:18,266 | 8 | 
+----------------------+------------------+---------------+-------------------+----------------+----------+
|    tradingsymbol     | day_buy_quantity | day_buy_price | day_sell_quantity | day_sell_price |   pnl    |
+----------------------+------------------+---------------+-------------------+----------------+----------+
| FINNIFTY2482023100PE |        0         |      0.0      |        125        |     40.95      |  5112.5  |
| FINNIFTY2482023100CE |       125        |      83.2     |        125        |     46.45      | -4593.75 |
+----------------------+------------------+---------------+-------------------+----------------+----------+
