2024-08-28 09:15:44,498 | 3 | logged into session
2024-08-28 09:39:27,192 | 8 | ---------------------------------------------------------------------------------
2024-08-28 09:39:27,195 | 9 | FINNIFTY24AUGFUT is selected, with qty of 150 for strikes NIFTY24AUG25000PE and NIFTY24AUG25000CE
2024-08-28 09:39:38,541 | 8 | ---------------------------------------------------------------------------------
2024-08-28 09:39:38,544 | 9 | NIFTY24AUGFUT is selected, with qty of 150 for strikes NIFTY24AUG25000PE and NIFTY24AUG25000CE
2024-08-28 09:39:40,579 | 5 | ---------------------------------------------------------------------------------
2024-08-28 09:39:40,581 | 6 | NIFTY24AUG25000CE(70.5) + NIFTY24AUG25000PE(80.25) = 150.75
2024-08-28 09:39:40,582 | 7 | current set threshold is 160.0
2024-08-28 09:39:40,696 | 8 | current NIFTY24AUGFUT price is 24992
2024-08-28 10:06:02,729 | 60 | ---------------------------------------------------------------------------------
2024-08-28 10:06:02,730 | 61 | call price 78.15 + put price 60.95 = 139.10000000000002
2024-08-28 10:06:02,731 | 62 | (lower limit) set threshold(160.0) - lowerBandwidth(20) is 140.0
2024-08-28 10:06:02,822 | 63 | current NIFTY24AUGFUT price is 25018
2024-08-28 10:06:02,824 | 66 | (upper limit) threshold to new value - callPrice(78.15) + putPrice(60.95) + LowerBandwidth(20)/2 = 149.10000000000002
2024-08-28 11:17:55,068 | 12 | ---------------------------------------------------------------------------------
2024-08-28 11:17:55,068 | 13 | ##################### sudden spike in price be carefull !!! #####################
2024-08-28 11:17:55,068 | 14 | ##################### sudden spike in price be carefull !!! #####################
2024-08-28 11:17:55,068 | 15 | ##################### sudden spike in price be carefull !!! #####################
2024-08-28 11:17:55,068 | 16 | ---------------------------------------------------------------------------------
2024-08-28 11:17:55,068 | 17 | call price(118.55) + put price(36.15) = 154.7
2024-08-28 11:17:55,068 | 18 | current set threshold is 149.10000000000002
2024-08-28 11:17:55,178 | 19 | current NIFTY24AUGFUT price is 25080.45
2024-08-28 11:17:55,964 | 9 | ---------------------------------------------------------------------------------
2024-08-28 11:17:56,068 | 10 | current NIFTY24AUG25000CE price is 119.6
2024-08-28 11:17:56,069 | 12 | 150 qty BUY order placed for symbol: NIFTY24AUG25000CE at 11:17:56
2024-08-28 11:17:56,072 | 44 | ---------------------------------------------------------------------------------
2024-08-28 11:17:56,072 | 45 | exited call leg - NIFTY24AUG25000CE
2024-08-28 11:17:56,073 | 46 | changed the put leg threshold to putPrice(36.15) + oneLegSL(10) = 46.15
2024-08-28 11:17:56,074 | 47 | changed the lowerBandwidth to 10.0
2024-08-28 11:18:06,173 | 60 | ---------------------------------------------------------------------------------
2024-08-28 11:18:06,174 | 61 | call price 0 + put price 36 = 36
2024-08-28 11:18:06,175 | 62 | (lower limit) set threshold(46.15) - lowerBandwidth(10.0) is 36.15
2024-08-28 11:18:06,382 | 63 | current NIFTY24AUGFUT price is 25085.7
2024-08-28 11:18:06,384 | 66 | (upper limit) threshold to new value - callPrice(0) + putPrice(36) + LowerBandwidth(10.0)/2 = 41.0
2024-08-28 11:33:01,913 | 60 | ---------------------------------------------------------------------------------
2024-08-28 11:33:01,914 | 61 | call price 0 + put price 30.1 = 30.1
2024-08-28 11:33:01,917 | 62 | (lower limit) set threshold(41.0) - lowerBandwidth(10.0) is 31.0
2024-08-28 11:33:02,054 | 63 | current NIFTY24AUGFUT price is 25119.2
2024-08-28 11:33:02,056 | 66 | (upper limit) threshold to new value - callPrice(0) + putPrice(30.1) + LowerBandwidth(10.0)/2 = 35.1
2024-08-28 12:56:00,489 | 60 | ---------------------------------------------------------------------------------
2024-08-28 12:56:00,489 | 61 | call price 0 + put price 24.8 = 24.8
2024-08-28 12:56:00,489 | 62 | (lower limit) set threshold(35.1) - lowerBandwidth(10.0) is 25.1
2024-08-28 12:56:00,589 | 63 | current NIFTY24AUGFUT price is 25126
2024-08-28 12:56:00,589 | 66 | (upper limit) threshold to new value - callPrice(0) + putPrice(24.8) + LowerBandwidth(10.0)/2 = 29.8
2024-08-28 14:16:03,268 | 60 | ---------------------------------------------------------------------------------
2024-08-28 14:16:03,268 | 61 | call price 0 + put price 19.75 = 19.75
2024-08-28 14:16:03,268 | 62 | (lower limit) set threshold(29.8) - lowerBandwidth(10.0) is 19.8
2024-08-28 14:16:03,369 | 63 | current NIFTY24AUGFUT price is 25136.3
2024-08-28 14:16:03,369 | 66 | (upper limit) threshold to new value - callPrice(0) + putPrice(19.75) + LowerBandwidth(10.0)/2 = 24.75
2024-08-28 14:39:02,960 | 16 | ---------------------------------------------------------------------------------
2024-08-28 14:39:02,960 | 17 | call price(0) + put price(26) = 26
2024-08-28 14:39:02,960 | 18 | current set threshold is 24.75
2024-08-28 14:39:03,090 | 19 | current NIFTY24AUGFUT price is 25093.7
2024-08-28 14:39:03,909 | 9 | ---------------------------------------------------------------------------------
2024-08-28 14:39:03,989 | 10 | current NIFTY24AUG25000PE price is 26
2024-08-28 14:39:03,989 | 12 | 150 qty BUY order placed for symbol: NIFTY24AUG25000PE at 14:39:03
2024-08-28 14:39:03,989 | 24 | ---------------------------------------------------------------------------------
2024-08-28 14:39:03,989 | 25 | Trading ended thank you!!!!
2024-08-28 14:39:04,118 | 8 | 
+-------------------+------------------+---------------+-------------------+----------------+---------+
|   tradingsymbol   | day_buy_quantity | day_buy_price | day_sell_quantity | day_sell_price |   pnl   |
+-------------------+------------------+---------------+-------------------+----------------+---------+
| NIFTY24AUG25000CE |       150        |     119.75    |        150        |      73.1      | -6997.5 |
| NIFTY24AUG25000PE |       150        |      26.0     |        150        |     76.45      |  7567.5 |
+-------------------+------------------+---------------+-------------------+----------------+---------+
