2024-11-12 09:26:48,625 | 3 | logged into session
2024-11-12 09:27:11,950 | 8 | ---------------------------------------------------------------------------------
2024-11-12 09:27:11,952 | 9 | BANKNIFTY24NOVFUT is selected, with qty of 45 for strikes BANKNIFTY24N1351900PE and BANKNIFTY24N1351900PE
2024-11-12 09:27:18,647 | 5 | ---------------------------------------------------------------------------------
2024-11-12 09:27:18,647 | 6 | BANKNIFTY24N1351900PE(220.55) + BANKNIFTY24N1351900PE(220.75) = 441.3
2024-11-12 09:27:18,647 | 7 | current set threshold is 520.0
2024-11-12 09:27:18,764 | 8 | current BANKNIFTY24NOVFUT price is 52139
2024-11-12 09:27:27,180 | 8 | ---------------------------------------------------------------------------------
2024-11-12 09:27:27,182 | 9 | BANKNIFTY24NOVFUT is selected, with qty of 45 for strikes BANKNIFTY24N1351900PE and BANKNIFTY24N1351900CE
2024-11-12 09:27:28,355 | 5 | ---------------------------------------------------------------------------------
2024-11-12 09:27:28,355 | 6 | BANKNIFTY24N1351900CE(263.05) + BANKNIFTY24N1351900PE(221.2) = 484.25
2024-11-12 09:27:28,355 | 7 | current set threshold is 520.0
2024-11-12 09:27:28,471 | 8 | current BANKNIFTY24NOVFUT price is 52138.95
2024-11-12 09:38:01,086 | 16 | ---------------------------------------------------------------------------------
2024-11-12 09:38:01,086 | 17 | call price(220.9) + put price(297.9) = 518.8
2024-11-12 09:38:01,086 | 18 | current set threshold is 512.0
2024-11-12 09:38:01,196 | 19 | current BANKNIFTY24NOVFUT price is 52020.3
2024-11-12 09:38:01,902 | 9 | ---------------------------------------------------------------------------------
2024-11-12 09:38:02,012 | 10 | current BANKNIFTY24N1351900PE price is 292.75
2024-11-12 09:38:02,012 | 12 | 45 qty BUY order placed for symbol: BANKNIFTY24N1351900PE at 09:38:02
2024-11-12 09:38:02,012 | 54 | ---------------------------------------------------------------------------------
2024-11-12 09:38:02,012 | 55 | exited put leg - BANKNIFTY24N1351900CE
2024-11-12 09:38:02,012 | 56 | changed the call leg threshold to callPrice(220.9) + oneLegSL(20) = 240.9
2024-11-12 09:38:02,012 | 57 | changed the lowerBandwidth to 20.0
2024-11-12 09:40:03,583 | 60 | ---------------------------------------------------------------------------------
2024-11-12 09:40:03,584 | 61 | call price 218.8 + put price 0 = 218.8
2024-11-12 09:40:03,586 | 62 | (lower limit) set threshold(240.9) - lowerBandwidth(20.0) is 220.9
2024-11-12 09:40:03,718 | 63 | current BANKNIFTY24NOVFUT price is 51999
2024-11-12 09:40:03,722 | 66 | (upper limit) threshold to new value - callPrice(218.8) + putPrice(0) + LowerBandwidth(20.0)/2 = 228.8
2024-11-12 09:54:02,006 | 16 | ---------------------------------------------------------------------------------
2024-11-12 09:54:02,007 | 17 | call price(237.4) + put price(0) = 237.4
2024-11-12 09:54:02,009 | 18 | current set threshold is 230.0
2024-11-12 09:54:02,123 | 19 | current BANKNIFTY24NOVFUT price is 52077.05
2024-11-12 09:54:02,865 | 9 | ---------------------------------------------------------------------------------
2024-11-12 09:54:02,965 | 10 | current BANKNIFTY24N1351900CE price is 236.1
2024-11-12 09:54:02,966 | 12 | 45 qty BUY order placed for symbol: BANKNIFTY24N1351900CE at 09:54:02
2024-11-12 09:54:02,967 | 32 | ---------------------------------------------------------------------------------
2024-11-12 09:54:02,969 | 33 | Trading ended thank you!!!!
2024-11-12 09:54:03,072 | 8 | 
+-----------------------+------------------+--------------------+-------------------+--------------------+---------+
|     tradingsymbol     | day_buy_quantity |   day_buy_price    | day_sell_quantity |   day_sell_price   |   pnl   |
+-----------------------+------------------+--------------------+-------------------+--------------------+---------+
| BANKNIFTY24N1351900CE |        45        |       236.9        |         45        | 258.51666666666665 |  972.75 |
| BANKNIFTY24N1351900PE |        45        | 295.18333333333334 |         45        |       231.95       | -2845.5 |
+-----------------------+------------------+--------------------+-------------------+--------------------+---------+
