2024-10-17 09:21:02,108 | 3 | logged into session
2024-10-17 09:21:18,419 | 8 | ---------------------------------------------------------------------------------
2024-10-17 09:21:18,420 | 9 | NIFTY24OCTFUT is selected, with qty of 100 for strikes NIFTY24O1724950PE and NIFTY24O1724950CE
2024-10-17 09:21:21,694 | 5 | ---------------------------------------------------------------------------------
2024-10-17 09:21:21,695 | 6 | NIFTY24O1724950CE(54.85) + NIFTY24O1724950PE(64.8) = 119.65
2024-10-17 09:21:21,696 | 7 | current set threshold is 131.0
2024-10-17 09:21:21,799 | 8 | current NIFTY24OCTFUT price is 25006.35
2024-10-17 09:33:03,967 | 60 | ---------------------------------------------------------------------------------
2024-10-17 09:33:03,968 | 61 | call price 44.5 + put price 57.55 = 102.05
2024-10-17 09:33:03,969 | 62 | (lower limit) set threshold(123.0) - lowerBandwidth(20) is 103.0
2024-10-17 09:33:04,024 | 63 | current NIFTY24OCTFUT price is 25011.45
2024-10-17 09:33:04,027 | 66 | (upper limit) threshold to new value - callPrice(44.5) + putPrice(57.55) + LowerBandwidth(20)/2 = 112.05
2024-10-17 09:34:57,215 | 12 | ---------------------------------------------------------------------------------
2024-10-17 09:34:57,216 | 13 | ##################### sudden spike in price be carefull !!! #####################
2024-10-17 09:34:57,216 | 14 | ##################### sudden spike in price be carefull !!! #####################
2024-10-17 09:34:57,217 | 15 | ##################### sudden spike in price be carefull !!! #####################
2024-10-17 09:34:57,219 | 16 | ---------------------------------------------------------------------------------
2024-10-17 09:34:57,220 | 17 | call price(32.8) + put price(85.15) = 117.95
2024-10-17 09:34:57,221 | 18 | current set threshold is 112.05
2024-10-17 09:34:57,268 | 19 | current NIFTY24OCTFUT price is 24970
2024-10-17 09:34:58,047 | 9 | ---------------------------------------------------------------------------------
2024-10-17 09:34:58,246 | 10 | current NIFTY24O1724950PE price is 84.7
2024-10-17 09:34:58,247 | 12 | 100 qty BUY order placed for symbol: NIFTY24O1724950PE at 09:34:58
2024-10-17 09:34:58,249 | 54 | ---------------------------------------------------------------------------------
2024-10-17 09:34:58,251 | 55 | exited put leg - NIFTY24O1724950CE
2024-10-17 09:34:58,252 | 56 | changed the call leg threshold to callPrice(32.8) + oneLegSL(10) = 42.8
2024-10-17 09:34:58,253 | 57 | changed the lowerBandwidth to 10.0
2024-10-17 09:35:08,364 | 60 | ---------------------------------------------------------------------------------
2024-10-17 09:35:08,365 | 61 | call price 32.75 + put price 0 = 32.75
2024-10-17 09:35:08,366 | 62 | (lower limit) set threshold(42.8) - lowerBandwidth(10.0) is 32.8
2024-10-17 09:35:08,473 | 63 | current NIFTY24OCTFUT price is 24975.5
2024-10-17 09:35:08,476 | 66 | (upper limit) threshold to new value - callPrice(32.75) + putPrice(0) + LowerBandwidth(10.0)/2 = 37.75
2024-10-17 09:39:09,495 | 60 | ---------------------------------------------------------------------------------
2024-10-17 09:39:09,496 | 61 | call price 27.6 + put price 0 = 27.6
2024-10-17 09:39:09,498 | 62 | (lower limit) set threshold(37.75) - lowerBandwidth(10.0) is 27.75
2024-10-17 09:39:09,608 | 63 | current NIFTY24OCTFUT price is 24934.7
2024-10-17 09:39:09,610 | 66 | (upper limit) threshold to new value - callPrice(27.6) + putPrice(0) + LowerBandwidth(10.0)/2 = 32.6
2024-10-17 09:44:01,718 | 60 | ---------------------------------------------------------------------------------
2024-10-17 09:44:01,719 | 61 | call price 22 + put price 0 = 22
2024-10-17 09:44:01,720 | 62 | (lower limit) set threshold(32.6) - lowerBandwidth(10.0) is 22.6
2024-10-17 09:44:01,830 | 63 | current NIFTY24OCTFUT price is 24912.95
2024-10-17 09:44:01,833 | 66 | (upper limit) threshold to new value - callPrice(22) + putPrice(0) + LowerBandwidth(10.0)/2 = 27.0
2024-10-17 09:46:08,928 | 60 | ---------------------------------------------------------------------------------
2024-10-17 09:46:08,929 | 61 | call price 16.9 + put price 0 = 16.9
2024-10-17 09:46:08,930 | 62 | (lower limit) set threshold(27.0) - lowerBandwidth(10.0) is 17.0
2024-10-17 09:46:09,036 | 63 | current NIFTY24OCTFUT price is 24884.4
2024-10-17 09:46:09,039 | 66 | (upper limit) threshold to new value - callPrice(16.9) + putPrice(0) + LowerBandwidth(10.0)/2 = 21.9
2024-10-17 10:02:23,251 | 8 | 
+-------------------+------------------+---------------+-------------------+----------------+-------+
|   tradingsymbol   | day_buy_quantity | day_buy_price | day_sell_quantity | day_sell_price |  pnl  |
+-------------------+------------------+---------------+-------------------+----------------+-------+
| NIFTY24O1724950CE |       100        |     17.35     |        100        |     59.65      |  4230 |
| NIFTY24O1724950PE |       100        |      86.0     |        100        |      62.4      | -2360 |
+-------------------+------------------+---------------+-------------------+----------------+-------+
2024-10-17 10:12:15,626 | 8 | ---------------------------------------------------------------------------------
2024-10-17 10:12:15,627 | 9 | NIFTY24OCTFUT is selected, with qty of 100 for strikes NIFTY24O1724800PE and NIFTY24O1724800CE
2024-10-17 10:12:23,443 | 5 | ---------------------------------------------------------------------------------
2024-10-17 10:12:23,443 | 6 | NIFTY24O1724800CE(59.5) + NIFTY24O1724800PE(30.8) = 90.3
2024-10-17 10:12:23,444 | 7 | current set threshold is 100.0
2024-10-17 10:12:23,550 | 8 | current NIFTY24OCTFUT price is 24890
2024-10-17 10:32:00,054 | 16 | ---------------------------------------------------------------------------------
2024-10-17 10:32:00,056 | 17 | call price(61.9) + put price(23.7) = 85.6
2024-10-17 10:32:00,059 | 18 | current set threshold is 85.0
2024-10-17 10:32:00,173 | 19 | current NIFTY24OCTFUT price is 24900.75
2024-10-17 10:32:01,025 | 9 | ---------------------------------------------------------------------------------
2024-10-17 10:32:01,129 | 10 | current NIFTY24O1724800CE price is 62.1
2024-10-17 10:32:01,131 | 12 | 100 qty BUY order placed for symbol: NIFTY24O1724800CE at 10:32:01
2024-10-17 10:32:01,133 | 44 | ---------------------------------------------------------------------------------
2024-10-17 10:32:01,134 | 45 | exited call leg - NIFTY24O1724800CE
2024-10-17 10:32:01,135 | 46 | changed the put leg threshold to putPrice(23.7) + oneLegSL(10) = 33.7
2024-10-17 10:32:01,136 | 47 | changed the lowerBandwidth to 10.0
2024-10-17 10:33:01,990 | 60 | ---------------------------------------------------------------------------------
2024-10-17 10:33:01,992 | 61 | call price 0 + put price 22.6 = 22.6
2024-10-17 10:33:01,994 | 62 | (lower limit) set threshold(33.7) - lowerBandwidth(10.0) is 23.700000000000003
2024-10-17 10:33:02,098 | 63 | current NIFTY24OCTFUT price is 24901.8
2024-10-17 10:33:02,101 | 66 | (upper limit) threshold to new value - callPrice(0) + putPrice(22.6) + LowerBandwidth(10.0)/2 = 27.6
2024-10-17 10:37:03,887 | 60 | ---------------------------------------------------------------------------------
2024-10-17 10:37:03,888 | 61 | call price 0 + put price 17.2 = 17.2
2024-10-17 10:37:03,888 | 62 | (lower limit) set threshold(27.6) - lowerBandwidth(10.0) is 17.6
2024-10-17 10:37:04,028 | 63 | current NIFTY24OCTFUT price is 24915
2024-10-17 10:37:04,030 | 66 | (upper limit) threshold to new value - callPrice(0) + putPrice(17.2) + LowerBandwidth(10.0)/2 = 22.2
2024-10-17 10:56:03,010 | 16 | ---------------------------------------------------------------------------------
2024-10-17 10:56:03,011 | 17 | call price(0) + put price(24.55) = 24.55
2024-10-17 10:56:03,012 | 18 | current set threshold is 22.2
2024-10-17 10:56:03,135 | 19 | current NIFTY24OCTFUT price is 24890.9
2024-10-17 10:56:03,908 | 9 | ---------------------------------------------------------------------------------
2024-10-17 10:56:04,014 | 10 | current NIFTY24O1724800PE price is 23.9
2024-10-17 10:56:04,015 | 12 | 100 qty BUY order placed for symbol: NIFTY24O1724800PE at 10:56:04
2024-10-17 10:56:04,016 | 24 | ---------------------------------------------------------------------------------
2024-10-17 10:56:04,018 | 25 | Trading ended thank you!!!!
2024-10-17 10:56:04,128 | 8 | 
+-------------------+------------------+---------------+-------------------+----------------+---------+
|   tradingsymbol   | day_buy_quantity | day_buy_price | day_sell_quantity | day_sell_price |   pnl   |
+-------------------+------------------+---------------+-------------------+----------------+---------+
| NIFTY24O1724800CE |       100        |      62.5     |        100        |      58.2      |  -430.0 |
| NIFTY24O1724800PE |       100        |      24.1     |        100        |     31.275     |  717.5  |
| NIFTY24O1724950CE |       100        |     17.35     |        100        |     59.65      |  4230.0 |
| NIFTY24O1724950PE |       100        |      86.0     |        100        |      62.4      | -2360.0 |
+-------------------+------------------+---------------+-------------------+----------------+---------+
2024-10-17 10:56:04,210 | 8 | 
+-------------------+------------------+---------------+-------------------+----------------+---------+
|   tradingsymbol   | day_buy_quantity | day_buy_price | day_sell_quantity | day_sell_price |   pnl   |
+-------------------+------------------+---------------+-------------------+----------------+---------+
| NIFTY24O1724800CE |       100        |      62.5     |        100        |      58.2      |  -430.0 |
| NIFTY24O1724800PE |       100        |      24.1     |        100        |     31.275     |  717.5  |
| NIFTY24O1724950CE |       100        |     17.35     |        100        |     59.65      |  4230.0 |
| NIFTY24O1724950PE |       100        |      86.0     |        100        |      62.4      | -2360.0 |
+-------------------+------------------+---------------+-------------------+----------------+---------+
