2024-09-30 09:37:07,682 | 3 | logged into session
2024-09-30 09:38:25,993 | 8 | ---------------------------------------------------------------------------------
2024-09-30 09:38:25,994 | 9 | MIDCPNIFTY24SEPFUT is selected, with qty of 100 for strikes FINNIFTY24O0124750PE and FINNIFTY24O0124750CE
2024-09-30 09:38:37,477 | 5 | ---------------------------------------------------------------------------------
2024-09-30 09:38:37,477 | 6 | FINNIFTY24O0124750CE(101.3) + FINNIFTY24O0124750PE(96.75) = 198.05
2024-09-30 09:38:37,477 | 7 | current set threshold is 203.0
2024-09-30 09:38:37,581 | 8 | current MIDCPNIFTY24SEPFUT price is 13246.95
2024-09-30 09:38:45,688 | 5 | ---------------------------------------------------------------------------------
2024-09-30 09:38:45,688 | 6 | FINNIFTY24O0124750CE(103.6) + FINNIFTY24O0124750PE(92.45) = 196.05
2024-09-30 09:38:45,688 | 7 | current set threshold is 210.0
2024-09-30 09:38:45,807 | 8 | current MIDCPNIFTY24SEPFUT price is 13246.3
2024-09-30 09:49:01,368 | 16 | ---------------------------------------------------------------------------------
2024-09-30 09:49:01,368 | 17 | call price(71.8) + put price(141.5) = 213.3
2024-09-30 09:49:01,368 | 18 | current set threshold is 210.0
2024-09-30 09:49:01,471 | 19 | current MIDCPNIFTY24SEPFUT price is 13194
2024-09-30 09:49:02,238 | 9 | ---------------------------------------------------------------------------------
2024-09-30 09:49:02,353 | 10 | current FINNIFTY24O0124750PE price is 141.4
2024-09-30 09:49:02,353 | 12 | 100 qty BUY order placed for symbol: FINNIFTY24O0124750PE at 09:49:02
2024-09-30 09:49:02,353 | 54 | ---------------------------------------------------------------------------------
2024-09-30 09:49:02,353 | 55 | exited put leg - FINNIFTY24O0124750CE
2024-09-30 09:49:02,363 | 56 | changed the call leg threshold to callPrice(71.8) + oneLegSL(10) = 81.8
2024-09-30 09:49:02,365 | 57 | changed the lowerBandwidth to 10.0
2024-09-30 09:50:03,720 | 60 | ---------------------------------------------------------------------------------
2024-09-30 09:50:03,720 | 61 | call price 68.65 + put price 0 = 68.65
2024-09-30 09:50:03,720 | 62 | (lower limit) set threshold(81.8) - lowerBandwidth(10.0) is 71.8
2024-09-30 09:50:03,836 | 63 | current MIDCPNIFTY24SEPFUT price is 13197.85
2024-09-30 09:50:03,839 | 66 | (upper limit) threshold to new value - callPrice(68.65) + putPrice(0) + LowerBandwidth(10.0)/2 = 73.65
2024-09-30 09:54:01,459 | 60 | ---------------------------------------------------------------------------------
2024-09-30 09:54:01,461 | 61 | call price 59.4 + put price 0 = 59.4
2024-09-30 09:54:01,463 | 62 | (lower limit) set threshold(70.0) - lowerBandwidth(10.0) is 60.0
2024-09-30 09:54:01,532 | 63 | current MIDCPNIFTY24SEPFUT price is 13204.2
2024-09-30 09:54:01,537 | 66 | (upper limit) threshold to new value - callPrice(59.4) + putPrice(0) + LowerBandwidth(10.0)/2 = 64.4
2024-09-30 09:56:00,469 | 16 | ---------------------------------------------------------------------------------
2024-09-30 09:56:00,470 | 17 | call price(66.85) + put price(0) = 66.85
2024-09-30 09:56:00,471 | 18 | current set threshold is 64.4
2024-09-30 09:56:00,524 | 19 | current MIDCPNIFTY24SEPFUT price is 13215
2024-09-30 09:56:01,267 | 9 | ---------------------------------------------------------------------------------
2024-09-30 09:56:01,382 | 10 | current FINNIFTY24O0124750CE price is 65.85
2024-09-30 09:56:01,383 | 12 | 100 qty BUY order placed for symbol: FINNIFTY24O0124750CE at 09:56:01
2024-09-30 09:56:01,383 | 32 | ---------------------------------------------------------------------------------
2024-09-30 09:56:01,384 | 33 | Trading ended thank you!!!!
2024-09-30 09:56:01,513 | 8 | 
+----------------------+------------------+---------------+-------------------+----------------+--------------------+
|    tradingsymbol     | day_buy_quantity | day_buy_price | day_sell_quantity | day_sell_price |        pnl         |
+----------------------+------------------+---------------+-------------------+----------------+--------------------+
| FINNIFTY24O0124750CE |       100        |     66.25     |        100        |    104.125     |       3787.5       |
| FINNIFTY24O0124750PE |       100        |     141.45    |        100        |      91.1      | -5034.999999999998 |
+----------------------+------------------+---------------+-------------------+----------------+--------------------+
