2024-11-06 09:06:09,635 | 3 | logged into session
2024-11-06 09:22:12,115 | 8 | ---------------------------------------------------------------------------------
2024-11-06 09:22:12,122 | 9 | BANKNIFTY24NOVFUT is selected, with qty of 100 for strikes NIFTY24N0724200PE and NIFTY24N0724200PE
2024-11-06 09:22:23,953 | 5 | ---------------------------------------------------------------------------------
2024-11-06 09:22:23,956 | 6 | NIFTY24N0724200PE(126.45) + NIFTY24N0724200PE(126.45) = 252.9
2024-11-06 09:22:23,958 | 7 | current set threshold is 288.0
2024-11-06 09:22:24,075 | 8 | current BANKNIFTY24NOVFUT price is 52571.4
2024-11-06 09:23:02,846 | 60 | ---------------------------------------------------------------------------------
2024-11-06 09:23:02,847 | 61 | call price 133.1 + put price 133.1 = 266.2
2024-11-06 09:23:02,853 | 62 | (lower limit) set threshold(288.0) - lowerBandwidth(20) is 268.0
2024-11-06 09:23:02,985 | 63 | current BANKNIFTY24NOVFUT price is 52541.35
2024-11-06 09:23:02,985 | 66 | (upper limit) threshold to new value - callPrice(133.1) + putPrice(133.1) + LowerBandwidth(20)/2 = 276.2
2024-11-06 09:24:01,015 | 60 | ---------------------------------------------------------------------------------
2024-11-06 09:24:01,015 | 61 | call price 121.7 + put price 121.7 = 243.4
2024-11-06 09:24:01,023 | 62 | (lower limit) set threshold(276.2) - lowerBandwidth(20) is 256.2
2024-11-06 09:24:01,106 | 63 | current BANKNIFTY24NOVFUT price is 52561.65
2024-11-06 09:24:01,113 | 66 | (upper limit) threshold to new value - callPrice(121.7) + putPrice(121.7) + LowerBandwidth(20)/2 = 253.4
2024-11-06 09:24:09,802 | 60 | ---------------------------------------------------------------------------------
2024-11-06 09:24:09,803 | 61 | call price 111.55 + put price 111.55 = 223.1
2024-11-06 09:24:09,809 | 62 | (lower limit) set threshold(253.4) - lowerBandwidth(20) is 233.4
2024-11-06 09:24:09,932 | 63 | current BANKNIFTY24NOVFUT price is 52600
2024-11-06 09:24:09,948 | 66 | (upper limit) threshold to new value - callPrice(111.55) + putPrice(111.55) + LowerBandwidth(20)/2 = 233.1
2024-11-06 09:24:58,639 | 8 | ---------------------------------------------------------------------------------
2024-11-06 09:24:58,644 | 9 | BANKNIFTY24NOVFUT is selected, with qty of 100 for strikes NIFTY24N0724200PE and NIFTY24N0724200CE
2024-11-06 09:25:00,149 | 5 | ---------------------------------------------------------------------------------
2024-11-06 09:25:00,153 | 6 | NIFTY24N0724200CE(156.6) + NIFTY24N0724200PE(104.5) = 261.1
2024-11-06 09:25:00,156 | 7 | current set threshold is 233.1
2024-11-06 09:25:00,229 | 8 | current BANKNIFTY24NOVFUT price is 52650
2024-11-06 09:25:01,732 | 12 | ---------------------------------------------------------------------------------
2024-11-06 09:25:01,735 | 13 | ##################### sudden spike in price be carefull !!! #####################
2024-11-06 09:25:01,736 | 14 | ##################### sudden spike in price be carefull !!! #####################
2024-11-06 09:25:01,738 | 15 | ##################### sudden spike in price be carefull !!! #####################
2024-11-06 09:25:01,738 | 16 | ---------------------------------------------------------------------------------
2024-11-06 09:25:01,738 | 17 | call price(153.8) + put price(105.2) = 259.0
2024-11-06 09:25:01,738 | 18 | current set threshold is 233.1
2024-11-06 09:25:01,862 | 19 | current BANKNIFTY24NOVFUT price is 52646.8
2024-11-06 09:25:02,697 | 9 | ---------------------------------------------------------------------------------
2024-11-06 09:25:02,860 | 10 | current NIFTY24N0724200CE price is 153.5
2024-11-06 09:25:02,866 | 12 | 100 qty BUY order placed for symbol: NIFTY24N0724200CE at 09:25:02
2024-11-06 09:25:02,875 | 44 | ---------------------------------------------------------------------------------
2024-11-06 09:25:02,884 | 45 | exited call leg - NIFTY24N0724200CE
2024-11-06 09:25:02,885 | 46 | changed the put leg threshold to putPrice(105.2) + oneLegSL(10) = 115.2
2024-11-06 09:25:02,890 | 47 | changed the lowerBandwidth to 10.0
2024-11-06 09:26:00,616 | 60 | ---------------------------------------------------------------------------------
2024-11-06 09:26:00,619 | 61 | call price 0 + put price 90.5 = 90.5
2024-11-06 09:26:00,619 | 62 | (lower limit) set threshold(115.2) - lowerBandwidth(10.0) is 105.2
2024-11-06 09:26:00,757 | 63 | current BANKNIFTY24NOVFUT price is 52595.55
2024-11-06 09:26:00,762 | 66 | (upper limit) threshold to new value - callPrice(0) + putPrice(90.5) + LowerBandwidth(10.0)/2 = 95.5
2024-11-06 09:27:04,512 | 60 | ---------------------------------------------------------------------------------
2024-11-06 09:27:04,513 | 61 | call price 0 + put price 84.5 = 84.5
2024-11-06 09:27:04,513 | 62 | (lower limit) set threshold(95.5) - lowerBandwidth(10.0) is 85.5
2024-11-06 09:27:04,586 | 63 | current BANKNIFTY24NOVFUT price is 52609.1
2024-11-06 09:27:04,600 | 66 | (upper limit) threshold to new value - callPrice(0) + putPrice(84.5) + LowerBandwidth(10.0)/2 = 89.5
2024-11-06 09:28:00,475 | 60 | ---------------------------------------------------------------------------------
2024-11-06 09:28:00,475 | 61 | call price 0 + put price 78.8 = 78.8
2024-11-06 09:28:00,475 | 62 | (lower limit) set threshold(89.5) - lowerBandwidth(10.0) is 79.5
2024-11-06 09:28:00,696 | 63 | current BANKNIFTY24NOVFUT price is 52585.6
2024-11-06 09:28:00,696 | 66 | (upper limit) threshold to new value - callPrice(0) + putPrice(78.8) + LowerBandwidth(10.0)/2 = 83.8
2024-11-06 09:29:08,911 | 60 | ---------------------------------------------------------------------------------
2024-11-06 09:29:08,911 | 61 | call price 0 + put price 70.35 = 70.35
2024-11-06 09:29:08,911 | 62 | (lower limit) set threshold(83.8) - lowerBandwidth(10.0) is 73.8
2024-11-06 09:29:09,062 | 63 | current BANKNIFTY24NOVFUT price is 52620.4
2024-11-06 09:29:09,071 | 66 | (upper limit) threshold to new value - callPrice(0) + putPrice(70.35) + LowerBandwidth(10.0)/2 = 75.35
2024-11-06 09:30:00,381 | 60 | ---------------------------------------------------------------------------------
2024-11-06 09:30:00,388 | 61 | call price 0 + put price 58.6 = 58.6
2024-11-06 09:30:00,388 | 62 | (lower limit) set threshold(75.35) - lowerBandwidth(10.0) is 65.35
2024-11-06 09:30:00,527 | 63 | current BANKNIFTY24NOVFUT price is 52658
2024-11-06 09:30:00,553 | 66 | (upper limit) threshold to new value - callPrice(0) + putPrice(58.6) + LowerBandwidth(10.0)/2 = 63.6
2024-11-06 09:31:00,866 | 16 | ---------------------------------------------------------------------------------
2024-11-06 09:31:00,866 | 17 | call price(0) + put price(64) = 64
2024-11-06 09:31:00,866 | 18 | current set threshold is 63.6
2024-11-06 09:31:01,016 | 19 | current BANKNIFTY24NOVFUT price is 52619.25
2024-11-06 09:31:01,761 | 9 | ---------------------------------------------------------------------------------
2024-11-06 09:31:01,918 | 10 | current NIFTY24N0724200PE price is 63.7
2024-11-06 09:31:01,918 | 12 | 100 qty BUY order placed for symbol: NIFTY24N0724200PE at 09:31:01
2024-11-06 09:31:01,918 | 24 | ---------------------------------------------------------------------------------
2024-11-06 09:31:01,918 | 25 | Trading ended thank you!!!!
2024-11-06 09:31:02,059 | 8 | 
+-------------------+------------------+---------------+-------------------+----------------+---------------------+
|   tradingsymbol   | day_buy_quantity | day_buy_price | day_sell_quantity | day_sell_price |         pnl         |
+-------------------+------------------+---------------+-------------------+----------------+---------------------+
| NIFTY24N0724200PE |       200        |     82.85     |        100        |    132.3375    |       3033.75       |
| NIFTY24N0724200CE |       100        |     156.25    |        100        |     143.95     | -1230.0000000000018 |
+-------------------+------------------+---------------+-------------------+----------------+---------------------+
2024-11-06 09:32:52,493 | 8 | ---------------------------------------------------------------------------------
2024-11-06 09:32:52,494 | 9 | BANKNIFTY24NOVFUT is selected, with qty of 100 for strikes NIFTY24N0724300PE and NIFTY24N0724300CE
2024-11-06 09:32:53,486 | 5 | ---------------------------------------------------------------------------------
2024-11-06 09:32:53,486 | 6 | NIFTY24N0724300CE(126.95) + NIFTY24N0724300PE(109.35) = 236.3
2024-11-06 09:32:53,486 | 7 | current set threshold is 63.6
2024-11-06 09:32:53,620 | 8 | current BANKNIFTY24NOVFUT price is 52634
2024-11-06 09:33:01,053 | 5 | ---------------------------------------------------------------------------------
2024-11-06 09:33:01,053 | 6 | NIFTY24N0724300CE(127.8) + NIFTY24N0724300PE(109.3) = 237.1
2024-11-06 09:33:01,053 | 7 | current set threshold is 250.0
2024-11-06 09:33:01,313 | 8 | current BANKNIFTY24NOVFUT price is 52630
2024-11-06 09:49:01,923 | 60 | ---------------------------------------------------------------------------------
2024-11-06 09:49:01,923 | 61 | call price 146.65 + put price 79.35 = 226.0
2024-11-06 09:49:01,923 | 62 | (lower limit) set threshold(247.0) - lowerBandwidth(20) is 227.0
2024-11-06 09:49:02,065 | 63 | current BANKNIFTY24NOVFUT price is 52617.2
2024-11-06 09:49:02,065 | 66 | (upper limit) threshold to new value - callPrice(146.65) + putPrice(79.35) + LowerBandwidth(20)/2 = 236.0
2024-11-06 10:07:01,636 | 16 | ---------------------------------------------------------------------------------
2024-11-06 10:07:01,638 | 17 | call price(167.25) + put price(67) = 234.25
2024-11-06 10:07:01,638 | 18 | current set threshold is 233.0
2024-11-06 10:07:01,762 | 19 | current BANKNIFTY24NOVFUT price is 52640
2024-11-06 10:07:02,534 | 9 | ---------------------------------------------------------------------------------
2024-11-06 10:07:02,591 | 10 | current NIFTY24N0724300CE price is 168.4
2024-11-06 10:07:02,592 | 12 | 100 qty BUY order placed for symbol: NIFTY24N0724300CE at 10:07:02
2024-11-06 10:07:02,595 | 44 | ---------------------------------------------------------------------------------
2024-11-06 10:07:02,597 | 45 | exited call leg - NIFTY24N0724300CE
2024-11-06 10:07:02,599 | 46 | changed the put leg threshold to putPrice(67.0) + oneLegSL(10) = 77.0
2024-11-06 10:07:02,600 | 47 | changed the lowerBandwidth to 10.0
2024-11-06 10:08:04,133 | 60 | ---------------------------------------------------------------------------------
2024-11-06 10:08:04,134 | 61 | call price 0 + put price 65.7 = 65.7
2024-11-06 10:08:04,136 | 62 | (lower limit) set threshold(77.0) - lowerBandwidth(10.0) is 67.0
2024-11-06 10:08:04,241 | 63 | current BANKNIFTY24NOVFUT price is 52646.7
2024-11-06 10:08:04,244 | 66 | (upper limit) threshold to new value - callPrice(0) + putPrice(65.7) + LowerBandwidth(10.0)/2 = 70.7
2024-11-06 10:10:01,646 | 60 | ---------------------------------------------------------------------------------
2024-11-06 10:10:01,648 | 61 | call price 0 + put price 63.3 = 63.3
2024-11-06 10:10:01,649 | 62 | (lower limit) set threshold(77.0) - lowerBandwidth(10.0) is 67.0
2024-11-06 10:10:01,754 | 63 | current BANKNIFTY24NOVFUT price is 52619.75
2024-11-06 10:10:01,757 | 66 | (upper limit) threshold to new value - callPrice(0) + putPrice(63.3) + LowerBandwidth(10.0)/2 = 68.3
2024-11-06 10:11:01,862 | 16 | ---------------------------------------------------------------------------------
2024-11-06 10:11:01,863 | 17 | call price(0) + put price(68.55) = 68.55
2024-11-06 10:11:01,865 | 18 | current set threshold is 68.3
2024-11-06 10:11:01,933 | 19 | current BANKNIFTY24NOVFUT price is 52620
2024-11-06 10:11:02,677 | 9 | ---------------------------------------------------------------------------------
2024-11-06 10:11:02,837 | 10 | current NIFTY24N0724300PE price is 69.2
2024-11-06 10:11:02,838 | 12 | 100 qty BUY order placed for symbol: NIFTY24N0724300PE at 10:11:02
2024-11-06 10:11:02,839 | 24 | ---------------------------------------------------------------------------------
2024-11-06 10:11:02,842 | 25 | Trading ended thank you!!!!
2024-11-06 10:11:02,989 | 8 | 
+-------------------+------------------+---------------+-------------------+----------------+---------------------+
|   tradingsymbol   | day_buy_quantity | day_buy_price | day_sell_quantity | day_sell_price |         pnl         |
+-------------------+------------------+---------------+-------------------+----------------+---------------------+
| NIFTY24N0724200CE |       100        |     156.25    |        100        |     143.95     | -1230.0000000000018 |
| NIFTY24N0724200PE |       200        |     82.85     |        200        |    97.09375    |       2848.75       |
| NIFTY24N0724300CE |       100        |     167.4     |        100        |     125.4      |       -4200.0       |
| NIFTY24N0724300PE |       100        |      69.6     |        100        |     110.55     |  4095.000000000001  |
+-------------------+------------------+---------------+-------------------+----------------+---------------------+
