2024-08-21 09:46:54,297 | 3 | logged into session
2024-08-21 09:48:47,077 | 8 | ---------------------------------------------------------------------------------
2024-08-21 09:48:47,081 | 9 | NIFTY24AUGFUT is selected, with qty of 150 for strikes NIFTY2482224700PE and NIFTY2482224700CE
2024-08-21 09:48:49,276 | 5 | ---------------------------------------------------------------------------------
2024-08-21 09:48:49,276 | 6 | NIFTY2482224700CE(86.9) + NIFTY2482224700PE(72.5) = 159.4
2024-08-21 09:48:49,276 | 7 | current set threshold is 170.0
2024-08-21 09:48:49,476 | 8 | current NIFTY24AUGFUT price is 24730.35
2024-08-21 10:38:07,410 | 55 | ---------------------------------------------------------------------------------
2024-08-21 10:38:07,410 | 56 | call price 85.8 + put price 63.6 = 149.4
2024-08-21 10:38:07,410 | 57 | (lower limit) set threshold(170.0) - lowerBandwidth(20) is 150.0
2024-08-21 10:38:07,620 | 58 | current NIFTY24AUGFUT price is 24747.4
2024-08-21 10:38:07,620 | 61 | (upper limit) threshold to new value - callPrice(85.8) + putPrice(63.6) + LowerBandwidth(20)/2 = 159.4
2024-08-21 14:39:03,481 | 55 | ---------------------------------------------------------------------------------
2024-08-21 14:39:03,481 | 56 | call price 72.6 + put price 51.9 = 124.5
2024-08-21 14:39:03,481 | 57 | (lower limit) set threshold(145.0) - lowerBandwidth(20) is 125.0
2024-08-21 14:39:03,592 | 58 | current NIFTY24AUGFUT price is 24752
2024-08-21 14:39:03,592 | 61 | (upper limit) threshold to new value - callPrice(72.6) + putPrice(51.9) + LowerBandwidth(20)/2 = 134.5
2024-08-21 15:02:04,989 | 11 | ---------------------------------------------------------------------------------
2024-08-21 15:02:04,989 | 12 | call price(106.05) + put price(30.15) = 136.2
2024-08-21 15:02:04,991 | 13 | current set threshold is 134.5
2024-08-21 15:02:05,083 | 14 | current NIFTY24AUGFUT price is 24802.75
2024-08-21 15:02:05,796 | 9 | ---------------------------------------------------------------------------------
2024-08-21 15:02:05,896 | 10 | current NIFTY2482224700CE price is 106.45
2024-08-21 15:02:05,896 | 12 | 150 qty BUY order placed for symbol: NIFTY2482224700CE at 15:02:05
2024-08-21 15:02:05,896 | 39 | ---------------------------------------------------------------------------------
2024-08-21 15:02:05,896 | 40 | exited call leg - NIFTY2482224700CE
2024-08-21 15:02:05,896 | 41 | changed the put leg threshold to putPrice(30.15) + oneLegSL(10) = 40.15
2024-08-21 15:02:05,906 | 42 | changed the lowerBandwidth to 10.0
2024-08-21 15:06:04,199 | 55 | ---------------------------------------------------------------------------------
2024-08-21 15:06:04,199 | 56 | call price 0 + put price 30.05 = 30.05
2024-08-21 15:06:04,199 | 57 | (lower limit) set threshold(40.15) - lowerBandwidth(10.0) is 30.15
2024-08-21 15:06:04,299 | 58 | current NIFTY24AUGFUT price is 24798.75
2024-08-21 15:06:04,299 | 61 | (upper limit) threshold to new value - callPrice(0) + putPrice(30.05) + LowerBandwidth(10.0)/2 = 35.05
2024-08-21 15:14:29,979 | 8 | 
+-------------------+------------------+---------------+-------------------+----------------+---------+
|   tradingsymbol   | day_buy_quantity | day_buy_price | day_sell_quantity | day_sell_price |   pnl   |
+-------------------+------------------+---------------+-------------------+----------------+---------+
| NIFTY2482224700CE |       150        |     105.85    |        150        |     89.05      | -2520.0 |
| NIFTY2482224700PE |       150        |      32.2     |        150        |     70.05      |  5677.5 |
+-------------------+------------------+---------------+-------------------+----------------+---------+
