2024-09-26 09:24:27,526 | 3 | logged into session
2024-09-26 09:25:16,176 | 8 | ---------------------------------------------------------------------------------
2024-09-26 09:25:16,179 | 9 | NIFTY24SEPFUT is selected, with qty of 100 for strikes NIFTY24SEP26050PE and NIFTY24SEP26050CE
2024-09-26 09:25:22,598 | 5 | ---------------------------------------------------------------------------------
2024-09-26 09:25:22,598 | 6 | NIFTY24SEP26050CE(60.8) + NIFTY24SEP26050PE(60.9) = 121.69999999999999
2024-09-26 09:25:22,598 | 7 | current set threshold is 120.0
2024-09-26 09:25:22,729 | 8 | current NIFTY24SEPFUT price is 26050
2024-09-26 09:25:36,150 | 5 | ---------------------------------------------------------------------------------
2024-09-26 09:25:36,154 | 6 | NIFTY24SEP26050CE(59.5) + NIFTY24SEP26050PE(62) = 121.5
2024-09-26 09:25:36,154 | 7 | current set threshold is 135.0
2024-09-26 09:25:36,205 | 8 | current NIFTY24SEPFUT price is 26050.85
2024-09-26 09:34:03,720 | 16 | ---------------------------------------------------------------------------------
2024-09-26 09:34:03,721 | 17 | call price(62.45) + put price(70.45) = 132.9
2024-09-26 09:34:03,721 | 18 | current set threshold is 132.0
2024-09-26 09:34:03,924 | 19 | current NIFTY24SEPFUT price is 26046.4
2024-09-26 09:34:04,669 | 9 | ---------------------------------------------------------------------------------
2024-09-26 09:34:04,776 | 10 | current NIFTY24SEP26050PE price is 71.3
2024-09-26 09:34:04,778 | 12 | 100 qty BUY order placed for symbol: NIFTY24SEP26050PE at 09:34:04
2024-09-26 09:34:04,782 | 54 | ---------------------------------------------------------------------------------
2024-09-26 09:34:04,785 | 55 | exited put leg - NIFTY24SEP26050CE
2024-09-26 09:34:04,787 | 56 | changed the call leg threshold to callPrice(62.45) + oneLegSL(10) = 72.45
2024-09-26 09:34:04,788 | 57 | changed the lowerBandwidth to 10.0
2024-09-26 09:35:01,749 | 60 | ---------------------------------------------------------------------------------
2024-09-26 09:35:01,750 | 61 | call price 61.85 + put price 0 = 61.85
2024-09-26 09:35:01,751 | 62 | (lower limit) set threshold(72.45) - lowerBandwidth(10.0) is 62.45
2024-09-26 09:35:01,861 | 63 | current NIFTY24SEPFUT price is 26041.9
2024-09-26 09:35:01,863 | 66 | (upper limit) threshold to new value - callPrice(61.85) + putPrice(0) + LowerBandwidth(10.0)/2 = 66.85
2024-09-26 09:40:02,853 | 16 | ---------------------------------------------------------------------------------
2024-09-26 09:40:02,854 | 17 | call price(64.85) + put price(0) = 64.85
2024-09-26 09:40:02,855 | 18 | current set threshold is 64.0
2024-09-26 09:40:02,923 | 19 | current NIFTY24SEPFUT price is 26061
2024-09-26 09:40:03,665 | 9 | ---------------------------------------------------------------------------------
2024-09-26 09:40:03,769 | 10 | current NIFTY24SEP26050CE price is 65
2024-09-26 09:40:03,770 | 12 | 100 qty BUY order placed for symbol: NIFTY24SEP26050CE at 09:40:03
2024-09-26 09:40:03,771 | 32 | ---------------------------------------------------------------------------------
2024-09-26 09:40:03,773 | 33 | Trading ended thank you!!!!
2024-09-26 09:40:03,887 | 8 | 
+-------------------+------------------+---------------+-------------------+----------------+--------------------+
|   tradingsymbol   | day_buy_quantity | day_buy_price | day_sell_quantity | day_sell_price |        pnl         |
+-------------------+------------------+---------------+-------------------+----------------+--------------------+
| NIFTY24SEP26050CE |       100        |      64.9     |        100        |    63.3125     | -158.7500000000009 |
| NIFTY24SEP26050PE |       100        |      71.1     |        100        |     59.05      | -1204.999999999999 |
+-------------------+------------------+---------------+-------------------+----------------+--------------------+
