2024-09-24 09:32:33,036 | 3 | logged into session
2024-09-24 09:39:10,730 | 8 | ---------------------------------------------------------------------------------
2024-09-24 09:39:10,731 | 9 | BANKNIFTY24SEPFUT is selected, with qty of 60 for strikes BANKNIFTY24SEP54100PE and BANKNIFTY24SEP54100CE
2024-09-24 09:39:14,425 | 5 | ---------------------------------------------------------------------------------
2024-09-24 09:39:14,425 | 6 | BANKNIFTY24SEP54100CE(238.8) + BANKNIFTY24SEP54100PE(241.15) = 479.95000000000005
2024-09-24 09:39:14,425 | 7 | current set threshold is 62.0
2024-09-24 09:39:14,555 | 8 | current BANKNIFTY24SEPFUT price is 54092.2
2024-09-24 09:39:24,213 | 5 | ---------------------------------------------------------------------------------
2024-09-24 09:39:24,213 | 6 | BANKNIFTY24SEP54100CE(241.85) + BANKNIFTY24SEP54100PE(239.2) = 481.04999999999995
2024-09-24 09:39:24,213 | 7 | current set threshold is 500.0
2024-09-24 09:39:24,270 | 8 | current BANKNIFTY24SEPFUT price is 54097.65
2024-09-24 09:44:02,612 | 16 | ---------------------------------------------------------------------------------
2024-09-24 09:44:02,613 | 17 | call price(272) + put price(223.9) = 495.9
2024-09-24 09:44:02,613 | 18 | current set threshold is 495.0
2024-09-24 09:44:02,716 | 19 | current BANKNIFTY24SEPFUT price is 54144.55
2024-09-24 09:44:03,479 | 9 | ---------------------------------------------------------------------------------
2024-09-24 09:44:03,537 | 10 | current BANKNIFTY24SEP54100CE price is 275.75
2024-09-24 09:44:03,538 | 12 | 60 qty BUY order placed for symbol: BANKNIFTY24SEP54100CE at 09:44:03
2024-09-24 09:44:03,541 | 44 | ---------------------------------------------------------------------------------
2024-09-24 09:44:03,543 | 45 | exited call leg - BANKNIFTY24SEP54100CE
2024-09-24 09:44:03,544 | 46 | changed the put leg threshold to putPrice(223.9) + oneLegSL(20) = 243.9
2024-09-24 09:44:03,545 | 47 | changed the lowerBandwidth to 20.0
2024-09-24 09:45:03,946 | 60 | ---------------------------------------------------------------------------------
2024-09-24 09:45:03,946 | 61 | call price 0 + put price 223.85 = 223.85
2024-09-24 09:45:03,946 | 62 | (lower limit) set threshold(243.9) - lowerBandwidth(20.0) is 223.9
2024-09-24 09:45:04,061 | 63 | current BANKNIFTY24SEPFUT price is 54138.05
2024-09-24 09:45:04,061 | 66 | (upper limit) threshold to new value - callPrice(0) + putPrice(223.85) + LowerBandwidth(20.0)/2 = 233.85
2024-09-24 09:48:00,814 | 60 | ---------------------------------------------------------------------------------
2024-09-24 09:48:00,814 | 61 | call price 0 + put price 213.35 = 213.35
2024-09-24 09:48:00,814 | 62 | (lower limit) set threshold(233.85) - lowerBandwidth(20.0) is 213.85
2024-09-24 09:48:00,924 | 63 | current BANKNIFTY24SEPFUT price is 54150.4
2024-09-24 09:48:00,924 | 66 | (upper limit) threshold to new value - callPrice(0) + putPrice(213.35) + LowerBandwidth(20.0)/2 = 223.35
2024-09-24 09:50:06,922 | 16 | ---------------------------------------------------------------------------------
2024-09-24 09:50:06,922 | 17 | call price(0) + put price(225.3) = 225.3
2024-09-24 09:50:06,923 | 18 | current set threshold is 223.35
2024-09-24 09:50:07,060 | 19 | current BANKNIFTY24SEPFUT price is 54125
2024-09-24 09:50:07,815 | 9 | ---------------------------------------------------------------------------------
2024-09-24 09:50:07,927 | 10 | current BANKNIFTY24SEP54100PE price is 225.05
2024-09-24 09:50:07,928 | 12 | 60 qty BUY order placed for symbol: BANKNIFTY24SEP54100PE at 09:50:07
2024-09-24 09:50:07,929 | 24 | ---------------------------------------------------------------------------------
2024-09-24 09:50:07,931 | 25 | Trading ended thank you!!!!
2024-09-24 09:50:08,032 | 8 | 
+-----------------------+------------------+---------------+-------------------+----------------+-------+
|     tradingsymbol     | day_buy_quantity | day_buy_price | day_sell_quantity | day_sell_price |  pnl  |
+-----------------------+------------------+---------------+-------------------+----------------+-------+
| BANKNIFTY24SEP54100CE |        60        |     273.4     |         60        |     243.55     | -1791 |
| BANKNIFTY24SEP54100PE |        60        |     226.1     |         60        |     238.35     |  735  |
+-----------------------+------------------+---------------+-------------------+----------------+-------+
