2024-10-03 09:14:02,176 | 3 | logged into session
2024-10-03 09:36:01,338 | 8 | ---------------------------------------------------------------------------------
2024-10-03 09:36:01,340 | 9 | NIFTY24OCTFUT is selected, with qty of 100 for strikes NIFTY24O0325600PE and NIFTY24O0325600CE
2024-10-03 09:36:10,365 | 5 | ---------------------------------------------------------------------------------
2024-10-03 09:36:10,365 | 6 | NIFTY24O0325600CE(106) + NIFTY24O0325600PE(68.8) = 174.8
2024-10-03 09:36:10,365 | 7 | current set threshold is 173.0
2024-10-03 09:36:10,472 | 8 | current NIFTY24OCTFUT price is 25807.05
2024-10-03 09:36:56,899 | 5 | ---------------------------------------------------------------------------------
2024-10-03 09:36:56,899 | 6 | NIFTY24O0325600CE(116.2) + NIFTY24O0325600PE(69.5) = 185.7
2024-10-03 09:36:56,899 | 7 | current set threshold is 178.0
2024-10-03 09:36:56,998 | 8 | current NIFTY24OCTFUT price is 25811.75
2024-10-03 09:44:04,457 | 5 | ---------------------------------------------------------------------------------
2024-10-03 09:44:04,464 | 6 | NIFTY24O0325600CE(107.55) + NIFTY24O0325600PE(71.05) = 178.6
2024-10-03 09:44:04,464 | 7 | current set threshold is 178.0
2024-10-03 09:44:04,573 | 8 | current NIFTY24OCTFUT price is 25806.1
2024-10-03 09:53:23,706 | 5 | ---------------------------------------------------------------------------------
2024-10-03 09:53:23,707 | 6 | NIFTY24O0325600CE(82) + NIFTY24O0325600PE(60.4) = 142.4
2024-10-03 09:53:23,708 | 7 | current set threshold is 178.0
2024-10-03 09:53:23,812 | 8 | current NIFTY24OCTFUT price is 25792
2024-10-03 09:53:33,836 | 5 | ---------------------------------------------------------------------------------
2024-10-03 09:53:33,837 | 6 | NIFTY24O0325600CE(85.05) + NIFTY24O0325600PE(58.15) = 143.2
2024-10-03 09:53:33,838 | 7 | current set threshold is 152.0
2024-10-03 09:53:33,947 | 8 | current NIFTY24OCTFUT price is 25794.3
2024-10-03 10:01:06,212 | 62 | ---------------------------------------------------------------------------------
2024-10-03 10:01:06,213 | 63 | call price 44 + put price 85.85 = 129.85
2024-10-03 10:01:06,214 | 64 | (lower limit) set threshold(150.0) - lowerBandwidth(20) is 130.0
2024-10-03 10:01:06,263 | 65 | current NIFTY24OCTFUT price is 25730.75
2024-10-03 10:01:06,267 | 68 | (upper limit) threshold to new value - callPrice(44) + putPrice(85.85) + LowerBandwidth(20)/2 = 139.85
2024-10-03 10:11:03,083 | 18 | ---------------------------------------------------------------------------------
2024-10-03 10:11:03,085 | 19 | call price(37.25) + put price(106.55) = 143.8
2024-10-03 10:11:03,086 | 20 | current set threshold is 139.85
2024-10-03 10:11:03,189 | 21 | current NIFTY24OCTFUT price is 25711.9
2024-10-03 10:11:03,969 | 9 | ---------------------------------------------------------------------------------
2024-10-03 10:11:04,076 | 10 | current NIFTY24O0325600PE price is 102.85
2024-10-03 10:11:04,077 | 12 | 100 qty BUY order placed for symbol: NIFTY24O0325600PE at 10:11:04
2024-10-03 10:11:04,079 | 56 | ---------------------------------------------------------------------------------
2024-10-03 10:11:04,081 | 57 | exited put leg - NIFTY24O0325600CE
2024-10-03 10:11:04,081 | 58 | changed the call leg threshold to callPrice(37.25) + oneLegSL(10) = 47.25
2024-10-03 10:11:04,083 | 59 | changed the lowerBandwidth to 10.0
2024-10-03 10:12:00,528 | 62 | ---------------------------------------------------------------------------------
2024-10-03 10:12:00,529 | 63 | call price 35.2 + put price 0 = 35.2
2024-10-03 10:12:00,530 | 64 | (lower limit) set threshold(47.25) - lowerBandwidth(10.0) is 37.25
2024-10-03 10:12:00,639 | 65 | current NIFTY24OCTFUT price is 25703.1
2024-10-03 10:12:00,642 | 68 | (upper limit) threshold to new value - callPrice(35.2) + putPrice(0) + LowerBandwidth(10.0)/2 = 40.2
2024-10-03 10:17:00,235 | 62 | ---------------------------------------------------------------------------------
2024-10-03 10:17:00,235 | 63 | call price 29 + put price 0 = 29
2024-10-03 10:17:00,236 | 64 | (lower limit) set threshold(40.2) - lowerBandwidth(10.0) is 30.200000000000003
2024-10-03 10:17:00,343 | 65 | current NIFTY24OCTFUT price is 25686.1
2024-10-03 10:17:00,345 | 68 | (upper limit) threshold to new value - callPrice(29) + putPrice(0) + LowerBandwidth(10.0)/2 = 34.0
2024-10-03 10:23:04,009 | 18 | ---------------------------------------------------------------------------------
2024-10-03 10:23:04,009 | 19 | call price(35.35) + put price(0) = 35.35
2024-10-03 10:23:04,010 | 20 | current set threshold is 34.0
2024-10-03 10:23:04,100 | 21 | current NIFTY24OCTFUT price is 25719
2024-10-03 10:23:04,876 | 9 | ---------------------------------------------------------------------------------
2024-10-03 10:23:04,925 | 10 | current NIFTY24O0325600CE price is 35.8
2024-10-03 10:23:04,926 | 12 | 100 qty BUY order placed for symbol: NIFTY24O0325600CE at 10:23:04
2024-10-03 10:23:04,927 | 34 | ---------------------------------------------------------------------------------
2024-10-03 10:23:04,928 | 35 | Trading ended thank you!!!!
2024-10-03 10:23:05,038 | 8 | 
+-------------------+------------------+---------------+-------------------+----------------+--------------------+
|   tradingsymbol   | day_buy_quantity | day_buy_price | day_sell_quantity | day_sell_price |        pnl         |
+-------------------+------------------+---------------+-------------------+----------------+--------------------+
| NIFTY24O0325600CE |       100        |      35.6     |        100        |     89.55      |       5395.0       |
| NIFTY24O0325600PE |       100        |     103.95    |        100        |     78.275     | -2567.499999999999 |
+-------------------+------------------+---------------+-------------------+----------------+--------------------+
