2024-08-23 09:25:22,243 | 3 | logged into session
2024-08-23 09:27:15,877 | 8 | ---------------------------------------------------------------------------------
2024-08-23 09:27:15,879 | 9 | MIDCPNIFTY24AUGFUT is selected, with qty of 250 for strikes MIDCPNIFTY24AUG13075PE and MIDCPNIFTY24AUG13075CE
2024-08-23 09:27:25,113 | 5 | ---------------------------------------------------------------------------------
2024-08-23 09:27:25,113 | 6 | MIDCPNIFTY24AUG13075CE(77.25) + MIDCPNIFTY24AUG13075PE(71.95) = 149.2
2024-08-23 09:27:25,113 | 7 | current set threshold is 160.0
2024-08-23 09:27:25,213 | 8 | current MIDCPNIFTY24AUGFUT price is 13079.6
2024-08-23 09:33:16,562 | 11 | ---------------------------------------------------------------------------------
2024-08-23 09:33:16,562 | 12 | call price(43.4) + put price(125) = 168.4
2024-08-23 09:33:16,562 | 13 | current set threshold is 160.0
2024-08-23 09:33:16,655 | 14 | current MIDCPNIFTY24AUGFUT price is 12994.55
2024-08-23 09:33:17,441 | 9 | ---------------------------------------------------------------------------------
2024-08-23 09:33:17,551 | 10 | current MIDCPNIFTY24AUG13075PE price is 125.2
2024-08-23 09:33:17,551 | 12 | 250 qty BUY order placed for symbol: MIDCPNIFTY24AUG13075PE at 09:33:17
2024-08-23 09:33:17,557 | 49 | ---------------------------------------------------------------------------------
2024-08-23 09:33:17,557 | 50 | exited put leg - MIDCPNIFTY24AUG13075CE
2024-08-23 09:33:17,557 | 51 | changed the call leg threshold to callPrice(43.4) + oneLegSL(10) = 53.4
2024-08-23 09:33:17,557 | 52 | changed the lowerBandwidth to 10.0
2024-08-23 09:34:05,932 | 55 | ---------------------------------------------------------------------------------
2024-08-23 09:34:05,932 | 56 | call price 42.7 + put price 0 = 42.7
2024-08-23 09:34:05,933 | 57 | (lower limit) set threshold(53.4) - lowerBandwidth(10.0) is 43.4
2024-08-23 09:34:06,032 | 58 | current MIDCPNIFTY24AUGFUT price is 12995.4
2024-08-23 09:34:06,032 | 61 | (upper limit) threshold to new value - callPrice(42.7) + putPrice(0) + LowerBandwidth(10.0)/2 = 47.7
2024-08-23 09:37:07,433 | 55 | ---------------------------------------------------------------------------------
2024-08-23 09:37:07,433 | 56 | call price 37.1 + put price 0 = 37.1
2024-08-23 09:37:07,433 | 57 | (lower limit) set threshold(47.7) - lowerBandwidth(10.0) is 37.7
2024-08-23 09:37:07,533 | 58 | current MIDCPNIFTY24AUGFUT price is 12973.25
2024-08-23 09:37:07,533 | 61 | (upper limit) threshold to new value - callPrice(37.1) + putPrice(0) + LowerBandwidth(10.0)/2 = 42.1
2024-08-23 09:38:02,204 | 55 | ---------------------------------------------------------------------------------
2024-08-23 09:38:02,204 | 56 | call price 31.8 + put price 0 = 31.8
2024-08-23 09:38:02,204 | 57 | (lower limit) set threshold(42.1) - lowerBandwidth(10.0) is 32.1
2024-08-23 09:38:02,404 | 58 | current MIDCPNIFTY24AUGFUT price is 12950
2024-08-23 09:38:02,404 | 61 | (upper limit) threshold to new value - callPrice(31.8) + putPrice(0) + LowerBandwidth(10.0)/2 = 36.8
2024-08-23 09:53:02,401 | 11 | ---------------------------------------------------------------------------------
2024-08-23 09:53:02,401 | 12 | call price(37.3) + put price(0) = 37.3
2024-08-23 09:53:02,401 | 13 | current set threshold is 37.0
2024-08-23 09:53:02,505 | 14 | current MIDCPNIFTY24AUGFUT price is 12986
2024-08-23 09:53:03,255 | 9 | ---------------------------------------------------------------------------------
2024-08-23 09:53:03,355 | 10 | current MIDCPNIFTY24AUG13075CE price is 37
2024-08-23 09:53:03,355 | 12 | 250 qty BUY order placed for symbol: MIDCPNIFTY24AUG13075CE at 09:53:03
2024-08-23 09:53:03,355 | 27 | ---------------------------------------------------------------------------------
2024-08-23 09:53:03,355 | 28 | Trading ended thank you!!!!
2024-08-23 09:53:03,473 | 8 | 
+------------------------+------------------+---------------+-------------------+----------------+----------+
|     tradingsymbol      | day_buy_quantity | day_buy_price | day_sell_quantity | day_sell_price |   pnl    |
+------------------------+------------------+---------------+-------------------+----------------+----------+
| MIDCPNIFTY24AUG13075CE |       250        |     37.25     |        250        |     77.18      |  9982.5  |
| MIDCPNIFTY24AUG13075PE |       250        |     125.12    |        250        |      70.9      | -13555.0 |
+------------------------+------------------+---------------+-------------------+----------------+----------+
