2024-08-29 09:45:25,886 | 3 | logged into session
2024-08-29 09:45:39,377 | 8 | ---------------------------------------------------------------------------------
2024-08-29 09:45:39,379 | 9 | NIFTY24AUGFUT is selected, with qty of 150 for strikes NIFTY24AUG25050PE and NIFTY24AUG25050CE
2024-08-29 09:45:50,415 | 5 | ---------------------------------------------------------------------------------
2024-08-29 09:45:50,418 | 6 | NIFTY24AUG25050CE(65.35) + NIFTY24AUG25050PE(40.1) = 105.44999999999999
2024-08-29 09:45:50,419 | 7 | current set threshold is 110.0
2024-08-29 09:45:50,487 | 8 | current NIFTY24AUGFUT price is 25078.45
2024-08-29 09:45:59,380 | 5 | ---------------------------------------------------------------------------------
2024-08-29 09:45:59,380 | 6 | NIFTY24AUG25050CE(64.7) + NIFTY24AUG25050PE(40.5) = 105.2
2024-08-29 09:45:59,396 | 7 | current set threshold is 115.0
2024-08-29 09:45:59,512 | 8 | current NIFTY24AUGFUT price is 25077.35
2024-08-29 09:51:02,199 | 16 | ---------------------------------------------------------------------------------
2024-08-29 09:51:02,201 | 17 | call price(88.7) + put price(29.25) = 117.95
2024-08-29 09:51:02,203 | 18 | current set threshold is 115.0
2024-08-29 09:51:02,360 | 19 | current NIFTY24AUGFUT price is 25107.4
2024-08-29 09:51:03,210 | 9 | ---------------------------------------------------------------------------------
2024-08-29 09:51:03,565 | 10 | current NIFTY24AUG25050CE price is 87.6
2024-08-29 09:51:03,566 | 12 | 150 qty BUY order placed for symbol: NIFTY24AUG25050CE at 09:51:03
2024-08-29 09:51:03,569 | 44 | ---------------------------------------------------------------------------------
2024-08-29 09:51:03,570 | 45 | exited call leg - NIFTY24AUG25050CE
2024-08-29 09:51:03,571 | 46 | changed the put leg threshold to putPrice(29.25) + oneLegSL(10) = 39.25
2024-08-29 09:51:03,572 | 47 | changed the lowerBandwidth to 10.0
2024-08-29 09:54:01,643 | 60 | ---------------------------------------------------------------------------------
2024-08-29 09:54:01,643 | 61 | call price 0 + put price 27 = 27
2024-08-29 09:54:01,643 | 62 | (lower limit) set threshold(39.25) - lowerBandwidth(10.0) is 29.25
2024-08-29 09:54:01,772 | 63 | current NIFTY24AUGFUT price is 25120
2024-08-29 09:54:01,772 | 66 | (upper limit) threshold to new value - callPrice(0) + putPrice(27) + LowerBandwidth(10.0)/2 = 32.0
2024-08-29 10:23:03,662 | 60 | ---------------------------------------------------------------------------------
2024-08-29 10:23:03,663 | 61 | call price 0 + put price 21.95 = 21.95
2024-08-29 10:23:03,663 | 62 | (lower limit) set threshold(32.0) - lowerBandwidth(10.0) is 22.0
2024-08-29 10:23:03,787 | 63 | current NIFTY24AUGFUT price is 25121.05
2024-08-29 10:23:03,789 | 66 | (upper limit) threshold to new value - callPrice(0) + putPrice(21.95) + LowerBandwidth(10.0)/2 = 26.95
2024-08-29 10:33:01,132 | 60 | ---------------------------------------------------------------------------------
2024-08-29 10:33:01,132 | 61 | call price 0 + put price 16.6 = 16.6
2024-08-29 10:33:01,133 | 62 | (lower limit) set threshold(26.95) - lowerBandwidth(10.0) is 16.95
2024-08-29 10:33:01,285 | 63 | current NIFTY24AUGFUT price is 25125.4
2024-08-29 10:33:01,289 | 66 | (upper limit) threshold to new value - callPrice(0) + putPrice(16.6) + LowerBandwidth(10.0)/2 = 21.6
2024-08-29 10:43:03,935 | 16 | ---------------------------------------------------------------------------------
2024-08-29 10:43:03,935 | 17 | call price(0) + put price(21.95) = 21.95
2024-08-29 10:43:03,935 | 18 | current set threshold is 21.6
2024-08-29 10:43:04,087 | 19 | current NIFTY24AUGFUT price is 25107.05
2024-08-29 10:43:04,963 | 9 | ---------------------------------------------------------------------------------
2024-08-29 10:43:05,094 | 10 | current NIFTY24AUG25050PE price is 21.85
2024-08-29 10:43:05,094 | 12 | 150 qty BUY order placed for symbol: NIFTY24AUG25050PE at 10:43:05
2024-08-29 10:43:05,094 | 24 | ---------------------------------------------------------------------------------
2024-08-29 10:43:05,094 | 25 | Trading ended thank you!!!!
2024-08-29 10:43:05,259 | 8 | 
+-------------------+------------------+-------------------+-------------------+-------------------+----------+
|   tradingsymbol   | day_buy_quantity |   day_buy_price   | day_sell_quantity |   day_sell_price  |   pnl    |
+-------------------+------------------+-------------------+-------------------+-------------------+----------+
| NIFTY24AUG25050CE |       150        | 87.71666666666665 |        150        | 62.10833333333333 | -3841.25 |
| NIFTY24AUG25050PE |       150        |       21.95       |        150        |        40.5       |  2782.5  |
+-------------------+------------------+-------------------+-------------------+-------------------+----------+
