2024-11-18 09:06:25,277 | 3 | logged into session
2024-11-18 09:22:31,970 | 8 | ---------------------------------------------------------------------------------
2024-11-18 09:22:31,971 | 9 | NIFTY24NOVFUT is selected, with qty of 100 for strikes FINNIFTY24N1923250PE and FINNIFTY24N1923250CE
2024-11-18 09:22:41,012 | 5 | ---------------------------------------------------------------------------------
2024-11-18 09:22:41,012 | 6 | FINNIFTY24N1923250CE(141.2) + FINNIFTY24N1923250PE(121.55) = 262.75
2024-11-18 09:22:41,012 | 7 | current set threshold is 275.0
2024-11-18 09:22:41,118 | 8 | current NIFTY24NOVFUT price is 23560.6
2024-11-18 09:33:02,855 | 60 | ---------------------------------------------------------------------------------
2024-11-18 09:33:02,855 | 61 | call price 127 + put price 123.65 = 250.65
2024-11-18 09:33:02,855 | 62 | (lower limit) set threshold(272.0) - lowerBandwidth(20) is 252.0
2024-11-18 09:33:02,975 | 63 | current NIFTY24NOVFUT price is 23506.8
2024-11-18 09:33:02,975 | 66 | (upper limit) threshold to new value - callPrice(127) + putPrice(123.65) + LowerBandwidth(20)/2 = 260.65
2024-11-18 09:37:02,600 | 60 | ---------------------------------------------------------------------------------
2024-11-18 09:37:02,601 | 61 | call price 109 + put price 131 = 240
2024-11-18 09:37:02,602 | 62 | (lower limit) set threshold(260.65) - lowerBandwidth(20) is 240.64999999999998
2024-11-18 09:37:02,738 | 63 | current NIFTY24NOVFUT price is 23460.3
2024-11-18 09:37:02,738 | 66 | (upper limit) threshold to new value - callPrice(109) + putPrice(131) + LowerBandwidth(20)/2 = 250.0
2024-11-18 10:04:01,360 | 16 | ---------------------------------------------------------------------------------
2024-11-18 10:04:01,361 | 17 | call price(158.35) + put price(90.75) = 249.1
2024-11-18 10:04:01,361 | 18 | current set threshold is 249.0
2024-11-18 10:04:01,481 | 19 | current NIFTY24NOVFUT price is 23517.75
2024-11-18 10:04:02,256 | 9 | ---------------------------------------------------------------------------------
2024-11-18 10:04:02,386 | 10 | current FINNIFTY24N1923250CE price is 154.3
2024-11-18 10:04:02,387 | 12 | 100 qty BUY order placed for symbol: FINNIFTY24N1923250CE at 10:04:02
2024-11-18 10:04:02,389 | 44 | ---------------------------------------------------------------------------------
2024-11-18 10:04:02,390 | 45 | exited call leg - FINNIFTY24N1923250CE
2024-11-18 10:04:02,391 | 46 | changed the put leg threshold to putPrice(90.75) + oneLegSL(10) = 100.75
2024-11-18 10:04:02,393 | 47 | changed the lowerBandwidth to 10.0
2024-11-18 10:05:01,756 | 60 | ---------------------------------------------------------------------------------
2024-11-18 10:05:01,757 | 61 | call price 0 + put price 90.35 = 90.35
2024-11-18 10:05:01,757 | 62 | (lower limit) set threshold(100.75) - lowerBandwidth(10.0) is 90.75
2024-11-18 10:05:01,907 | 63 | current NIFTY24NOVFUT price is 23523
2024-11-18 10:05:01,910 | 66 | (upper limit) threshold to new value - callPrice(0) + putPrice(90.35) + LowerBandwidth(10.0)/2 = 95.35
2024-11-18 10:15:01,895 | 16 | ---------------------------------------------------------------------------------
2024-11-18 10:15:01,896 | 17 | call price(0) + put price(98.5) = 98.5
2024-11-18 10:15:01,898 | 18 | current set threshold is 95.35
2024-11-18 10:15:02,018 | 19 | current NIFTY24NOVFUT price is 23509.5
2024-11-18 10:15:02,749 | 9 | ---------------------------------------------------------------------------------
2024-11-18 10:15:03,770 | 10 | current FINNIFTY24N1923250PE price is 98.5
2024-11-18 10:15:03,771 | 12 | 100 qty BUY order placed for symbol: FINNIFTY24N1923250PE at 10:15:03
2024-11-18 10:15:03,772 | 24 | ---------------------------------------------------------------------------------
2024-11-18 10:15:03,773 | 25 | Trading ended thank you!!!!
2024-11-18 10:15:03,880 | 8 | 
+----------------------+------------------+---------------+-------------------+----------------+---------------------+
|    tradingsymbol     | day_buy_quantity | day_buy_price | day_sell_quantity | day_sell_price |         pnl         |
+----------------------+------------------+---------------+-------------------+----------------+---------------------+
| FINNIFTY24N1923250CE |       100        |     155.3     |        100        |     134.9      | -2040.0000000000018 |
| FINNIFTY24N1923250PE |       100        |     98.45     |        100        |     127.4      |        2895.0       |
+----------------------+------------------+---------------+-------------------+----------------+---------------------+
