2024-11-04 09:22:22,171 | 3 | logged into session
2024-11-04 09:23:50,354 | 8 | ---------------------------------------------------------------------------------
2024-11-04 09:23:50,355 | 9 | BANKNIFTY24OCTFUT is selected, with qty of 100 for strikes FINNIFTY24N0523800PE and FINNIFTY24N0523800CE
2024-11-04 09:23:51,420 | 5 | ---------------------------------------------------------------------------------
2024-11-04 09:23:51,422 | 6 | FINNIFTY24N0523800CE(113.4) + FINNIFTY24N0523800PE(114) = 227.4
2024-11-04 09:23:51,423 | 7 | current set threshold is 92.0
2024-11-04 09:24:06,021 | 8 | ---------------------------------------------------------------------------------
2024-11-04 09:24:06,024 | 9 | FINNIFTY24NOVFUT is selected, with qty of 100 for strikes FINNIFTY24N0523800PE and FINNIFTY24N0523800CE
2024-11-04 09:24:07,357 | 5 | ---------------------------------------------------------------------------------
2024-11-04 09:24:07,357 | 6 | FINNIFTY24N0523800CE(118.35) + FINNIFTY24N0523800PE(110.4) = 228.75
2024-11-04 09:24:07,358 | 7 | current set threshold is 92.0
2024-11-04 09:24:07,417 | 8 | current FINNIFTY24NOVFUT price is 23924
2024-11-04 09:24:14,491 | 5 | ---------------------------------------------------------------------------------
2024-11-04 09:24:14,492 | 6 | FINNIFTY24N0523800CE(120.4) + FINNIFTY24N0523800PE(110.95) = 231.35000000000002
2024-11-04 09:24:14,493 | 7 | current set threshold is 235.0
2024-11-04 09:24:14,601 | 8 | current FINNIFTY24NOVFUT price is 23924
2024-11-04 10:13:00,232 | 16 | ---------------------------------------------------------------------------------
2024-11-04 10:13:00,233 | 17 | call price(76.45) + put price(149.35) = 225.8
2024-11-04 10:13:00,233 | 18 | current set threshold is 225.0
2024-11-04 10:13:00,358 | 19 | current FINNIFTY24NOVFUT price is 23855.4
2024-11-04 10:13:01,173 | 9 | ---------------------------------------------------------------------------------
2024-11-04 10:13:01,314 | 10 | current FINNIFTY24N0523800PE price is 150.65
2024-11-04 10:13:01,316 | 12 | 100 qty BUY order placed for symbol: FINNIFTY24N0523800PE at 10:13:01
2024-11-04 10:13:01,319 | 54 | ---------------------------------------------------------------------------------
2024-11-04 10:13:01,320 | 55 | exited put leg - FINNIFTY24N0523800CE
2024-11-04 10:13:01,322 | 56 | changed the call leg threshold to callPrice(76.45) + oneLegSL(10) = 86.45
2024-11-04 10:13:01,324 | 57 | changed the lowerBandwidth to 10.0
2024-11-04 10:16:00,028 | 60 | ---------------------------------------------------------------------------------
2024-11-04 10:16:00,029 | 61 | call price 75.95 + put price 0 = 75.95
2024-11-04 10:16:00,030 | 62 | (lower limit) set threshold(86.0) - lowerBandwidth(10.0) is 76.0
2024-11-04 10:16:00,136 | 63 | current FINNIFTY24NOVFUT price is 23851.1
2024-11-04 10:16:00,140 | 66 | (upper limit) threshold to new value - callPrice(75.95) + putPrice(0) + LowerBandwidth(10.0)/2 = 80.95
2024-11-04 10:37:01,464 | 60 | ---------------------------------------------------------------------------------
2024-11-04 10:37:01,465 | 61 | call price 71.75 + put price 0 = 71.75
2024-11-04 10:37:01,465 | 62 | (lower limit) set threshold(85.0) - lowerBandwidth(10.0) is 75.0
2024-11-04 10:37:01,586 | 63 | current FINNIFTY24NOVFUT price is 23856.35
2024-11-04 10:37:01,588 | 66 | (upper limit) threshold to new value - callPrice(71.75) + putPrice(0) + LowerBandwidth(10.0)/2 = 76.75
2024-11-04 10:40:06,332 | 60 | ---------------------------------------------------------------------------------
2024-11-04 10:40:06,332 | 61 | call price 66.45 + put price 0 = 66.45
2024-11-04 10:40:06,332 | 62 | (lower limit) set threshold(76.75) - lowerBandwidth(10.0) is 66.75
2024-11-04 10:40:06,467 | 63 | current FINNIFTY24NOVFUT price is 23841
2024-11-04 10:40:06,473 | 66 | (upper limit) threshold to new value - callPrice(66.45) + putPrice(0) + LowerBandwidth(10.0)/2 = 71.45
2024-11-04 10:55:03,421 | 60 | ---------------------------------------------------------------------------------
2024-11-04 10:55:03,421 | 61 | call price 61.2 + put price 0 = 61.2
2024-11-04 10:55:03,421 | 62 | (lower limit) set threshold(71.45) - lowerBandwidth(10.0) is 61.45
2024-11-04 10:55:03,554 | 63 | current FINNIFTY24NOVFUT price is 23828
2024-11-04 10:55:03,554 | 66 | (upper limit) threshold to new value - callPrice(61.2) + putPrice(0) + LowerBandwidth(10.0)/2 = 66.2
2024-11-04 10:59:04,002 | 60 | ---------------------------------------------------------------------------------
2024-11-04 10:59:04,002 | 61 | call price 55.35 + put price 0 = 55.35
2024-11-04 10:59:04,003 | 62 | (lower limit) set threshold(66.2) - lowerBandwidth(10.0) is 56.2
2024-11-04 10:59:04,125 | 63 | current FINNIFTY24NOVFUT price is 23801.95
2024-11-04 10:59:04,127 | 66 | (upper limit) threshold to new value - callPrice(55.35) + putPrice(0) + LowerBandwidth(10.0)/2 = 60.35
2024-11-04 11:03:08,685 | 16 | ---------------------------------------------------------------------------------
2024-11-04 11:03:08,686 | 17 | call price(60.55) + put price(0) = 60.55
2024-11-04 11:03:08,686 | 18 | current set threshold is 60.35
2024-11-04 11:03:08,794 | 19 | current FINNIFTY24NOVFUT price is 23802.15
2024-11-04 11:03:09,562 | 9 | ---------------------------------------------------------------------------------
2024-11-04 11:03:09,685 | 10 | current FINNIFTY24N0523800CE price is 60.1
2024-11-04 11:03:09,686 | 12 | 100 qty BUY order placed for symbol: FINNIFTY24N0523800CE at 11:03:09
2024-11-04 11:03:09,687 | 32 | ---------------------------------------------------------------------------------
2024-11-04 11:03:09,688 | 33 | Trading ended thank you!!!!
2024-11-04 11:03:09,839 | 8 | 
+----------------------+------------------+---------------+-------------------+----------------+-------+
|    tradingsymbol     | day_buy_quantity | day_buy_price | day_sell_quantity | day_sell_price |  pnl  |
+----------------------+------------------+---------------+-------------------+----------------+-------+
| FINNIFTY24N0523800CE |       100        |     60.65     |        100        |     113.15     |  5250 |
| FINNIFTY24N0523800PE |       100        |     150.35    |        100        |     112.3      | -3805 |
+----------------------+------------------+---------------+-------------------+----------------+-------+
