2024-11-05 09:25:03,315 | 3 | logged into session
2024-11-05 09:29:52,539 | 8 | ---------------------------------------------------------------------------------
2024-11-05 09:29:52,541 | 9 | BANKNIFTY24NOVFUT is selected, with qty of 60 for strikes BANKNIFTY24N0651200PE and BANKNIFTY24N0651200CE
2024-11-05 09:30:00,261 | 5 | ---------------------------------------------------------------------------------
2024-11-05 09:30:00,262 | 6 | BANKNIFTY24N0651200CE(392.95) + BANKNIFTY24N0651200PE(406.15) = 799.0999999999999
2024-11-05 09:30:00,263 | 7 | current set threshold is 830.0
2024-11-05 09:30:00,355 | 8 | current BANKNIFTY24NOVFUT price is 51506.4
2024-11-05 09:48:34,385 | 8 | ---------------------------------------------------------------------------------
2024-11-05 09:48:34,387 | 9 | BANKNIFTY24NOVFUT is selected, with qty of 60 for strikes BANKNIFTY24N0651100PE and BANKNIFTY24N0651100CE
2024-11-05 09:48:35,937 | 5 | ---------------------------------------------------------------------------------
2024-11-05 09:48:35,939 | 6 | BANKNIFTY24N0651100CE(426) + BANKNIFTY24N0651100PE(374.55) = 800.55
2024-11-05 09:48:35,939 | 7 | current set threshold is 810.0
2024-11-05 09:48:36,036 | 8 | current BANKNIFTY24NOVFUT price is 51465
2024-11-05 10:27:46,135 | 12 | ---------------------------------------------------------------------------------
2024-11-05 10:27:46,137 | 13 | ##################### sudden spike in price be carefull !!! #####################
2024-11-05 10:27:46,139 | 14 | ##################### sudden spike in price be carefull !!! #####################
2024-11-05 10:27:46,140 | 15 | ##################### sudden spike in price be carefull !!! #####################
2024-11-05 10:27:46,142 | 16 | ---------------------------------------------------------------------------------
2024-11-05 10:27:46,143 | 17 | call price(514.3) + put price(258.95) = 773.25
2024-11-05 10:27:46,144 | 18 | current set threshold is 760.0
2024-11-05 10:27:46,193 | 19 | current BANKNIFTY24NOVFUT price is 51655.9
2024-11-05 10:27:46,979 | 9 | ---------------------------------------------------------------------------------
2024-11-05 10:27:47,070 | 10 | current BANKNIFTY24N0651100CE price is 516.5
2024-11-05 10:27:47,071 | 12 | 60 qty BUY order placed for symbol: BANKNIFTY24N0651100CE at 10:27:47
2024-11-05 10:27:47,074 | 44 | ---------------------------------------------------------------------------------
2024-11-05 10:27:47,075 | 45 | exited call leg - BANKNIFTY24N0651100CE
2024-11-05 10:27:47,075 | 46 | changed the put leg threshold to putPrice(258.95) + oneLegSL(20) = 278.95
2024-11-05 10:27:47,077 | 47 | changed the lowerBandwidth to 20.0
2024-11-05 10:28:01,380 | 60 | ---------------------------------------------------------------------------------
2024-11-05 10:28:01,383 | 61 | call price 0 + put price 258.5 = 258.5
2024-11-05 10:28:01,385 | 62 | (lower limit) set threshold(278.95) - lowerBandwidth(20.0) is 258.95
2024-11-05 10:28:01,480 | 63 | current BANKNIFTY24NOVFUT price is 51670.05
2024-11-05 10:28:01,484 | 66 | (upper limit) threshold to new value - callPrice(0) + putPrice(258.5) + LowerBandwidth(20.0)/2 = 268.5
2024-11-05 10:29:01,663 | 60 | ---------------------------------------------------------------------------------
2024-11-05 10:29:01,664 | 61 | call price 0 + put price 225.9 = 225.9
2024-11-05 10:29:01,664 | 62 | (lower limit) set threshold(268.5) - lowerBandwidth(20.0) is 248.5
2024-11-05 10:29:01,813 | 63 | current BANKNIFTY24NOVFUT price is 51738.35
2024-11-05 10:29:01,815 | 66 | (upper limit) threshold to new value - callPrice(0) + putPrice(225.9) + LowerBandwidth(20.0)/2 = 235.9
2024-11-05 10:31:00,282 | 16 | ---------------------------------------------------------------------------------
2024-11-05 10:31:00,283 | 17 | call price(0) + put price(240) = 240
2024-11-05 10:31:00,284 | 18 | current set threshold is 235.9
2024-11-05 10:31:00,432 | 19 | current BANKNIFTY24NOVFUT price is 51730
2024-11-05 10:31:01,130 | 9 | ---------------------------------------------------------------------------------
2024-11-05 10:31:01,228 | 10 | current BANKNIFTY24N0651100PE price is 241.3
2024-11-05 10:31:01,230 | 12 | 60 qty BUY order placed for symbol: BANKNIFTY24N0651100PE at 10:31:01
2024-11-05 10:31:01,232 | 24 | ---------------------------------------------------------------------------------
2024-11-05 10:31:01,234 | 25 | Trading ended thank you!!!!
2024-11-05 10:31:01,357 | 8 | 
+-----------------------+------------------+---------------+-------------------+----------------+---------+
|     tradingsymbol     | day_buy_quantity | day_buy_price | day_sell_quantity | day_sell_price |   pnl   |
+-----------------------+------------------+---------------+-------------------+----------------+---------+
| BANKNIFTY24N0651100CE |        60        |     517.6     |         60        |    421.225     | -5782.5 |
| BANKNIFTY24N0651100PE |        60        |     240.75    |         60        |    378.375     |  8257.5 |
| BANKNIFTY24N0651200CE |        60        |     361.75    |         60        |     416.9      |  3309.0 |
| BANKNIFTY24N0651200PE |        60        |     436.65    |         60        |     389.55     | -2826.0 |
+-----------------------+------------------+---------------+-------------------+----------------+---------+
