2024-09-03 09:37:11,925 | 3 | logged into session
2024-09-03 09:41:23,251 | 8 | ---------------------------------------------------------------------------------
2024-09-03 09:41:23,253 | 9 | MIDCPNIFTY24SEPFUT is selected, with qty of 150 for strikes NIFTY2490525250PE and NIFTY2490525250CE
2024-09-03 09:41:38,047 | 5 | ---------------------------------------------------------------------------------
2024-09-03 09:41:38,047 | 6 | NIFTY2490525250CE(108.85) + NIFTY2490525250PE(83.65) = 192.5
2024-09-03 09:41:38,047 | 7 | current set threshold is 203.0
2024-09-03 09:41:38,166 | 8 | current MIDCPNIFTY24SEPFUT price is 13247.95
2024-09-03 11:10:07,791 | 60 | ---------------------------------------------------------------------------------
2024-09-03 11:10:07,792 | 61 | call price 106.15 + put price 76.65 = 182.8
2024-09-03 11:10:07,793 | 62 | (lower limit) set threshold(203.0) - lowerBandwidth(20) is 183.0
2024-09-03 11:10:07,911 | 63 | current MIDCPNIFTY24SEPFUT price is 13259.8
2024-09-03 11:10:07,913 | 66 | (upper limit) threshold to new value - callPrice(106.15) + putPrice(76.65) + LowerBandwidth(20)/2 = 192.8
2024-09-03 13:16:15,383 | 12 | ---------------------------------------------------------------------------------
2024-09-03 13:16:15,383 | 13 | ##################### sudden spike in price be carefull !!! #####################
2024-09-03 13:16:15,383 | 14 | ##################### sudden spike in price be carefull !!! #####################
2024-09-03 13:16:15,383 | 15 | ##################### sudden spike in price be carefull !!! #####################
2024-09-03 13:16:15,383 | 16 | ---------------------------------------------------------------------------------
2024-09-03 13:16:15,383 | 17 | call price(130.85) + put price(61.95) = 192.8
2024-09-03 13:16:15,396 | 18 | current set threshold is 187.0
2024-09-03 13:16:15,489 | 19 | current MIDCPNIFTY24SEPFUT price is 13279.8
2024-09-03 13:16:16,323 | 9 | ---------------------------------------------------------------------------------
2024-09-03 13:16:16,444 | 10 | current NIFTY2490525250CE price is 131.9
2024-09-03 13:16:16,446 | 12 | 150 qty BUY order placed for symbol: NIFTY2490525250CE at 13:16:16
2024-09-03 13:16:16,446 | 44 | ---------------------------------------------------------------------------------
2024-09-03 13:16:16,446 | 45 | exited call leg - NIFTY2490525250CE
2024-09-03 13:16:16,446 | 46 | changed the put leg threshold to putPrice(61.95) + oneLegSL(10) = 71.95
2024-09-03 13:16:16,454 | 47 | changed the lowerBandwidth to 10.0
2024-09-03 13:17:00,635 | 60 | ---------------------------------------------------------------------------------
2024-09-03 13:17:00,635 | 61 | call price 0 + put price 61.3 = 61.3
2024-09-03 13:17:00,635 | 62 | (lower limit) set threshold(71.95) - lowerBandwidth(10.0) is 61.95
2024-09-03 13:17:00,767 | 63 | current MIDCPNIFTY24SEPFUT price is 13275
2024-09-03 13:17:00,767 | 66 | (upper limit) threshold to new value - callPrice(0) + putPrice(61.3) + LowerBandwidth(10.0)/2 = 66.3
2024-09-03 13:31:02,136 | 16 | ---------------------------------------------------------------------------------
2024-09-03 13:31:02,137 | 17 | call price(0) + put price(66.6) = 66.6
2024-09-03 13:31:02,138 | 18 | current set threshold is 66.3
2024-09-03 13:31:02,248 | 19 | current MIDCPNIFTY24SEPFUT price is 13270.55
2024-09-03 13:31:03,139 | 9 | ---------------------------------------------------------------------------------
2024-09-03 13:31:03,243 | 10 | current NIFTY2490525250PE price is 66.8
2024-09-03 13:31:03,245 | 12 | 150 qty BUY order placed for symbol: NIFTY2490525250PE at 13:31:03
2024-09-03 13:31:03,245 | 24 | ---------------------------------------------------------------------------------
2024-09-03 13:31:03,246 | 25 | Trading ended thank you!!!!
2024-09-03 13:31:03,512 | 8 | 
+-------------------+------------------+---------------+-------------------+--------------------+-------------------+
|   tradingsymbol   | day_buy_quantity | day_buy_price | day_sell_quantity |   day_sell_price   |        pnl        |
+-------------------+------------------+---------------+-------------------+--------------------+-------------------+
| NIFTY2490525250CE |       150        |     131.5     |        150        | 108.31666666666666 |      -3477.5      |
| NIFTY2490525250PE |       150        |     66.75     |        150        | 83.71666666666665  | 2544.999999999998 |
+-------------------+------------------+---------------+-------------------+--------------------+-------------------+
