2024-09-05 09:11:21,528 | 3 | logged into session
2024-09-05 09:32:25,319 | 8 | ---------------------------------------------------------------------------------
2024-09-05 09:32:25,322 | 9 | NIFTY24SEPFUT is selected, with qty of 100 for strikes NIFTY2490525200PE and NIFTY2490525200CE
2024-09-05 09:32:36,997 | 5 | ---------------------------------------------------------------------------------
2024-09-05 09:32:36,998 | 6 | NIFTY2490525200CE(62.1) + NIFTY2490525200PE(58.1) = 120.2
2024-09-05 09:32:36,999 | 7 | current set threshold is 130.0
2024-09-05 09:32:37,103 | 8 | current NIFTY24SEPFUT price is 25283.8
2024-09-05 09:40:02,756 | 60 | ---------------------------------------------------------------------------------
2024-09-05 09:40:02,756 | 61 | call price 52.2 + put price 51.1 = 103.30000000000001
2024-09-05 09:40:02,757 | 62 | (lower limit) set threshold(125.0) - lowerBandwidth(20) is 105.0
2024-09-05 09:40:02,861 | 63 | current NIFTY24SEPFUT price is 25284.5
2024-09-05 09:40:02,864 | 66 | (upper limit) threshold to new value - callPrice(52.2) + putPrice(51.1) + LowerBandwidth(20)/2 = 113.30000000000001
2024-09-05 09:49:04,015 | 60 | ---------------------------------------------------------------------------------
2024-09-05 09:49:04,016 | 61 | call price 46.8 + put price 45.6 = 92.4
2024-09-05 09:49:04,016 | 62 | (lower limit) set threshold(113.30000000000001) - lowerBandwidth(20) is 93.30000000000001
2024-09-05 09:49:04,122 | 63 | current NIFTY24SEPFUT price is 25279.55
2024-09-05 09:49:04,125 | 66 | (upper limit) threshold to new value - callPrice(46.8) + putPrice(45.6) + LowerBandwidth(20)/2 = 102.4
2024-09-05 10:30:01,826 | 12 | ---------------------------------------------------------------------------------
2024-09-05 10:30:01,828 | 13 | ##################### sudden spike in price be carefull !!! #####################
2024-09-05 10:30:01,829 | 14 | ##################### sudden spike in price be carefull !!! #####################
2024-09-05 10:30:01,830 | 15 | ##################### sudden spike in price be carefull !!! #####################
2024-09-05 10:30:01,832 | 16 | ---------------------------------------------------------------------------------
2024-09-05 10:30:01,833 | 17 | call price(34.6) + put price(74.3) = 108.9
2024-09-05 10:30:01,834 | 18 | current set threshold is 102.4
2024-09-05 10:30:01,924 | 19 | current NIFTY24SEPFUT price is 25248.65
2024-09-05 10:30:02,617 | 9 | ---------------------------------------------------------------------------------
2024-09-05 10:30:02,721 | 10 | current NIFTY2490525200PE price is 75
2024-09-05 10:30:02,721 | 12 | 100 qty BUY order placed for symbol: NIFTY2490525200PE at 10:30:02
2024-09-05 10:30:02,723 | 54 | ---------------------------------------------------------------------------------
2024-09-05 10:30:02,725 | 55 | exited put leg - NIFTY2490525200CE
2024-09-05 10:30:02,726 | 56 | changed the call leg threshold to callPrice(34.6) + oneLegSL(10) = 44.6
2024-09-05 10:30:02,727 | 57 | changed the lowerBandwidth to 10.0
2024-09-05 10:31:03,014 | 60 | ---------------------------------------------------------------------------------
2024-09-05 10:31:03,015 | 61 | call price 33.6 + put price 0 = 33.6
2024-09-05 10:31:03,016 | 62 | (lower limit) set threshold(44.6) - lowerBandwidth(10.0) is 34.6
2024-09-05 10:31:03,110 | 63 | current NIFTY24SEPFUT price is 25247.7
2024-09-05 10:31:03,112 | 66 | (upper limit) threshold to new value - callPrice(33.6) + putPrice(0) + LowerBandwidth(10.0)/2 = 38.6
2024-09-05 10:34:03,849 | 60 | ---------------------------------------------------------------------------------
2024-09-05 10:34:03,850 | 61 | call price 27.95 + put price 0 = 27.95
2024-09-05 10:34:03,850 | 62 | (lower limit) set threshold(38.6) - lowerBandwidth(10.0) is 28.6
2024-09-05 10:34:03,945 | 63 | current NIFTY24SEPFUT price is 25235.95
2024-09-05 10:34:03,948 | 66 | (upper limit) threshold to new value - callPrice(27.95) + putPrice(0) + LowerBandwidth(10.0)/2 = 32.95
2024-09-05 10:36:57,095 | 8 | 
+-------------------+------------------+---------------+-------------------+----------------+------+
|   tradingsymbol   | day_buy_quantity | day_buy_price | day_sell_quantity | day_sell_price | pnl  |
+-------------------+------------------+---------------+-------------------+----------------+------+
| NIFTY2490525200CE |       100        |     30.15     |        100        |     57.85      | 2770 |
| NIFTY2490525200PE |       100        |     73.15     |        100        |     64.65      | -850 |
+-------------------+------------------+---------------+-------------------+----------------+------+
