2024-11-08 09:07:57,470 | 3 | logged into session
2024-11-08 09:21:50,383 | 8 | ---------------------------------------------------------------------------------
2024-11-08 09:21:50,385 | 9 | MIDCPNIFTY24NOVFUT is selected, with qty of 200 for strikes MIDCPNIFTY24N1112550PE and MIDCPNIFTY24N1112550CE
2024-11-08 09:22:00,558 | 5 | ---------------------------------------------------------------------------------
2024-11-08 09:22:00,558 | 6 | MIDCPNIFTY24N1112550CE(89.2) + MIDCPNIFTY24N1112550PE(82.4) = 171.60000000000002
2024-11-08 09:22:00,558 | 7 | current set threshold is 190.0
2024-11-08 09:22:00,652 | 8 | current MIDCPNIFTY24NOVFUT price is 12586.65
2024-11-08 09:27:04,346 | 16 | ---------------------------------------------------------------------------------
2024-11-08 09:27:04,346 | 17 | call price(117.4) + put price(62.75) = 180.15
2024-11-08 09:27:04,346 | 18 | current set threshold is 180.0
2024-11-08 09:27:04,393 | 19 | current MIDCPNIFTY24NOVFUT price is 12634.25
2024-11-08 09:27:05,171 | 9 | ---------------------------------------------------------------------------------
2024-11-08 09:27:05,281 | 10 | current MIDCPNIFTY24N1112550CE price is 115.9
2024-11-08 09:27:05,281 | 12 | 200 qty BUY order placed for symbol: MIDCPNIFTY24N1112550CE at 09:27:05
2024-11-08 09:27:05,285 | 44 | ---------------------------------------------------------------------------------
2024-11-08 09:27:05,285 | 45 | exited call leg - MIDCPNIFTY24N1112550CE
2024-11-08 09:27:05,285 | 46 | changed the put leg threshold to putPrice(62.75) + oneLegSL(10) = 72.75
2024-11-08 09:27:05,285 | 47 | changed the lowerBandwidth to 10.0
2024-11-08 09:29:01,430 | 60 | ---------------------------------------------------------------------------------
2024-11-08 09:29:01,430 | 61 | call price 0 + put price 61.35 = 61.35
2024-11-08 09:29:01,430 | 62 | (lower limit) set threshold(72.0) - lowerBandwidth(10.0) is 62.0
2024-11-08 09:29:01,537 | 63 | current MIDCPNIFTY24NOVFUT price is 12637.65
2024-11-08 09:29:01,537 | 66 | (upper limit) threshold to new value - callPrice(0) + putPrice(61.35) + LowerBandwidth(10.0)/2 = 66.35
2024-11-08 09:30:00,541 | 60 | ---------------------------------------------------------------------------------
2024-11-08 09:30:00,541 | 61 | call price 0 + put price 57 = 57
2024-11-08 09:30:00,541 | 62 | (lower limit) set threshold(68.0) - lowerBandwidth(10.0) is 58.0
2024-11-08 09:30:00,655 | 63 | current MIDCPNIFTY24NOVFUT price is 12648.6
2024-11-08 09:30:00,655 | 66 | (upper limit) threshold to new value - callPrice(0) + putPrice(57) + LowerBandwidth(10.0)/2 = 62.0
2024-11-08 09:35:05,342 | 60 | ---------------------------------------------------------------------------------
2024-11-08 09:35:05,342 | 61 | call price 0 + put price 51.5 = 51.5
2024-11-08 09:35:05,342 | 62 | (lower limit) set threshold(62.0) - lowerBandwidth(10.0) is 52.0
2024-11-08 09:35:05,441 | 63 | current MIDCPNIFTY24NOVFUT price is 12662
2024-11-08 09:35:05,441 | 66 | (upper limit) threshold to new value - callPrice(0) + putPrice(51.5) + LowerBandwidth(10.0)/2 = 56.5
2024-11-08 09:40:01,382 | 16 | ---------------------------------------------------------------------------------
2024-11-08 09:40:01,382 | 17 | call price(0) + put price(67.9) = 67.9
2024-11-08 09:40:01,382 | 18 | current set threshold is 65.0
2024-11-08 09:40:01,498 | 19 | current MIDCPNIFTY24NOVFUT price is 12620
2024-11-08 09:40:02,247 | 9 | ---------------------------------------------------------------------------------
2024-11-08 09:40:02,352 | 10 | current MIDCPNIFTY24N1112550PE price is 68
2024-11-08 09:40:02,353 | 12 | 200 qty BUY order placed for symbol: MIDCPNIFTY24N1112550PE at 09:40:02
2024-11-08 09:40:02,353 | 24 | ---------------------------------------------------------------------------------
2024-11-08 09:40:02,353 | 25 | Trading ended thank you!!!!
2024-11-08 09:40:02,472 | 8 | 
+------------------------+------------------+---------------+-------------------+----------------+---------+
|     tradingsymbol      | day_buy_quantity | day_buy_price | day_sell_quantity | day_sell_price |   pnl   |
+------------------------+------------------+---------------+-------------------+----------------+---------+
| MIDCPNIFTY24N1112550CE |       200        |    115.725    |        200        |    86.6625     | -5812.5 |
| MIDCPNIFTY24N1112550PE |       200        |     67.75     |        200        |     82.725     |  2995.0 |
+------------------------+------------------+---------------+-------------------+----------------+---------+
