2024-09-13 09:33:19,387 | 3 | logged into session
2024-09-13 09:34:36,206 | 8 | ---------------------------------------------------------------------------------
2024-09-13 09:34:36,208 | 9 | NIFTY24SEPFUT is selected, with qty of 200 for strikes MIDCPNIFTY2491613300PE and MIDCPNIFTY2491613300CE
2024-09-13 09:34:57,093 | 8 | ---------------------------------------------------------------------------------
2024-09-13 09:34:57,095 | 9 | MIDCPNIFTY24SEPFUT is selected, with qty of 200 for strikes MIDCPNIFTY2491613300PE and MIDCPNIFTY2491613300CE
2024-09-13 09:35:00,754 | 5 | ---------------------------------------------------------------------------------
2024-09-13 09:35:00,754 | 6 | MIDCPNIFTY2491613300CE(73.65) + MIDCPNIFTY2491613300PE(63.1) = 136.75
2024-09-13 09:35:00,754 | 7 | current set threshold is 142.0
2024-09-13 09:35:00,847 | 8 | current MIDCPNIFTY24SEPFUT price is 13325
2024-09-13 09:59:01,012 | 16 | ---------------------------------------------------------------------------------
2024-09-13 09:59:01,013 | 17 | call price(79.25) + put price(55.85) = 135.1
2024-09-13 09:59:01,013 | 18 | current set threshold is 135.0
2024-09-13 09:59:01,228 | 19 | current MIDCPNIFTY24SEPFUT price is 13339.6
2024-09-13 09:59:01,861 | 9 | ---------------------------------------------------------------------------------
2024-09-13 09:59:01,953 | 10 | current MIDCPNIFTY2491613300CE price is 79.75
2024-09-13 09:59:01,955 | 12 | 200 qty BUY order placed for symbol: MIDCPNIFTY2491613300CE at 09:59:01
2024-09-13 09:59:01,959 | 44 | ---------------------------------------------------------------------------------
2024-09-13 09:59:01,960 | 45 | exited call leg - MIDCPNIFTY2491613300CE
2024-09-13 09:59:01,962 | 46 | changed the put leg threshold to putPrice(55.85) + oneLegSL(10) = 65.85
2024-09-13 09:59:01,963 | 47 | changed the lowerBandwidth to 10.0
2024-09-13 10:04:03,021 | 60 | ---------------------------------------------------------------------------------
2024-09-13 10:04:03,022 | 61 | call price 0 + put price 46.05 = 46.05
2024-09-13 10:04:03,022 | 62 | (lower limit) set threshold(57.0) - lowerBandwidth(10.0) is 47.0
2024-09-13 10:04:03,140 | 63 | current MIDCPNIFTY24SEPFUT price is 13365.1
2024-09-13 10:04:03,143 | 66 | (upper limit) threshold to new value - callPrice(0) + putPrice(46.05) + LowerBandwidth(10.0)/2 = 51.05
2024-09-13 11:37:02,023 | 16 | ---------------------------------------------------------------------------------
2024-09-13 11:37:02,026 | 17 | call price(0) + put price(44.55) = 44.55
2024-09-13 11:37:02,028 | 18 | current set threshold is 44.0
2024-09-13 11:37:02,122 | 19 | current MIDCPNIFTY24SEPFUT price is 13355
2024-09-13 11:37:02,857 | 9 | ---------------------------------------------------------------------------------
2024-09-13 11:37:03,085 | 10 | current MIDCPNIFTY2491613300PE price is 44.25
2024-09-13 11:37:03,088 | 12 | 200 qty BUY order placed for symbol: MIDCPNIFTY2491613300PE at 11:37:03
2024-09-13 11:37:03,089 | 24 | ---------------------------------------------------------------------------------
2024-09-13 11:37:03,090 | 25 | Trading ended thank you!!!!
2024-09-13 11:37:03,244 | 8 | 
+------------------------+------------------+---------------+-------------------+----------------+---------------------+
|     tradingsymbol      | day_buy_quantity | day_buy_price | day_sell_quantity | day_sell_price |         pnl         |
+------------------------+------------------+---------------+-------------------+----------------+---------------------+
| MIDCPNIFTY2491613300CE |       200        |     79.85     |        200        |     69.625     | -2044.9999999999982 |
| MIDCPNIFTY2491613300PE |       200        |     44.25     |        200        |      65.9      |  4330.000000000002  |
+------------------------+------------------+---------------+-------------------+----------------+---------------------+
