2024-10-24 08:58:20,984 | 3 | logged into session
2024-10-24 09:57:37,664 | 8 | ---------------------------------------------------------------------------------
2024-10-24 09:57:37,666 | 9 | MIDCPNIFTY24OCTFUT is selected, with qty of 200 for strikes MIDCPNIFTY24OCT12575PE and MIDCPNIFTY24OCT12575CE
2024-10-24 09:57:43,961 | 5 | ---------------------------------------------------------------------------------
2024-10-24 09:57:43,962 | 6 | MIDCPNIFTY24OCT12575CE(106.35) + MIDCPNIFTY24OCT12575PE(113.45) = 219.8
2024-10-24 09:57:43,964 | 7 | current set threshold is 80.0
2024-10-24 09:57:44,082 | 8 | current MIDCPNIFTY24OCTFUT price is 12571.25
2024-10-24 09:57:51,948 | 5 | ---------------------------------------------------------------------------------
2024-10-24 09:57:51,952 | 6 | MIDCPNIFTY24OCT12575CE(110.2) + MIDCPNIFTY24OCT12575PE(111.8) = 222.0
2024-10-24 09:57:51,954 | 7 | current set threshold is 230.0
2024-10-24 09:57:52,099 | 8 | current MIDCPNIFTY24OCTFUT price is 12571.45
2024-10-24 11:19:04,536 | 16 | ---------------------------------------------------------------------------------
2024-10-24 11:19:04,539 | 17 | call price(79.4) + put price(129.55) = 208.95000000000002
2024-10-24 11:19:04,542 | 18 | current set threshold is 208.0
2024-10-24 11:19:04,607 | 19 | current MIDCPNIFTY24OCTFUT price is 12527.8
2024-10-24 11:19:05,375 | 9 | ---------------------------------------------------------------------------------
2024-10-24 11:19:05,487 | 10 | current MIDCPNIFTY24OCT12575PE price is 127.35
2024-10-24 11:19:05,487 | 12 | 200 qty BUY order placed for symbol: MIDCPNIFTY24OCT12575PE at 11:19:05
2024-10-24 11:19:05,487 | 54 | ---------------------------------------------------------------------------------
2024-10-24 11:19:05,487 | 55 | exited put leg - MIDCPNIFTY24OCT12575CE
2024-10-24 11:19:05,497 | 56 | changed the call leg threshold to callPrice(79.4) + oneLegSL(10) = 89.4
2024-10-24 11:19:05,497 | 57 | changed the lowerBandwidth to 10.0
2024-10-24 11:23:31,135 | 8 | 
+------------------------+------------------+---------------+-------------------+----------------+---------+
|     tradingsymbol      | day_buy_quantity | day_buy_price | day_sell_quantity | day_sell_price |   pnl   |
+------------------------+------------------+---------------+-------------------+----------------+---------+
| MIDCPNIFTY24OCT12575CE |       200        |     87.675    |        200        |     107.15     |  3895.0 |
| MIDCPNIFTY24OCT12575PE |       200        |    128.3375   |        200        |    111.275     | -3412.5 |
+------------------------+------------------+---------------+-------------------+----------------+---------+
