2024-10-29 09:25:38,635 | 3 | logged into session
2024-10-29 09:26:54,675 | 8 | ---------------------------------------------------------------------------------
2024-10-29 09:26:54,676 | 9 | BANKNIFTY24OCTFUT is selected, with qty of 45 for strikes BANKNIFTY24OCT51400PE and BANKNIFTY24OCT51400PE
2024-10-29 09:27:05,897 | 5 | ---------------------------------------------------------------------------------
2024-10-29 09:27:05,899 | 6 | BANKNIFTY24OCT51400PE(233.25) + BANKNIFTY24OCT51400PE(233.25) = 466.5
2024-10-29 09:27:05,901 | 7 | current set threshold is 500.0
2024-10-29 09:27:06,034 | 8 | current BANKNIFTY24OCTFUT price is 51430.3
2024-10-29 09:27:32,828 | 8 | ---------------------------------------------------------------------------------
2024-10-29 09:27:32,831 | 9 | BANKNIFTY24OCTFUT is selected, with qty of 45 for strikes BANKNIFTY24OCT51400PE and BANKNIFTY24OCT51400CE
2024-10-29 09:27:33,440 | 5 | ---------------------------------------------------------------------------------
2024-10-29 09:27:33,440 | 6 | BANKNIFTY24OCT51400CE(234.35) + BANKNIFTY24OCT51400PE(250.8) = 485.15
2024-10-29 09:27:33,441 | 7 | current set threshold is 500.0
2024-10-29 09:27:33,546 | 8 | current BANKNIFTY24OCTFUT price is 51390.9
2024-10-29 09:36:51,535 | 12 | ---------------------------------------------------------------------------------
2024-10-29 09:36:51,536 | 13 | ##################### sudden spike in price be carefull !!! #####################
2024-10-29 09:36:51,537 | 14 | ##################### sudden spike in price be carefull !!! #####################
2024-10-29 09:36:51,538 | 15 | ##################### sudden spike in price be carefull !!! #####################
2024-10-29 09:36:51,540 | 16 | ---------------------------------------------------------------------------------
2024-10-29 09:36:51,541 | 17 | call price(215.25) + put price(295.3) = 510.55
2024-10-29 09:36:51,542 | 18 | current set threshold is 505.0
2024-10-29 09:36:51,658 | 19 | current BANKNIFTY24OCTFUT price is 51313.4
2024-10-29 09:36:52,513 | 9 | ---------------------------------------------------------------------------------
2024-10-29 09:36:52,654 | 10 | current BANKNIFTY24OCT51400PE price is 293.25
2024-10-29 09:36:52,655 | 12 | 45 qty BUY order placed for symbol: BANKNIFTY24OCT51400PE at 09:36:52
2024-10-29 09:36:52,657 | 54 | ---------------------------------------------------------------------------------
2024-10-29 09:36:52,658 | 55 | exited put leg - BANKNIFTY24OCT51400CE
2024-10-29 09:36:52,658 | 56 | changed the call leg threshold to callPrice(215.25) + oneLegSL(20) = 235.25
2024-10-29 09:36:52,661 | 57 | changed the lowerBandwidth to 20.0
2024-10-29 09:37:02,788 | 60 | ---------------------------------------------------------------------------------
2024-10-29 09:37:02,790 | 61 | call price 211.15 + put price 0 = 211.15
2024-10-29 09:37:02,791 | 62 | (lower limit) set threshold(235.25) - lowerBandwidth(20.0) is 215.25
2024-10-29 09:37:02,900 | 63 | current BANKNIFTY24OCTFUT price is 51307
2024-10-29 09:37:02,902 | 66 | (upper limit) threshold to new value - callPrice(211.15) + putPrice(0) + LowerBandwidth(20.0)/2 = 221.15
2024-10-29 09:40:02,391 | 60 | ---------------------------------------------------------------------------------
2024-10-29 09:40:02,393 | 61 | call price 208.45 + put price 0 = 208.45
2024-10-29 09:40:02,393 | 62 | (lower limit) set threshold(230.0) - lowerBandwidth(20.0) is 210.0
2024-10-29 09:40:02,500 | 63 | current BANKNIFTY24OCTFUT price is 51324
2024-10-29 09:40:02,502 | 66 | (upper limit) threshold to new value - callPrice(208.45) + putPrice(0) + LowerBandwidth(20.0)/2 = 218.45
2024-10-29 09:45:26,519 | 12 | ---------------------------------------------------------------------------------
2024-10-29 09:45:26,520 | 13 | ##################### sudden spike in price be carefull !!! #####################
2024-10-29 09:45:26,520 | 14 | ##################### sudden spike in price be carefull !!! #####################
2024-10-29 09:45:26,521 | 15 | ##################### sudden spike in price be carefull !!! #####################
2024-10-29 09:45:26,523 | 16 | ---------------------------------------------------------------------------------
2024-10-29 09:45:26,524 | 17 | call price(231.95) + put price(0) = 231.95
2024-10-29 09:45:26,526 | 18 | current set threshold is 225.0
2024-10-29 09:45:26,643 | 19 | current BANKNIFTY24OCTFUT price is 51380.1
2024-10-29 09:45:27,488 | 9 | ---------------------------------------------------------------------------------
2024-10-29 09:45:27,640 | 10 | current BANKNIFTY24OCT51400CE price is 229
2024-10-29 09:45:27,641 | 12 | 45 qty BUY order placed for symbol: BANKNIFTY24OCT51400CE at 09:45:27
2024-10-29 09:45:27,642 | 32 | ---------------------------------------------------------------------------------
2024-10-29 09:45:27,645 | 33 | Trading ended thank you!!!!
2024-10-29 09:45:27,771 | 8 | 
+-----------------------+------------------+--------------------+-------------------+----------------+----------+
|     tradingsymbol     | day_buy_quantity |   day_buy_price    | day_sell_quantity | day_sell_price |   pnl    |
+-----------------------+------------------+--------------------+-------------------+----------------+----------+
| BANKNIFTY24OCT51400CE |        45        | 232.46666666666667 |         45        |     254.7      |  1000.5  |
| BANKNIFTY24OCT51400PE |        45        |       296.8        |         45        |     227.55     | -3116.25 |
+-----------------------+------------------+--------------------+-------------------+----------------+----------+
