2024-07-30 08:50:11,534 | 3 | logged into session
2024-07-30 09:33:41,030 | 7 | ---------------------------------------------------------------------------------
2024-07-30 09:33:41,031 | 8 | BANKNIFTY24AUGFUT is selected, with qty of 60 for strikes BANKNIFTY24JUL51400PE and BANKNIFTY24JUL51400CE
2024-07-30 09:33:46,986 | 5 | ---------------------------------------------------------------------------------
2024-07-30 09:33:46,986 | 6 | BANKNIFTY24JUL51400CE(321.8) + BANKNIFTY24JUL51400PE(232.5) = 554.3
2024-07-30 09:33:46,986 | 7 | current set threshold is 58.1
2024-07-30 09:33:47,098 | 8 | current BANKNIFTY24AUGFUT price is 51756.1
2024-07-30 09:34:02,723 | 5 | ---------------------------------------------------------------------------------
2024-07-30 09:34:02,723 | 6 | BANKNIFTY24JUL51400CE(342.6) + BANKNIFTY24JUL51400PE(218.15) = 560.75
2024-07-30 09:34:02,723 | 7 | current set threshold is 580.0
2024-07-30 09:34:02,885 | 8 | current BANKNIFTY24AUGFUT price is 51792.75
2024-07-30 09:36:04,040 | 51 | ---------------------------------------------------------------------------------
2024-07-30 09:36:04,041 | 52 | call price 285.4 + put price 251.25 = 536.65
2024-07-30 09:36:04,042 | 53 | (lower limit) set threshold(580.0) - lowerBandwidth(40) is 540.0
2024-07-30 09:36:04,147 | 54 | current BANKNIFTY24AUGFUT price is 51708.95
2024-07-30 09:36:04,150 | 57 | (upper limit) threshold to new value - callPrice(285.4) + putPrice(251.25) + LowerBandwidth(40)/2 = 556.65
2024-07-30 10:05:55,242 | 7 | ---------------------------------------------------------------------------------
2024-07-30 10:05:55,242 | 8 | call price(232.25) + put price(334.65) = 566.9
2024-07-30 10:05:55,242 | 9 | current set threshold is 556.65
2024-07-30 10:05:55,346 | 10 | current BANKNIFTY24JULFUT price is 51296.5
2024-07-30 10:05:56,056 | 9 | ---------------------------------------------------------------------------------
2024-07-30 10:05:56,166 | 10 | current BANKNIFTY24JUL51400PE price is 323.85
2024-07-30 10:05:56,166 | 12 | 60 qty BUY order placed for symbol: BANKNIFTY24JUL51400PE at 10:05:56
2024-07-30 10:05:56,166 | 45 | ---------------------------------------------------------------------------------
2024-07-30 10:05:56,166 | 46 | exited put leg - BANKNIFTY24JUL51400CE
2024-07-30 10:05:56,166 | 47 | changed the call leg threshold to callPrice(232.25) + oneLegSL(20) = 252.25
2024-07-30 10:05:56,182 | 48 | changed the lowerBandwidth to 20.0
2024-07-30 10:06:06,295 | 51 | ---------------------------------------------------------------------------------
2024-07-30 10:06:06,295 | 52 | call price 226.05 + put price 0 = 226.05
2024-07-30 10:06:06,295 | 53 | (lower limit) set threshold(252.25) - lowerBandwidth(20.0) is 232.25
2024-07-30 10:06:06,433 | 54 | current BANKNIFTY24JULFUT price is 51300.5
2024-07-30 10:06:06,438 | 57 | (upper limit) threshold to new value - callPrice(226.05) + putPrice(0) + LowerBandwidth(20.0)/2 = 236.05
2024-07-30 10:10:07,992 | 7 | ---------------------------------------------------------------------------------
2024-07-30 10:10:07,993 | 8 | call price(236.25) + put price(0) = 236.25
2024-07-30 10:10:07,995 | 9 | current set threshold is 236.05
2024-07-30 10:10:08,122 | 10 | current BANKNIFTY24JULFUT price is 51326.4
2024-07-30 10:10:08,871 | 9 | ---------------------------------------------------------------------------------
2024-07-30 10:10:09,012 | 10 | current BANKNIFTY24JUL51400CE price is 236.4
2024-07-30 10:10:09,014 | 12 | 60 qty BUY order placed for symbol: BANKNIFTY24JUL51400CE at 10:10:09
2024-07-30 10:10:09,015 | 23 | ---------------------------------------------------------------------------------
2024-07-30 10:10:09,016 | 24 | Trading ended thank you!!!!
2024-07-30 10:10:09,125 | 8 | 
+-----------------------+------------------+---------------+-------------------+----------------+----------+
|     tradingsymbol     | day_buy_quantity | day_buy_price | day_sell_quantity | day_sell_price |   pnl    |
+-----------------------+------------------+---------------+-------------------+----------------+----------+
| BANKNIFTY24JUL51400CE |        60        |     236.75    |         60        |    304.875     |  4087.5  |
| BANKNIFTY24JUL51400PE |        60        |    324.8125   |         60        |     246.5      | -4698.75 |
+-----------------------+------------------+---------------+-------------------+----------------+----------+