2024-08-19 09:34:23,833 | 3 | logged into session
2024-08-19 09:34:49,926 | 8 | ---------------------------------------------------------------------------------
2024-08-19 09:34:49,929 | 9 | MIDCPNIFTY24AUGFUT is selected, with qty of 250 for strikes MIDCPNIFTY2481912800PE and MIDCPNIFTY2481912800PE
2024-08-19 09:34:52,725 | 5 | ---------------------------------------------------------------------------------
2024-08-19 09:34:52,725 | 6 | MIDCPNIFTY2481912800PE(54.65) + MIDCPNIFTY2481912800PE(55.4) = 110.05
2024-08-19 09:34:52,725 | 7 | current set threshold is 114.0
2024-08-19 09:34:52,910 | 8 | current MIDCPNIFTY24AUGFUT price is 12810
2024-08-19 09:36:03,997 | 11 | ---------------------------------------------------------------------------------
2024-08-19 09:36:03,997 | 12 | call price(58.1) + put price(58.1) = 116.2
2024-08-19 09:36:04,002 | 13 | current set threshold is 114.0
2024-08-19 09:36:04,180 | 14 | current MIDCPNIFTY24AUGFUT price is 12804.1
2024-08-19 09:36:04,983 | 9 | ---------------------------------------------------------------------------------
2024-08-19 09:36:05,271 | 10 | current MIDCPNIFTY2481912800PE price is 57.45
2024-08-19 09:36:05,274 | 12 | 250 qty BUY order placed for symbol: MIDCPNIFTY2481912800PE at 09:36:05
2024-08-19 09:36:05,280 | 49 | ---------------------------------------------------------------------------------
2024-08-19 09:36:05,283 | 50 | exited put leg - MIDCPNIFTY2481912800PE
2024-08-19 09:36:05,285 | 51 | changed the call leg threshold to callPrice(58.1) + oneLegSL(10) = 68.1
2024-08-19 09:36:05,288 | 52 | changed the lowerBandwidth to 10.0
2024-08-19 09:37:06,436 | 11 | ---------------------------------------------------------------------------------
2024-08-19 09:37:06,446 | 12 | call price(68.85) + put price(0) = 68.85
2024-08-19 09:37:06,450 | 13 | current set threshold is 68.1
2024-08-19 09:37:06,544 | 14 | current MIDCPNIFTY24AUGFUT price is 12788
2024-08-19 09:37:07,299 | 9 | ---------------------------------------------------------------------------------
2024-08-19 09:37:07,354 | 10 | current MIDCPNIFTY2481912800PE price is 67.95
2024-08-19 09:37:07,362 | 12 | 250 qty BUY order placed for symbol: MIDCPNIFTY2481912800PE at 09:37:07
2024-08-19 09:37:07,366 | 27 | ---------------------------------------------------------------------------------
2024-08-19 09:37:07,368 | 28 | Trading ended thank you!!!!
2024-08-19 09:37:07,506 | 8 | 
+------------------------+------------------+---------------+-------------------+----------------+---------+
|     tradingsymbol      | day_buy_quantity | day_buy_price | day_sell_quantity | day_sell_price |   pnl   |
+------------------------+------------------+---------------+-------------------+----------------+---------+
| MIDCPNIFTY2481912800CE |        0         |      0.0      |        250        |     53.92      |  4817.5 |
| MIDCPNIFTY2481912800PE |       500        |      62.9     |        250        |      51.5      | -1612.5 |
+------------------------+------------------+---------------+-------------------+----------------+---------+
2024-08-19 09:39:30,173 | 3 | logged into session
2024-08-19 09:39:43,259 | 8 | ---------------------------------------------------------------------------------
2024-08-19 09:39:43,261 | 9 | MIDCPNIFTY24AUGFUT is selected, with qty of 250 for strikes MIDCPNIFTY2481912775PE and MIDCPNIFTY2481912775CE
2024-08-19 09:39:45,775 | 5 | ---------------------------------------------------------------------------------
2024-08-19 09:39:45,775 | 6 | MIDCPNIFTY2481912775CE(45.95) + MIDCPNIFTY2481912775PE(49.85) = 95.80000000000001
2024-08-19 09:39:45,775 | 7 | current set threshold is 68.1
2024-08-19 09:39:45,996 | 8 | current MIDCPNIFTY24AUGFUT price is 12790.35
2024-08-19 09:40:00,527 | 5 | ---------------------------------------------------------------------------------
2024-08-19 09:40:00,527 | 6 | MIDCPNIFTY2481912775CE(47) + MIDCPNIFTY2481912775PE(47.2) = 94.2
2024-08-19 09:40:00,527 | 7 | current set threshold is 105.0
2024-08-19 09:40:00,725 | 8 | current MIDCPNIFTY24AUGFUT price is 12797.25
2024-08-19 09:51:05,425 | 55 | ---------------------------------------------------------------------------------
2024-08-19 09:51:05,426 | 56 | call price 43.4 + put price 41.45 = 84.85
2024-08-19 09:51:05,427 | 57 | (lower limit) set threshold(105.0) - lowerBandwidth(20) is 85.0
2024-08-19 09:51:05,545 | 58 | current MIDCPNIFTY24AUGFUT price is 12798
2024-08-19 09:51:05,547 | 61 | (upper limit) threshold to new value - callPrice(43.4) + putPrice(41.45) + LowerBandwidth(20)/2 = 94.85
2024-08-19 09:54:02,305 | 11 | ---------------------------------------------------------------------------------
2024-08-19 09:54:02,306 | 12 | call price(32.05) + put price(65.05) = 97.1
2024-08-19 09:54:02,307 | 13 | current set threshold is 94.85
2024-08-19 09:54:02,408 | 14 | current MIDCPNIFTY24AUGFUT price is 12763.95
2024-08-19 09:54:03,103 | 9 | ---------------------------------------------------------------------------------
2024-08-19 09:54:03,207 | 10 | current MIDCPNIFTY2481912775PE price is 67.4
2024-08-19 09:54:03,208 | 12 | 250 qty BUY order placed for symbol: MIDCPNIFTY2481912775PE at 09:54:03
2024-08-19 09:54:03,209 | 49 | ---------------------------------------------------------------------------------
2024-08-19 09:54:03,212 | 50 | exited put leg - MIDCPNIFTY2481912775CE
2024-08-19 09:54:03,213 | 51 | changed the call leg threshold to callPrice(32.05) + oneLegSL(10) = 42.05
2024-08-19 09:54:03,215 | 52 | changed the lowerBandwidth to 10.0
2024-08-19 10:02:03,142 | 55 | ---------------------------------------------------------------------------------
2024-08-19 10:02:03,151 | 56 | call price 31.15 + put price 0 = 31.15
2024-08-19 10:02:03,152 | 57 | (lower limit) set threshold(42.05) - lowerBandwidth(10.0) is 32.05
2024-08-19 10:02:03,475 | 58 | current MIDCPNIFTY24AUGFUT price is 12768.5
2024-08-19 10:02:03,475 | 61 | (upper limit) threshold to new value - callPrice(31.15) + putPrice(0) + LowerBandwidth(10.0)/2 = 36.15
2024-08-19 10:04:06,676 | 55 | ---------------------------------------------------------------------------------
2024-08-19 10:04:06,676 | 56 | call price 25.05 + put price 0 = 25.05
2024-08-19 10:04:06,676 | 57 | (lower limit) set threshold(36.15) - lowerBandwidth(10.0) is 26.15
2024-08-19 10:04:06,876 | 58 | current MIDCPNIFTY24AUGFUT price is 12757
2024-08-19 10:04:06,885 | 61 | (upper limit) threshold to new value - callPrice(25.05) + putPrice(0) + LowerBandwidth(10.0)/2 = 30.05
2024-08-19 10:12:01,787 | 55 | ---------------------------------------------------------------------------------
2024-08-19 10:12:01,787 | 56 | call price 18.95 + put price 0 = 18.95
2024-08-19 10:12:01,787 | 57 | (lower limit) set threshold(30.05) - lowerBandwidth(10.0) is 20.05
2024-08-19 10:12:01,900 | 58 | current MIDCPNIFTY24AUGFUT price is 12722.4
2024-08-19 10:12:01,900 | 61 | (upper limit) threshold to new value - callPrice(18.95) + putPrice(0) + LowerBandwidth(10.0)/2 = 23.95
2024-08-19 10:27:04,916 | 55 | ---------------------------------------------------------------------------------
2024-08-19 10:27:04,916 | 56 | call price 13.9 + put price 0 = 13.9
2024-08-19 10:27:04,916 | 57 | (lower limit) set threshold(23.95) - lowerBandwidth(10.0) is 13.95
2024-08-19 10:27:05,025 | 58 | current MIDCPNIFTY24AUGFUT price is 12706.7
2024-08-19 10:27:05,025 | 61 | (upper limit) threshold to new value - callPrice(13.9) + putPrice(0) + LowerBandwidth(10.0)/2 = 18.9
2024-08-19 10:40:44,278 | 8 | 
+------------------------+------------------+---------------+-------------------+----------------+--------------------+
|     tradingsymbol      | day_buy_quantity | day_buy_price | day_sell_quantity | day_sell_price |        pnl         |
+------------------------+------------------+---------------+-------------------+----------------+--------------------+
| MIDCPNIFTY2481912775CE |       250        |     17.65     |        250        |      47.1      |       7362.5       |
| MIDCPNIFTY2481912775PE |       250        |     65.27     |        250        |     48.54      | -4182.499999999998 |
| MIDCPNIFTY2481912800CE |       250        |     38.75     |        250        |     53.92      |       3792.5       |
| MIDCPNIFTY2481912800PE |       500        |      62.9     |        500        |     57.085     |      -2907.5       |
+------------------------+------------------+---------------+-------------------+----------------+--------------------+
2024-08-19 12:07:37,271 | 3 | logged into session
2024-08-19 12:07:54,859 | 8 | ---------------------------------------------------------------------------------
2024-08-19 12:07:54,862 | 9 | MIDCPNIFTY24AUGFUT is selected, with qty of 250 for strikes MIDCPNIFTY2481912750PE and MIDCPNIFTY2481912750CE
2024-08-19 12:07:56,924 | 5 | ---------------------------------------------------------------------------------
2024-08-19 12:07:56,924 | 6 | MIDCPNIFTY2481912750CE(42.55) + MIDCPNIFTY2481912750PE(44) = 86.55
2024-08-19 12:07:56,924 | 7 | current set threshold is 97.0
2024-08-19 12:07:57,042 | 8 | current MIDCPNIFTY24AUGFUT price is 12771.95
2024-08-19 12:10:01,697 | 11 | ---------------------------------------------------------------------------------
2024-08-19 12:10:01,698 | 12 | call price(27.15) + put price(73.55) = 100.69999999999999
2024-08-19 12:10:01,699 | 13 | current set threshold is 97.0
2024-08-19 12:10:01,812 | 14 | current MIDCPNIFTY24AUGFUT price is 12727.4
2024-08-19 12:10:02,554 | 9 | ---------------------------------------------------------------------------------
2024-08-19 12:10:02,657 | 10 | current MIDCPNIFTY2481912750PE price is 74.6
2024-08-19 12:10:02,657 | 12 | 250 qty BUY order placed for symbol: MIDCPNIFTY2481912750PE at 12:10:02
2024-08-19 12:10:02,657 | 49 | ---------------------------------------------------------------------------------
2024-08-19 12:10:02,657 | 50 | exited put leg - MIDCPNIFTY2481912750CE
2024-08-19 12:10:02,657 | 51 | changed the call leg threshold to callPrice(27.15) + oneLegSL(10) = 37.15
2024-08-19 12:10:02,657 | 52 | changed the lowerBandwidth to 10.0
2024-08-19 12:12:57,126 | 11 | ---------------------------------------------------------------------------------
2024-08-19 12:12:57,126 | 12 | call price(42.5) + put price(0) = 42.5
2024-08-19 12:12:57,126 | 13 | current set threshold is 37.15
2024-08-19 12:12:57,315 | 14 | current MIDCPNIFTY24AUGFUT price is 12767.7
2024-08-19 12:12:58,059 | 9 | ---------------------------------------------------------------------------------
2024-08-19 12:12:58,114 | 10 | current MIDCPNIFTY2481912750CE price is 42.25
2024-08-19 12:12:58,114 | 12 | 150 qty BUY order placed for symbol: MIDCPNIFTY2481912750CE at 12:12:58
2024-08-19 12:12:58,114 | 27 | ---------------------------------------------------------------------------------
2024-08-19 12:12:58,114 | 28 | Trading ended thank you!!!!
2024-08-19 12:12:58,225 | 8 | 
+------------------------+------------------+---------------+-------------------+----------------+--------------------+
|     tradingsymbol      | day_buy_quantity | day_buy_price | day_sell_quantity | day_sell_price |        pnl         |
+------------------------+------------------+---------------+-------------------+----------------+--------------------+
| MIDCPNIFTY2481912750CE |       150        |     42.65     |        150        |     45.05      |       360.0        |
| MIDCPNIFTY2481912750PE |       250        |      74.5     |        250        |     53.59      |      -5227.5       |
| MIDCPNIFTY2481912775CE |       250        |     17.65     |        250        |      47.1      |       7362.5       |
| MIDCPNIFTY2481912775PE |       250        |     65.27     |        250        |     48.54      | -4182.499999999998 |
| MIDCPNIFTY2481912800CE |       250        |     38.75     |        250        |     53.92      |       3792.5       |
| MIDCPNIFTY2481912800PE |       500        |      62.9     |        500        |     57.085     |      -2907.5       |
+------------------------+------------------+---------------+-------------------+----------------+--------------------+
