2024-10-07 09:43:16,407 | 3 | logged into session
2024-10-07 09:46:10,867 | 8 | ---------------------------------------------------------------------------------
2024-10-07 09:46:10,867 | 9 | BANKNIFTY24SEPFUT is selected, with qty of 100 for strikes FINNIFTY24O0823700PE and FINNIFTY24O0823700CE
2024-10-07 09:46:26,151 | 5 | ---------------------------------------------------------------------------------
2024-10-07 09:46:26,153 | 6 | FINNIFTY24O0823700CE(103.25) + FINNIFTY24O0823700PE(120.35) = 223.6
2024-10-07 09:46:26,158 | 7 | current set threshold is 235.0
2024-10-07 09:46:41,859 | 8 | ---------------------------------------------------------------------------------
2024-10-07 09:46:41,861 | 9 | FINNIFTY24SEPFUT is selected, with qty of 100 for strikes FINNIFTY24O0823700PE and FINNIFTY24O0823700CE
2024-10-07 09:46:43,653 | 5 | ---------------------------------------------------------------------------------
2024-10-07 09:46:43,656 | 6 | FINNIFTY24O0823700CE(104) + FINNIFTY24O0823700PE(120.05) = 224.05
2024-10-07 09:46:43,659 | 7 | current set threshold is 235.0
2024-10-07 09:46:56,238 | 8 | ---------------------------------------------------------------------------------
2024-10-07 09:46:56,241 | 9 | FINNIFTY24OCTFUT is selected, with qty of 100 for strikes FINNIFTY24O0823700PE and FINNIFTY24O0823700CE
2024-10-07 09:46:57,178 | 5 | ---------------------------------------------------------------------------------
2024-10-07 09:46:57,180 | 6 | FINNIFTY24O0823700CE(99.75) + FINNIFTY24O0823700PE(125.55) = 225.3
2024-10-07 09:46:57,183 | 7 | current set threshold is 235.0
2024-10-07 09:46:57,277 | 8 | current FINNIFTY24OCTFUT price is 23850
2024-10-07 09:49:00,049 | 60 | ---------------------------------------------------------------------------------
2024-10-07 09:49:00,049 | 61 | call price 94.15 + put price 132.6 = 226.75
2024-10-07 09:49:00,049 | 62 | (lower limit) set threshold(248.0) - lowerBandwidth(20) is 228.0
2024-10-07 09:49:00,235 | 63 | current FINNIFTY24OCTFUT price is 23819.15
2024-10-07 09:49:00,235 | 66 | (upper limit) threshold to new value - callPrice(94.15) + putPrice(132.6) + LowerBandwidth(20)/2 = 236.75
2024-10-07 09:55:04,075 | 60 | ---------------------------------------------------------------------------------
2024-10-07 09:55:04,090 | 61 | call price 109.4 + put price 112.95 = 222.35000000000002
2024-10-07 09:55:04,090 | 62 | (lower limit) set threshold(245.0) - lowerBandwidth(20) is 225.0
2024-10-07 09:55:04,310 | 63 | current FINNIFTY24OCTFUT price is 23855.55
2024-10-07 09:55:04,310 | 66 | (upper limit) threshold to new value - callPrice(109.4) + putPrice(112.95) + LowerBandwidth(20)/2 = 232.35000000000002
2024-10-07 10:49:43,556 | 3 | logged into session
2024-10-07 10:49:50,316 | 8 | ---------------------------------------------------------------------------------
2024-10-07 10:49:50,318 | 9 | FINNIFTY24OCTFUT is selected, with qty of 100 for strikes FINNIFTY24O0823700PE and FINNIFTY24O0823700CE
2024-10-07 10:49:52,804 | 5 | ---------------------------------------------------------------------------------
2024-10-07 10:49:52,808 | 6 | FINNIFTY24O0823700CE(57.2) + FINNIFTY24O0823700PE(197.95) = 255.14999999999998
2024-10-07 10:49:52,812 | 7 | current set threshold is 235.0
2024-10-07 10:49:52,862 | 8 | current FINNIFTY24OCTFUT price is 23728.6
2024-10-07 10:51:01,921 | 60 | ---------------------------------------------------------------------------------
2024-10-07 10:51:01,921 | 61 | call price 62.15 + put price 0 = 62.15
2024-10-07 10:51:01,921 | 62 | (lower limit) set threshold(235.0) - lowerBandwidth(20) is 215.0
2024-10-07 10:51:02,029 | 63 | current FINNIFTY24OCTFUT price is 23740
2024-10-07 10:51:02,038 | 66 | (upper limit) threshold to new value - callPrice(62.15) + putPrice(0) + LowerBandwidth(20)/2 = 72.15
2024-10-07 10:58:07,060 | 60 | ---------------------------------------------------------------------------------
2024-10-07 10:58:07,062 | 61 | call price 51.65 + put price 0 = 51.65
2024-10-07 10:58:07,062 | 62 | (lower limit) set threshold(72.15) - lowerBandwidth(20) is 52.150000000000006
2024-10-07 10:58:07,200 | 63 | current FINNIFTY24OCTFUT price is 23686.7
2024-10-07 10:58:07,213 | 66 | (upper limit) threshold to new value - callPrice(51.65) + putPrice(0) + LowerBandwidth(20)/2 = 61.65
2024-10-07 11:04:04,934 | 60 | ---------------------------------------------------------------------------------
2024-10-07 11:04:04,934 | 61 | call price 41.2 + put price 0 = 41.2
2024-10-07 11:04:04,945 | 62 | (lower limit) set threshold(61.65) - lowerBandwidth(20) is 41.65
2024-10-07 11:04:05,144 | 63 | current FINNIFTY24OCTFUT price is 23661.45
2024-10-07 11:04:05,152 | 66 | (upper limit) threshold to new value - callPrice(41.2) + putPrice(0) + LowerBandwidth(20)/2 = 51.2
2024-10-07 11:10:28,922 | 8 | ---------------------------------------------------------------------------------
2024-10-07 11:10:28,927 | 9 | FINNIFTY24OCTFUT is selected, with qty of 75 for strikes FINNIFTY24O0823550PE and FINNIFTY24O0823550CE
2024-10-07 11:10:40,084 | 5 | ---------------------------------------------------------------------------------
2024-10-07 11:10:40,090 | 6 | FINNIFTY24O0823550CE(99.35) + FINNIFTY24O0823550PE(142.3) = 241.65
2024-10-07 11:10:40,094 | 7 | current set threshold is 250.0
2024-10-07 11:10:40,203 | 8 | current FINNIFTY24OCTFUT price is 23669.05
2024-10-07 11:24:09,091 | 16 | ---------------------------------------------------------------------------------
2024-10-07 11:24:09,097 | 17 | call price(181.95) + put price(68.1) = 250.04999999999998
2024-10-07 11:24:09,109 | 18 | current set threshold is 250.0
2024-10-07 11:24:09,232 | 19 | current FINNIFTY24OCTFUT price is 23822.05
2024-10-07 11:24:09,975 | 9 | ---------------------------------------------------------------------------------
2024-10-07 11:24:10,093 | 10 | current FINNIFTY24O0823550CE price is 183.75
2024-10-07 11:24:10,100 | 12 | 75 qty BUY order placed for symbol: FINNIFTY24O0823550CE at 11:24:10
2024-10-07 11:24:10,115 | 44 | ---------------------------------------------------------------------------------
2024-10-07 11:24:10,124 | 45 | exited call leg - FINNIFTY24O0823550CE
2024-10-07 11:24:10,134 | 46 | changed the put leg threshold to putPrice(68.1) + oneLegSL(10) = 78.1
2024-10-07 11:24:10,143 | 47 | changed the lowerBandwidth to 10.0
2024-10-07 11:25:02,845 | 16 | ---------------------------------------------------------------------------------
2024-10-07 11:25:02,852 | 17 | call price(0) + put price(78.15) = 78.15
2024-10-07 11:25:02,856 | 18 | current set threshold is 78.1
2024-10-07 11:25:02,976 | 19 | current FINNIFTY24OCTFUT price is 23806.05
2024-10-07 11:25:03,725 | 9 | ---------------------------------------------------------------------------------
2024-10-07 11:25:03,836 | 10 | current FINNIFTY24O0823550PE price is 75.65
2024-10-07 11:25:03,837 | 12 | 75 qty BUY order placed for symbol: FINNIFTY24O0823550PE at 11:25:03
2024-10-07 11:25:03,839 | 24 | ---------------------------------------------------------------------------------
2024-10-07 11:25:03,843 | 25 | Trading ended thank you!!!!
2024-10-07 11:25:03,996 | 8 | 
+----------------------+------------------+--------------------+-------------------+----------------+--------------------+
|    tradingsymbol     | day_buy_quantity |   day_buy_price    | day_sell_quantity | day_sell_price |        pnl         |
+----------------------+------------------+--------------------+-------------------+----------------+--------------------+
| FINNIFTY24O0823550CE |        75        | 181.83333333333331 |         75        |     105.95     | -5691.249999999998 |
| FINNIFTY24O0823550PE |        75        |        76.1        |         75        |     130.65     |      4091.25       |
| FINNIFTY24O0823700CE |       100        |        50.1        |        100        |     100.6      |       5050.0       |
| FINNIFTY24O0823700PE |       100        |       182.35       |        100        |     124.95     |      -5740.0       |
+----------------------+------------------+--------------------+-------------------+----------------+--------------------+
2024-10-07 11:26:11,000 | 8 | ---------------------------------------------------------------------------------
2024-10-07 11:26:11,005 | 9 | FINNIFTY24OCTFUT is selected, with qty of 75 for strikes FINNIFTY24O0823550PE and FINNIFTY24O0823550CE
2024-10-07 11:26:14,386 | 5 | ---------------------------------------------------------------------------------
2024-10-07 11:26:14,393 | 6 | FINNIFTY24O0823550CE(180) + FINNIFTY24O0823550PE(72.6) = 252.6
2024-10-07 11:26:14,394 | 7 | current set threshold is 78.1
2024-10-07 11:26:14,529 | 8 | current FINNIFTY24OCTFUT price is 23827.6
2024-10-07 11:26:27,535 | 12 | ---------------------------------------------------------------------------------
2024-10-07 11:26:27,543 | 13 | ##################### sudden spike in price be carefull !!! #####################
2024-10-07 11:26:27,547 | 14 | ##################### sudden spike in price be carefull !!! #####################
2024-10-07 11:26:27,550 | 15 | ##################### sudden spike in price be carefull !!! #####################
2024-10-07 11:26:27,550 | 16 | ---------------------------------------------------------------------------------
2024-10-07 11:26:27,561 | 17 | call price(187.55) + put price(70.7) = 258.25
2024-10-07 11:26:27,567 | 18 | current set threshold is 78.1
2024-10-07 11:26:27,682 | 19 | current FINNIFTY24OCTFUT price is 23825
2024-10-07 11:26:28,558 | 9 | ---------------------------------------------------------------------------------
2024-10-07 11:26:28,680 | 10 | current FINNIFTY24O0823550CE price is 190.2
2024-10-07 11:26:28,683 | 12 | 75 qty BUY order placed for symbol: FINNIFTY24O0823550CE at 11:26:28
2024-10-07 11:26:28,687 | 44 | ---------------------------------------------------------------------------------
2024-10-07 11:26:28,687 | 45 | exited call leg - FINNIFTY24O0823550CE
2024-10-07 11:26:28,694 | 46 | changed the put leg threshold to putPrice(70.7) + oneLegSL(10) = 80.7
2024-10-07 11:26:28,698 | 47 | changed the lowerBandwidth to 5.0
2024-10-07 11:27:04,361 | 16 | ---------------------------------------------------------------------------------
2024-10-07 11:27:04,368 | 17 | call price(0) + put price(84.05) = 84.05
2024-10-07 11:27:04,380 | 18 | current set threshold is 80.7
2024-10-07 11:27:04,522 | 19 | current FINNIFTY24OCTFUT price is 23795.9
2024-10-07 11:27:05,319 | 9 | ---------------------------------------------------------------------------------
2024-10-07 11:27:05,430 | 10 | current FINNIFTY24O0823550PE price is 82.6
2024-10-07 11:27:05,436 | 12 | 75 qty BUY order placed for symbol: FINNIFTY24O0823550PE at 11:27:05
2024-10-07 11:27:05,437 | 24 | ---------------------------------------------------------------------------------
2024-10-07 11:27:05,445 | 25 | Trading ended thank you!!!!
2024-10-07 11:27:05,596 | 8 | 
+----------------------+------------------+--------------------+-------------------+----------------+--------------------+
|    tradingsymbol     | day_buy_quantity |   day_buy_price    | day_sell_quantity | day_sell_price |        pnl         |
+----------------------+------------------+--------------------+-------------------+----------------+--------------------+
| FINNIFTY24O0823550CE |        75        | 181.83333333333331 |         75        |     105.95     | -5691.249999999998 |
| FINNIFTY24O0823550PE |       150        |       79.075       |        150        |     103.45     |      3656.25       |
| FINNIFTY24O0823700CE |       100        |        50.1        |        100        |     100.6      |       5050.0       |
| FINNIFTY24O0823700PE |       100        |       182.35       |        100        |     124.95     |      -5740.0       |
+----------------------+------------------+--------------------+-------------------+----------------+--------------------+
