2024-09-04 09:28:51,739 | 3 | logged into session
2024-09-04 09:30:02,484 | 8 | ---------------------------------------------------------------------------------
2024-09-04 09:30:02,486 | 9 | NIFTY24SEPFUT is selected, with qty of 150 for strikes NIFTY2490525100PE and NIFTY2490525100CE
2024-09-04 09:30:05,237 | 5 | ---------------------------------------------------------------------------------
2024-09-04 09:30:05,237 | 6 | NIFTY2490525100CE(82.6) + NIFTY2490525100PE(86.05) = 168.64999999999998
2024-09-04 09:30:05,237 | 7 | current set threshold is 185.0
2024-09-04 09:30:05,326 | 8 | current NIFTY24SEPFUT price is 25185.05
2024-09-04 10:00:07,873 | 60 | ---------------------------------------------------------------------------------
2024-09-04 10:00:07,873 | 61 | call price 83.65 + put price 77.55 = 161.2
2024-09-04 10:00:07,873 | 62 | (lower limit) set threshold(182.0) - lowerBandwidth(20) is 162.0
2024-09-04 10:00:07,963 | 63 | current NIFTY24SEPFUT price is 25196
2024-09-04 10:00:07,963 | 66 | (upper limit) threshold to new value - callPrice(83.65) + putPrice(77.55) + LowerBandwidth(20)/2 = 171.2
2024-09-04 11:01:01,257 | 60 | ---------------------------------------------------------------------------------
2024-09-04 11:01:01,257 | 61 | call price 88.75 + put price 61.85 = 150.6
2024-09-04 11:01:01,257 | 62 | (lower limit) set threshold(171.2) - lowerBandwidth(20) is 151.2
2024-09-04 11:01:01,407 | 63 | current NIFTY24SEPFUT price is 25204.75
2024-09-04 11:01:01,416 | 66 | (upper limit) threshold to new value - callPrice(88.75) + putPrice(61.85) + LowerBandwidth(20)/2 = 160.6
2024-09-04 12:10:02,464 | 8 | 
+-------------------+------------------+---------------+-------------------+----------------+------+
|   tradingsymbol   | day_buy_quantity | day_buy_price | day_sell_quantity | day_sell_price | pnl  |
+-------------------+------------------+---------------+-------------------+----------------+------+
| NIFTY2490525100CE |       100        |     88.25     |        100        |      88.1      | -15  |
| NIFTY2490525100PE |       100        |     60.15     |        100        |     83.65      | 2350 |
+-------------------+------------------+---------------+-------------------+----------------+------+
