2024-09-23 09:24:19,802 | 3 | logged into session
2024-09-23 09:36:07,789 | 8 | ---------------------------------------------------------------------------------
2024-09-23 09:36:07,791 | 9 | FINNIFTY24SEPFUT is selected, with qty of 100 for strikes FINNIFTY24SEP24850PE and FINNIFTY24SEP24850CE
2024-09-23 09:36:15,332 | 5 | ---------------------------------------------------------------------------------
2024-09-23 09:36:15,332 | 6 | FINNIFTY24SEP24850CE(98.4) + FINNIFTY24SEP24850PE(114.6) = 213.0
2024-09-23 09:36:15,332 | 7 | current set threshold is 224.0
2024-09-23 09:36:15,438 | 8 | current FINNIFTY24SEPFUT price is 24834.3
2024-09-23 09:59:00,444 | 60 | ---------------------------------------------------------------------------------
2024-09-23 09:59:00,444 | 61 | call price 105.1 + put price 97.7 = 202.8
2024-09-23 09:59:00,444 | 62 | (lower limit) set threshold(223.0) - lowerBandwidth(20) is 203.0
2024-09-23 09:59:00,546 | 63 | current FINNIFTY24SEPFUT price is 24864.2
2024-09-23 09:59:00,548 | 66 | (upper limit) threshold to new value - callPrice(105.1) + putPrice(97.7) + LowerBandwidth(20)/2 = 212.8
2024-09-23 13:06:01,884 | 16 | ---------------------------------------------------------------------------------
2024-09-23 13:06:01,885 | 17 | call price(112.75) + put price(70.35) = 183.1
2024-09-23 13:06:01,886 | 18 | current set threshold is 183.0
2024-09-23 13:06:01,998 | 19 | current FINNIFTY24SEPFUT price is 24890.55
2024-09-23 13:06:02,745 | 9 | ---------------------------------------------------------------------------------
2024-09-23 13:06:02,838 | 10 | current FINNIFTY24SEP24850CE price is 112.45
2024-09-23 13:06:02,839 | 12 | 100 qty BUY order placed for symbol: FINNIFTY24SEP24850CE at 13:06:02
2024-09-23 13:06:02,842 | 44 | ---------------------------------------------------------------------------------
2024-09-23 13:06:02,843 | 45 | exited call leg - FINNIFTY24SEP24850CE
2024-09-23 13:06:02,845 | 46 | changed the put leg threshold to putPrice(70.35) + oneLegSL(10) = 80.35
2024-09-23 13:06:02,847 | 47 | changed the lowerBandwidth to 10.0
2024-09-23 13:07:03,448 | 60 | ---------------------------------------------------------------------------------
2024-09-23 13:07:03,449 | 61 | call price 0 + put price 64 = 64
2024-09-23 13:07:03,449 | 62 | (lower limit) set threshold(80.35) - lowerBandwidth(10.0) is 70.35
2024-09-23 13:07:03,540 | 63 | current FINNIFTY24SEPFUT price is 24914.5
2024-09-23 13:07:03,543 | 66 | (upper limit) threshold to new value - callPrice(0) + putPrice(64) + LowerBandwidth(10.0)/2 = 69.0
2024-09-23 13:25:04,551 | 60 | ---------------------------------------------------------------------------------
2024-09-23 13:25:04,552 | 61 | call price 0 + put price 58.8 = 58.8
2024-09-23 13:25:04,552 | 62 | (lower limit) set threshold(69.0) - lowerBandwidth(10.0) is 59.0
2024-09-23 13:25:04,645 | 63 | current FINNIFTY24SEPFUT price is 24920
2024-09-23 13:25:04,647 | 66 | (upper limit) threshold to new value - callPrice(0) + putPrice(58.8) + LowerBandwidth(10.0)/2 = 63.8
2024-09-23 13:51:01,236 | 16 | ---------------------------------------------------------------------------------
2024-09-23 13:51:01,237 | 17 | call price(0) + put price(62.25) = 62.25
2024-09-23 13:51:01,238 | 18 | current set threshold is 62.0
2024-09-23 13:51:01,380 | 19 | current FINNIFTY24SEPFUT price is 24906.15
2024-09-23 13:51:02,279 | 9 | ---------------------------------------------------------------------------------
2024-09-23 13:51:02,401 | 10 | current FINNIFTY24SEP24850PE price is 62.4
2024-09-23 13:51:02,402 | 12 | 100 qty BUY order placed for symbol: FINNIFTY24SEP24850PE at 13:51:02
2024-09-23 13:51:02,403 | 24 | ---------------------------------------------------------------------------------
2024-09-23 13:51:02,405 | 25 | Trading ended thank you!!!!
2024-09-23 13:51:02,603 | 8 | 
+----------------------+------------------+---------------+-------------------+----------------+------+
|    tradingsymbol     | day_buy_quantity | day_buy_price | day_sell_quantity | day_sell_price | pnl  |
+----------------------+------------------+---------------+-------------------+----------------+------+
| FINNIFTY24SEP24850CE |       100        |     112.6     |        100        |     113.0      |  40  |
| FINNIFTY24SEP24850PE |       100        |      62.4     |        100        |     101.55     | 3915 |
+----------------------+------------------+---------------+-------------------+----------------+------+
