2024-08-01 09:08:22,430 | 3 | logged into session
2024-08-01 09:16:02,969 | 8 | ---------------------------------------------------------------------------------
2024-08-01 09:16:02,969 | 9 | NIFTY24AUGFUT is selected, with qty of 150 for strikes NIFTY2480125000PE and NIFTY2480125000CE
2024-08-01 09:16:05,175 | 5 | ---------------------------------------------------------------------------------
2024-08-01 09:16:05,175 | 6 | NIFTY2480125000CE(83.25) + NIFTY2480125000PE(55.15) = 138.4
2024-08-01 09:16:05,175 | 7 | current set threshold is 173.0
2024-08-01 09:16:05,225 | 8 | current NIFTY24AUGFUT price is 25077
2024-08-01 09:16:12,886 | 5 | ---------------------------------------------------------------------------------
2024-08-01 09:16:12,886 | 6 | NIFTY2480125000CE(83) + NIFTY2480125000PE(54.35) = 137.35
2024-08-01 09:16:12,886 | 7 | current set threshold is 150.0
2024-08-01 09:16:12,987 | 8 | current NIFTY24AUGFUT price is 25079.3
2024-08-01 09:22:08,168 | 7 | ---------------------------------------------------------------------------------
2024-08-01 09:22:08,168 | 8 | call price(118.25) + put price(32.4) = 150.65
2024-08-01 09:22:08,168 | 9 | current set threshold is 150.0
2024-08-01 09:22:08,215 | 10 | current NIFTY24AUGFUT price is 25126.7
2024-08-01 09:22:08,911 | 9 | ---------------------------------------------------------------------------------
2024-08-01 09:22:09,011 | 10 | current NIFTY2480125000CE price is 117.2
2024-08-01 09:22:09,011 | 12 | 150 qty BUY order placed for symbol: NIFTY2480125000CE at 09:22:09
2024-08-01 09:22:09,011 | 35 | ---------------------------------------------------------------------------------
2024-08-01 09:22:09,011 | 36 | exited call leg - NIFTY2480125000CE
2024-08-01 09:22:09,011 | 37 | changed the put leg threshold to putPrice(32.4) + oneLegSL(10) = 42.4
2024-08-01 09:22:09,011 | 38 | changed the lowerBandwidth to 10.0
2024-08-01 09:23:09,606 | 51 | ---------------------------------------------------------------------------------
2024-08-01 09:23:09,606 | 52 | call price 0 + put price 32 = 32
2024-08-01 09:23:09,606 | 53 | (lower limit) set threshold(42.4) - lowerBandwidth(10.0) is 32.4
2024-08-01 09:23:09,805 | 54 | current NIFTY24AUGFUT price is 25124.65
2024-08-01 09:23:09,805 | 57 | (upper limit) threshold to new value - callPrice(0) + putPrice(32) + LowerBandwidth(10.0)/2 = 37.0
2024-08-01 09:49:09,356 | 51 | ---------------------------------------------------------------------------------
2024-08-01 09:49:09,356 | 52 | call price 0 + put price 24.3 = 24.3
2024-08-01 09:49:09,357 | 53 | (lower limit) set threshold(37.0) - lowerBandwidth(10.0) is 27.0
2024-08-01 09:49:09,463 | 54 | current NIFTY24AUGFUT price is 25108.35
2024-08-01 09:49:09,466 | 57 | (upper limit) threshold to new value - callPrice(0) + putPrice(24.3) + LowerBandwidth(10.0)/2 = 29.3
2024-08-01 09:50:00,106 | 7 | ---------------------------------------------------------------------------------
2024-08-01 09:50:00,107 | 8 | call price(0) + put price(31.4) = 31.4
2024-08-01 09:50:00,108 | 9 | current set threshold is 29.3
2024-08-01 09:50:00,212 | 10 | current NIFTY24AUGFUT price is 25095
2024-08-01 09:50:00,929 | 9 | ---------------------------------------------------------------------------------
2024-08-01 09:50:01,019 | 10 | current NIFTY2480125000PE price is 31.45
2024-08-01 09:50:01,019 | 12 | 150 qty BUY order placed for symbol: NIFTY2480125000PE at 09:50:01
2024-08-01 09:50:01,019 | 15 | ---------------------------------------------------------------------------------
2024-08-01 09:50:01,024 | 16 | Trading ended thank you!!!!
2024-08-01 09:50:01,132 | 8 | 
+-------------------+------------------+--------------------+-------------------+-------------------+--------------------+
|   tradingsymbol   | day_buy_quantity |   day_buy_price    | day_sell_quantity |   day_sell_price  |        pnl         |
+-------------------+------------------+--------------------+-------------------+-------------------+--------------------+
| NIFTY2480125000CE |       150        | 117.40833333333335 |        150        | 77.16666666666667 | -6036.250000000004 |
| NIFTY2480125000PE |       150        |        31.8        |        150        |        59.9       |       4215.0       |
+-------------------+------------------+--------------------+-------------------+-------------------+--------------------+
