2024-09-06 09:56:20,270 | 3 | logged into session
2024-09-06 09:58:47,077 | 8 | ---------------------------------------------------------------------------------
2024-09-06 09:58:47,079 | 9 | NIFTY24SEPFUT is selected, with qty of 40 for strikes SENSEX2490681700PE and SENSEX2490681700CE
2024-09-06 10:00:39,837 | 8 | ---------------------------------------------------------------------------------
2024-09-06 10:00:39,838 | 9 | MIDCPNIFTY24SEPFUT is selected, with qty of 200 for strikes MIDCPNIFTY2490913200PE and MIDCPNIFTY2490913200PE
2024-09-06 10:00:47,032 | 5 | ---------------------------------------------------------------------------------
2024-09-06 10:00:47,034 | 6 | MIDCPNIFTY2490913200PE(61.25) + MIDCPNIFTY2490913200PE(61.25) = 122.5
2024-09-06 10:00:47,036 | 7 | current set threshold is 141.0
2024-09-06 10:00:47,166 | 8 | current MIDCPNIFTY24SEPFUT price is 13244.8
2024-09-06 10:04:42,414 | 12 | ---------------------------------------------------------------------------------
2024-09-06 10:04:42,415 | 13 | ##################### sudden spike in price be carefull !!! #####################
2024-09-06 10:04:42,416 | 14 | ##################### sudden spike in price be carefull !!! #####################
2024-09-06 10:04:42,418 | 15 | ##################### sudden spike in price be carefull !!! #####################
2024-09-06 10:04:42,419 | 16 | ---------------------------------------------------------------------------------
2024-09-06 10:04:42,422 | 17 | call price(77.85) + put price(77.85) = 155.7
2024-09-06 10:04:42,424 | 18 | current set threshold is 141.0
2024-09-06 10:04:42,537 | 19 | current MIDCPNIFTY24SEPFUT price is 13218.45
2024-09-06 10:04:43,268 | 9 | ---------------------------------------------------------------------------------
2024-09-06 10:04:43,375 | 10 | current MIDCPNIFTY2490913200PE price is 77.6
2024-09-06 10:04:43,377 | 12 | 200 qty BUY order placed for symbol: MIDCPNIFTY2490913200PE at 10:04:43
2024-09-06 10:04:43,381 | 54 | ---------------------------------------------------------------------------------
2024-09-06 10:04:43,382 | 55 | exited put leg - MIDCPNIFTY2490913200PE
2024-09-06 10:04:43,383 | 56 | changed the call leg threshold to callPrice(77.85) + oneLegSL(10) = 87.85
2024-09-06 10:04:43,385 | 57 | changed the lowerBandwidth to 10.0
2024-09-06 10:05:44,642 | 12 | ---------------------------------------------------------------------------------
2024-09-06 10:05:44,642 | 13 | ##################### sudden spike in price be carefull !!! #####################
2024-09-06 10:05:44,643 | 14 | ##################### sudden spike in price be carefull !!! #####################
2024-09-06 10:05:44,644 | 15 | ##################### sudden spike in price be carefull !!! #####################
2024-09-06 10:05:44,645 | 16 | ---------------------------------------------------------------------------------
2024-09-06 10:05:44,647 | 17 | call price(94.25) + put price(0) = 94.25
2024-09-06 10:05:44,648 | 18 | current set threshold is 87.85
2024-09-06 10:05:44,752 | 19 | current MIDCPNIFTY24SEPFUT price is 13196.6
2024-09-06 10:05:45,515 | 9 | ---------------------------------------------------------------------------------
2024-09-06 10:05:45,616 | 10 | current MIDCPNIFTY2490913200PE price is 94.6
2024-09-06 10:05:45,618 | 12 | 200 qty BUY order placed for symbol: MIDCPNIFTY2490913200PE at 10:05:45
2024-09-06 10:05:45,618 | 32 | ---------------------------------------------------------------------------------
2024-09-06 10:05:45,620 | 33 | Trading ended thank you!!!!
2024-09-06 10:05:45,725 | 8 | 
+------------------------+------------------+---------------+-------------------+----------------+---------+
|     tradingsymbol      | day_buy_quantity | day_buy_price | day_sell_quantity | day_sell_price |   pnl   |
+------------------------+------------------+---------------+-------------------+----------------+---------+
| MIDCPNIFTY2490913200CE |        0         |      0.0      |        200        |     68.325     |  2995.0 |
| MIDCPNIFTY2490913200PE |       400        |    86.35625   |        200        |      60.8      | -3462.5 |
|   SENSEX2490681700CE   |        40        |    221.9125   |         40        |     259.0      |  1483.5 |
|   SENSEX2490681700PE   |        40        |    321.4625   |         40        |     296.65     |  -992.5 |
+------------------------+------------------+---------------+-------------------+----------------+---------+
2024-09-06 10:07:16,533 | 8 | 
+------------------------+------------------+---------------+-------------------+----------------+---------+
|     tradingsymbol      | day_buy_quantity | day_buy_price | day_sell_quantity | day_sell_price |   pnl   |
+------------------------+------------------+---------------+-------------------+----------------+---------+
|   SENSEX2490681700CE   |        40        |    221.9125   |         40        |     259.0      |  1483.5 |
|   SENSEX2490681700PE   |        40        |    321.4625   |         40        |     296.65     |  -992.5 |
| MIDCPNIFTY2490913200CE |       200        |     53.925    |        200        |     68.325     |  2880.0 |
| MIDCPNIFTY2490913200PE |       400        |    86.35625   |        400        |      76.8      | -3822.5 |
+------------------------+------------------+---------------+-------------------+----------------+---------+
