2024-09-18 09:34:21,840 | 3 | logged into session
2024-09-18 09:36:22,631 | 8 | ---------------------------------------------------------------------------------
2024-09-18 09:36:22,641 | 9 | NIFTY24SEPFUT is selected, with qty of 100 for strikes NIFTY2491925400PE and NIFTY2491925400CE
2024-09-18 09:36:33,945 | 5 | ---------------------------------------------------------------------------------
2024-09-18 09:36:33,948 | 6 | NIFTY2491925400CE(96.75) + NIFTY2491925400PE(98.3) = 195.05
2024-09-18 09:36:33,952 | 7 | current set threshold is 205.0
2024-09-18 09:36:34,058 | 8 | current NIFTY24SEPFUT price is 25426.8
2024-09-18 09:51:01,559 | 16 | ---------------------------------------------------------------------------------
2024-09-18 09:51:01,559 | 17 | call price(123.55) + put price(82.4) = 205.95
2024-09-18 09:51:01,559 | 18 | current set threshold is 205.0
2024-09-18 09:51:01,659 | 19 | current NIFTY24SEPFUT price is 25474.4
2024-09-18 09:51:02,434 | 9 | ---------------------------------------------------------------------------------
2024-09-18 09:51:02,565 | 10 | current NIFTY2491925400CE price is 125
2024-09-18 09:51:02,565 | 12 | 100 qty BUY order placed for symbol: NIFTY2491925400CE at 09:51:02
2024-09-18 09:51:02,574 | 44 | ---------------------------------------------------------------------------------
2024-09-18 09:51:02,574 | 45 | exited call leg - NIFTY2491925400CE
2024-09-18 09:51:02,574 | 46 | changed the put leg threshold to putPrice(82.4) + oneLegSL(10) = 92.4
2024-09-18 09:51:02,592 | 47 | changed the lowerBandwidth to 10.0
2024-09-18 10:05:00,954 | 16 | ---------------------------------------------------------------------------------
2024-09-18 10:05:00,959 | 17 | call price(0) + put price(93.35) = 93.35
2024-09-18 10:05:00,963 | 18 | current set threshold is 92.4
2024-09-18 10:05:01,177 | 19 | current NIFTY24SEPFUT price is 25444.85
2024-09-18 10:05:01,922 | 9 | ---------------------------------------------------------------------------------
2024-09-18 10:05:02,103 | 10 | current NIFTY2491925400PE price is 94.3
2024-09-18 10:05:02,107 | 12 | 100 qty BUY order placed for symbol: NIFTY2491925400PE at 10:05:02
2024-09-18 10:05:02,110 | 24 | ---------------------------------------------------------------------------------
2024-09-18 10:05:02,112 | 25 | Trading ended thank you!!!!
2024-09-18 10:05:02,229 | 8 | 
+-------------------+------------------+---------------+-------------------+----------------+----------+
|   tradingsymbol   | day_buy_quantity | day_buy_price | day_sell_quantity | day_sell_price |   pnl    |
+-------------------+------------------+---------------+-------------------+----------------+----------+
| NIFTY2491925400CE |       100        |     124.85    |        100        |    98.1125     | -2673.75 |
| NIFTY2491925400PE |       100        |     93.95     |        100        |     96.25      |  230.0   |
+-------------------+------------------+---------------+-------------------+----------------+----------+
