2024-09-19 09:17:53,993 | 3 | logged into session
2024-09-19 09:31:31,135 | 8 | ---------------------------------------------------------------------------------
2024-09-19 09:31:31,138 | 9 | NIFTY24SEPFUT is selected, with qty of 100 for strikes NIFTY2491925550PE and NIFTY2491925550CE
2024-09-19 09:31:33,997 | 5 | ---------------------------------------------------------------------------------
2024-09-19 09:31:34,001 | 6 | NIFTY2491925550CE(62.95) + NIFTY2491925550PE(44.15) = 107.1
2024-09-19 09:31:34,002 | 7 | current set threshold is 92.4
2024-09-19 09:31:34,111 | 8 | current NIFTY24SEPFUT price is 25594.7
2024-09-19 09:31:46,734 | 5 | ---------------------------------------------------------------------------------
2024-09-19 09:31:46,734 | 6 | NIFTY2491925550CE(61.7) + NIFTY2491925550PE(44.65) = 106.35
2024-09-19 09:31:46,734 | 7 | current set threshold is 120.0
2024-09-19 09:31:46,841 | 8 | current NIFTY24SEPFUT price is 25592.45
2024-09-19 09:41:00,941 | 12 | ---------------------------------------------------------------------------------
2024-09-19 09:41:00,941 | 13 | ##################### sudden spike in price be carefull !!! #####################
2024-09-19 09:41:00,941 | 14 | ##################### sudden spike in price be carefull !!! #####################
2024-09-19 09:41:00,951 | 15 | ##################### sudden spike in price be carefull !!! #####################
2024-09-19 09:41:00,951 | 16 | ---------------------------------------------------------------------------------
2024-09-19 09:41:00,951 | 17 | call price(93.35) + put price(29.15) = 122.5
2024-09-19 09:41:00,951 | 18 | current set threshold is 105.0
2024-09-19 09:41:01,051 | 19 | current NIFTY24SEPFUT price is 25627.8
2024-09-19 09:41:01,778 | 9 | ---------------------------------------------------------------------------------
2024-09-19 09:41:01,878 | 10 | current NIFTY2491925550CE price is 90.4
2024-09-19 09:41:01,883 | 12 | 100 qty BUY order placed for symbol: NIFTY2491925550CE at 09:41:01
2024-09-19 09:41:01,883 | 44 | ---------------------------------------------------------------------------------
2024-09-19 09:41:01,888 | 45 | exited call leg - NIFTY2491925550CE
2024-09-19 09:41:01,888 | 46 | changed the put leg threshold to putPrice(29.15) + oneLegSL(10) = 39.15
2024-09-19 09:41:01,893 | 47 | changed the lowerBandwidth to 10.0
2024-09-19 09:42:02,273 | 60 | ---------------------------------------------------------------------------------
2024-09-19 09:42:02,274 | 61 | call price 0 + put price 27.55 = 27.55
2024-09-19 09:42:02,274 | 62 | (lower limit) set threshold(39.15) - lowerBandwidth(10.0) is 29.15
2024-09-19 09:42:02,329 | 63 | current NIFTY24SEPFUT price is 25618.4
2024-09-19 09:42:02,333 | 66 | (upper limit) threshold to new value - callPrice(0) + putPrice(27.55) + LowerBandwidth(10.0)/2 = 32.55
2024-09-19 09:44:03,806 | 60 | ---------------------------------------------------------------------------------
2024-09-19 09:44:03,806 | 61 | call price 0 + put price 22.15 = 22.15
2024-09-19 09:44:03,806 | 62 | (lower limit) set threshold(32.55) - lowerBandwidth(10.0) is 22.549999999999997
2024-09-19 09:44:03,916 | 63 | current NIFTY24SEPFUT price is 25623
2024-09-19 09:44:03,916 | 66 | (upper limit) threshold to new value - callPrice(0) + putPrice(22.15) + LowerBandwidth(10.0)/2 = 27.15
2024-09-19 09:51:03,712 | 12 | ---------------------------------------------------------------------------------
2024-09-19 09:51:03,712 | 13 | ##################### sudden spike in price be carefull !!! #####################
2024-09-19 09:51:03,713 | 14 | ##################### sudden spike in price be carefull !!! #####################
2024-09-19 09:51:03,714 | 15 | ##################### sudden spike in price be carefull !!! #####################
2024-09-19 09:51:03,715 | 16 | ---------------------------------------------------------------------------------
2024-09-19 09:51:03,716 | 17 | call price(0) + put price(32.8) = 32.8
2024-09-19 09:51:03,717 | 18 | current set threshold is 27.15
2024-09-19 09:51:03,823 | 19 | current NIFTY24SEPFUT price is 25588
2024-09-19 09:51:04,599 | 9 | ---------------------------------------------------------------------------------
2024-09-19 09:51:04,696 | 10 | current NIFTY2491925550PE price is 34.7
2024-09-19 09:51:04,697 | 12 | 100 qty BUY order placed for symbol: NIFTY2491925550PE at 09:51:04
2024-09-19 09:51:04,698 | 24 | ---------------------------------------------------------------------------------
2024-09-19 09:51:04,699 | 25 | Trading ended thank you!!!!
2024-09-19 09:51:04,811 | 8 | 
+-------------------+------------------+---------------+-------------------+----------------+--------------------+
|   tradingsymbol   | day_buy_quantity | day_buy_price | day_sell_quantity | day_sell_price |        pnl         |
+-------------------+------------------+---------------+-------------------+----------------+--------------------+
| NIFTY2491925550CE |       100        |      90.7     |        100        |      65.9      | -2479.999999999999 |
| NIFTY2491925550PE |       100        |     34.525    |        100        |      41.5      |       697.5        |
+-------------------+------------------+---------------+-------------------+----------------+--------------------+
