2024-10-10 09:58:24,601 | 3 | logged into session
2024-10-10 09:58:37,937 | 8 | ---------------------------------------------------------------------------------
2024-10-10 09:58:37,939 | 9 | NIFTY24OCTFUT is selected, with qty of 100 for strikes NIFTY24O1025050PE and NIFTY24O1025050CE
2024-10-10 09:58:42,738 | 5 | ---------------------------------------------------------------------------------
2024-10-10 09:58:42,738 | 6 | NIFTY24O1025050CE(57.65) + NIFTY24O1025050PE(54.25) = 111.9
2024-10-10 09:58:42,738 | 7 | current set threshold is 110.0
2024-10-10 09:58:42,802 | 8 | current NIFTY24OCTFUT price is 25192.05
2024-10-10 09:58:50,617 | 5 | ---------------------------------------------------------------------------------
2024-10-10 09:58:50,617 | 6 | NIFTY24O1025050CE(58.35) + NIFTY24O1025050PE(52.85) = 111.2
2024-10-10 09:58:50,630 | 7 | current set threshold is 120.0
2024-10-10 09:58:50,684 | 8 | current NIFTY24OCTFUT price is 25199.15
2024-10-10 10:06:01,566 | 16 | ---------------------------------------------------------------------------------
2024-10-10 10:06:01,567 | 17 | call price(92.05) + put price(33) = 125.05
2024-10-10 10:06:01,568 | 18 | current set threshold is 122.0
2024-10-10 10:06:01,642 | 19 | current NIFTY24OCTFUT price is 25244.45
2024-10-10 10:06:02,275 | 9 | ---------------------------------------------------------------------------------
2024-10-10 10:06:02,324 | 10 | current NIFTY24O1025050CE price is 90.6
2024-10-10 10:06:02,324 | 12 | 100 qty BUY order placed for symbol: NIFTY24O1025050CE at 10:06:02
2024-10-10 10:06:02,324 | 44 | ---------------------------------------------------------------------------------
2024-10-10 10:06:02,335 | 45 | exited call leg - NIFTY24O1025050CE
2024-10-10 10:06:02,335 | 46 | changed the put leg threshold to putPrice(33.0) + oneLegSL(10) = 43.0
2024-10-10 10:06:02,335 | 47 | changed the lowerBandwidth to 10.0
2024-10-10 10:07:01,810 | 60 | ---------------------------------------------------------------------------------
2024-10-10 10:07:01,812 | 61 | call price 0 + put price 30.7 = 30.7
2024-10-10 10:07:01,814 | 62 | (lower limit) set threshold(43.0) - lowerBandwidth(10.0) is 33.0
2024-10-10 10:07:01,868 | 63 | current NIFTY24OCTFUT price is 25246.4
2024-10-10 10:07:01,870 | 66 | (upper limit) threshold to new value - callPrice(0) + putPrice(30.7) + LowerBandwidth(10.0)/2 = 35.7
2024-10-10 10:11:01,295 | 60 | ---------------------------------------------------------------------------------
2024-10-10 10:11:01,295 | 61 | call price 0 + put price 28.35 = 28.35
2024-10-10 10:11:01,295 | 62 | (lower limit) set threshold(40.0) - lowerBandwidth(10.0) is 30.0
2024-10-10 10:11:01,342 | 63 | current NIFTY24OCTFUT price is 25255
2024-10-10 10:11:01,342 | 66 | (upper limit) threshold to new value - callPrice(0) + putPrice(28.35) + LowerBandwidth(10.0)/2 = 33.35
2024-10-10 10:16:02,910 | 60 | ---------------------------------------------------------------------------------
2024-10-10 10:16:02,911 | 61 | call price 0 + put price 24.35 = 24.35
2024-10-10 10:16:02,913 | 62 | (lower limit) set threshold(35.0) - lowerBandwidth(10.0) is 25.0
2024-10-10 10:16:02,964 | 63 | current NIFTY24OCTFUT price is 25267
2024-10-10 10:16:02,967 | 66 | (upper limit) threshold to new value - callPrice(0) + putPrice(24.35) + LowerBandwidth(10.0)/2 = 29.35
2024-10-10 10:32:09,408 | 60 | ---------------------------------------------------------------------------------
2024-10-10 10:32:09,409 | 61 | call price 0 + put price 29.45 = 29.45
2024-10-10 10:32:09,410 | 62 | (lower limit) set threshold(40.0) - lowerBandwidth(10.0) is 30.0
2024-10-10 10:32:09,464 | 63 | current NIFTY24OCTFUT price is 25255
2024-10-10 10:32:09,466 | 66 | (upper limit) threshold to new value - callPrice(0) + putPrice(29.45) + LowerBandwidth(10.0)/2 = 34.45
2024-10-10 10:37:51,687 | 12 | ---------------------------------------------------------------------------------
2024-10-10 10:37:51,687 | 13 | ##################### sudden spike in price be carefull !!! #####################
2024-10-10 10:37:51,687 | 14 | ##################### sudden spike in price be carefull !!! #####################
2024-10-10 10:37:51,687 | 15 | ##################### sudden spike in price be carefull !!! #####################
2024-10-10 10:37:51,687 | 16 | ---------------------------------------------------------------------------------
2024-10-10 10:37:51,687 | 17 | call price(0) + put price(46.25) = 46.25
2024-10-10 10:37:51,687 | 18 | current set threshold is 40.0
2024-10-10 10:37:51,733 | 19 | current NIFTY24OCTFUT price is 25206.95
2024-10-10 10:37:52,386 | 9 | ---------------------------------------------------------------------------------
2024-10-10 10:37:52,434 | 10 | current NIFTY24O1025050PE price is 49.4
2024-10-10 10:37:52,434 | 12 | 100 qty BUY order placed for symbol: NIFTY24O1025050PE at 10:37:52
2024-10-10 10:37:52,434 | 24 | ---------------------------------------------------------------------------------
2024-10-10 10:37:52,434 | 25 | Trading ended thank you!!!!
2024-10-10 10:37:52,496 | 8 | 
+-------------------+------------------+---------------+-------------------+----------------+-------+
|   tradingsymbol   | day_buy_quantity | day_buy_price | day_sell_quantity | day_sell_price |  pnl  |
+-------------------+------------------+---------------+-------------------+----------------+-------+
| NIFTY24DEC25300PE |        50        |     511.0     |         0         |      0.0       |   0   |
| NIFTY24O1025050CE |       100        |     92.65     |        100        |      61.4      | -3125 |
| NIFTY24O1025050PE |       100        |     52.75     |        100        |     49.95      |  -280 |
+-------------------+------------------+---------------+-------------------+----------------+-------+
