2024-10-11 09:33:28,462 | 3 | logged into session
2024-10-11 09:33:38,872 | 8 | ---------------------------------------------------------------------------------
2024-10-11 09:33:38,874 | 9 | NIFTY24OCTFUT is selected, with qty of 100 for strikes MIDCPNIFTY24O1412925PE and MIDCPNIFTY24O1412925CE
2024-10-11 09:33:44,996 | 8 | ---------------------------------------------------------------------------------
2024-10-11 09:33:44,998 | 9 | NIFTY24OCTFUT is selected, with qty of 200 for strikes MIDCPNIFTY24O1412925PE and MIDCPNIFTY24O1412925CE
2024-10-11 09:33:47,410 | 5 | ---------------------------------------------------------------------------------
2024-10-11 09:33:47,412 | 6 | MIDCPNIFTY24O1412925CE(87.9) + MIDCPNIFTY24O1412925PE(76.75) = 164.65
2024-10-11 09:33:47,413 | 7 | current set threshold is 40.0
2024-10-11 09:33:47,462 | 8 | current NIFTY24OCTFUT price is 25095
2024-10-11 09:33:56,418 | 5 | ---------------------------------------------------------------------------------
2024-10-11 09:33:56,418 | 6 | MIDCPNIFTY24O1412925CE(89.7) + MIDCPNIFTY24O1412925PE(75) = 164.7
2024-10-11 09:33:56,418 | 7 | current set threshold is 174.0
2024-10-11 09:33:56,476 | 8 | current NIFTY24OCTFUT price is 25095
2024-10-11 11:23:06,319 | 16 | ---------------------------------------------------------------------------------
2024-10-11 11:23:06,319 | 17 | call price(50.3) + put price(88.5) = 138.8
2024-10-11 11:23:06,319 | 18 | current set threshold is 138.0
2024-10-11 11:23:06,380 | 19 | current NIFTY24OCTFUT price is 25031
2024-10-11 11:23:07,027 | 9 | ---------------------------------------------------------------------------------
2024-10-11 11:23:07,070 | 10 | current MIDCPNIFTY24O1412925PE price is 89.15
2024-10-11 11:23:07,072 | 12 | 200 qty BUY order placed for symbol: MIDCPNIFTY24O1412925PE at 11:23:07
2024-10-11 11:23:07,075 | 54 | ---------------------------------------------------------------------------------
2024-10-11 11:23:07,077 | 55 | exited put leg - MIDCPNIFTY24O1412925CE
2024-10-11 11:23:07,078 | 56 | changed the call leg threshold to callPrice(50.3) + oneLegSL(10) = 60.3
2024-10-11 11:23:07,080 | 57 | changed the lowerBandwidth to 10.0
2024-10-11 11:24:02,194 | 60 | ---------------------------------------------------------------------------------
2024-10-11 11:24:02,195 | 61 | call price 46.35 + put price 0 = 46.35
2024-10-11 11:24:02,195 | 62 | (lower limit) set threshold(60.3) - lowerBandwidth(10.0) is 50.3
2024-10-11 11:24:02,243 | 63 | current NIFTY24OCTFUT price is 25020.9
2024-10-11 11:24:02,245 | 66 | (upper limit) threshold to new value - callPrice(46.35) + putPrice(0) + LowerBandwidth(10.0)/2 = 51.35
2024-10-11 11:31:00,489 | 60 | ---------------------------------------------------------------------------------
2024-10-11 11:31:00,489 | 61 | call price 39.25 + put price 0 = 39.25
2024-10-11 11:31:00,489 | 62 | (lower limit) set threshold(51.35) - lowerBandwidth(10.0) is 41.35
2024-10-11 11:31:00,552 | 63 | current NIFTY24OCTFUT price is 25014
2024-10-11 11:31:00,555 | 66 | (upper limit) threshold to new value - callPrice(39.25) + putPrice(0) + LowerBandwidth(10.0)/2 = 44.25
2024-10-11 11:41:02,537 | 60 | ---------------------------------------------------------------------------------
2024-10-11 11:41:02,538 | 61 | call price 33.75 + put price 0 = 33.75
2024-10-11 11:41:02,539 | 62 | (lower limit) set threshold(44.25) - lowerBandwidth(10.0) is 34.25
2024-10-11 11:41:02,582 | 63 | current NIFTY24OCTFUT price is 25011.1
2024-10-11 11:41:02,582 | 66 | (upper limit) threshold to new value - callPrice(33.75) + putPrice(0) + LowerBandwidth(10.0)/2 = 38.75
2024-10-11 11:48:02,532 | 16 | ---------------------------------------------------------------------------------
2024-10-11 11:48:02,533 | 17 | call price(40.05) + put price(0) = 40.05
2024-10-11 11:48:02,534 | 18 | current set threshold is 38.75
2024-10-11 11:48:02,570 | 19 | current NIFTY24OCTFUT price is 25024
2024-10-11 11:48:03,184 | 9 | ---------------------------------------------------------------------------------
2024-10-11 11:48:03,325 | 10 | current MIDCPNIFTY24O1412925CE price is 40.1
2024-10-11 11:48:03,325 | 12 | 200 qty BUY order placed for symbol: MIDCPNIFTY24O1412925CE at 11:48:03
2024-10-11 11:48:03,325 | 32 | ---------------------------------------------------------------------------------
2024-10-11 11:48:03,325 | 33 | Trading ended thank you!!!!
2024-10-11 11:48:03,424 | 8 | 
+------------------------+------------------+---------------+-------------------+----------------+---------+
|     tradingsymbol      | day_buy_quantity | day_buy_price | day_sell_quantity | day_sell_price |   pnl   |
+------------------------+------------------+---------------+-------------------+----------------+---------+
| MIDCPNIFTY24O1412925CE |       200        |      40.1     |        200        |      85.3      |  9040.0 |
| MIDCPNIFTY24O1412925PE |       200        |     89.325    |        200        |    79.8125     | -1902.5 |
+------------------------+------------------+---------------+-------------------+----------------+---------+
