2024-11-29 09:48:25,321 | 3 | logged into session
2024-11-29 09:49:31,846 | 8 | ---------------------------------------------------------------------------------
2024-11-29 09:49:31,848 | 9 | NIFTY24DECFUT is selected, with qty of 100 for strikes NIFTY24D0524050PE and NIFTY24D0524050PE
2024-11-29 09:49:32,897 | 5 | ---------------------------------------------------------------------------------
2024-11-29 09:49:32,897 | 6 | NIFTY24D0524050PE(183) + NIFTY24D0524050PE(183) = 366
2024-11-29 09:49:32,897 | 7 | current set threshold is 72.85
2024-11-29 09:49:33,013 | 8 | current NIFTY24DECFUT price is 24188.2
2024-11-29 09:49:40,358 | 8 | ---------------------------------------------------------------------------------
2024-11-29 09:49:40,360 | 9 | NIFTY24DECFUT is selected, with qty of 100 for strikes NIFTY24D0524050PE and NIFTY24D0524050CE
2024-11-29 09:49:41,422 | 5 | ---------------------------------------------------------------------------------
2024-11-29 09:49:41,422 | 6 | NIFTY24D0524050CE(210.8) + NIFTY24D0524050PE(182.55) = 393.35
2024-11-29 09:49:41,422 | 7 | current set threshold is 72.85
2024-11-29 09:49:41,525 | 8 | current NIFTY24DECFUT price is 24190
2024-11-29 10:34:02,987 | 16 | ---------------------------------------------------------------------------------
2024-11-29 10:34:02,988 | 17 | call price(257.65) + put price(148.15) = 405.79999999999995
2024-11-29 10:34:02,989 | 18 | current set threshold is 403.0
2024-11-29 10:34:03,108 | 19 | current NIFTY24DECFUT price is 24270
2024-11-29 10:34:03,922 | 9 | ---------------------------------------------------------------------------------
2024-11-29 10:34:04,123 | 10 | current NIFTY24D0524050CE price is 257.35
2024-11-29 10:34:04,124 | 12 | 100 qty BUY order placed for symbol: NIFTY24D0524050CE at 10:34:04
2024-11-29 10:34:04,127 | 44 | ---------------------------------------------------------------------------------
2024-11-29 10:34:04,129 | 45 | exited call leg - NIFTY24D0524050CE
2024-11-29 10:34:04,130 | 46 | changed the put leg threshold to putPrice(148.15) + oneLegSL(10) = 158.15
2024-11-29 10:34:04,132 | 47 | changed the lowerBandwidth to 10.0
2024-11-29 10:45:01,060 | 16 | ---------------------------------------------------------------------------------
2024-11-29 10:45:01,061 | 17 | call price(0) + put price(160.45) = 160.45
2024-11-29 10:45:01,061 | 18 | current set threshold is 158.15
2024-11-29 10:45:01,172 | 19 | current NIFTY24DECFUT price is 24241
2024-11-29 10:45:01,877 | 9 | ---------------------------------------------------------------------------------
2024-11-29 10:45:01,993 | 10 | current NIFTY24D0524050PE price is 159.85
2024-11-29 10:45:01,994 | 12 | 100 qty BUY order placed for symbol: NIFTY24D0524050PE at 10:45:01
2024-11-29 10:45:01,994 | 24 | ---------------------------------------------------------------------------------
2024-11-29 10:45:01,995 | 25 | Trading ended thank you!!!!
2024-11-29 10:45:02,107 | 8 | 
+-------------------+------------------+---------------+-------------------+----------------+-------+
|   tradingsymbol   | day_buy_quantity | day_buy_price | day_sell_quantity | day_sell_price |  pnl  |
+-------------------+------------------+---------------+-------------------+----------------+-------+
| NIFTY24D0524050CE |       100        |     258.25    |        100        |     204.3      | -5395 |
| NIFTY24D0524050PE |       100        |     160.15    |        100        |     188.15     |  2800 |
+-------------------+------------------+---------------+-------------------+----------------+-------+
