2024-10-08 09:07:29,047 | 3 | logged into session
2024-10-08 09:36:31,299 | 8 | ---------------------------------------------------------------------------------
2024-10-08 09:36:31,300 | 9 | FINNIFTY24OCTFUT is selected, with qty of 45 for strikes BANKNIFTY24O0950700PE and BANKNIFTY24O0950700CE
2024-10-08 09:36:33,190 | 5 | ---------------------------------------------------------------------------------
2024-10-08 09:36:33,192 | 6 | BANKNIFTY24O0950700CE(408.6) + BANKNIFTY24O0950700PE(333.45) = 742.05
2024-10-08 09:36:33,192 | 7 | current set threshold is 80.7
2024-10-08 09:36:33,290 | 8 | current FINNIFTY24OCTFUT price is 23517.5
2024-10-08 09:36:48,111 | 5 | ---------------------------------------------------------------------------------
2024-10-08 09:36:48,111 | 6 | BANKNIFTY24O0950700CE(416.45) + BANKNIFTY24O0950700PE(332.5) = 748.95
2024-10-08 09:36:48,111 | 7 | current set threshold is 770.0
2024-10-08 09:36:48,215 | 8 | current FINNIFTY24OCTFUT price is 23524.3
2024-10-08 09:40:01,367 | 60 | ---------------------------------------------------------------------------------
2024-10-08 09:40:01,368 | 61 | call price 382.35 + put price 341.05 = 723.4000000000001
2024-10-08 09:40:01,370 | 62 | (lower limit) set threshold(765.0) - lowerBandwidth(40) is 725.0
2024-10-08 09:40:01,466 | 63 | current FINNIFTY24OCTFUT price is 23511.65
2024-10-08 09:40:01,468 | 66 | (upper limit) threshold to new value - callPrice(382.35) + putPrice(341.05) + LowerBandwidth(40)/2 = 743.4000000000001
2024-10-08 09:46:01,013 | 16 | ---------------------------------------------------------------------------------
2024-10-08 09:46:01,013 | 17 | call price(498.1) + put price(251.35) = 749.45
2024-10-08 09:46:01,013 | 18 | current set threshold is 743.4000000000001
2024-10-08 09:46:01,119 | 19 | current FINNIFTY24OCTFUT price is 23559.95
2024-10-08 09:46:01,834 | 9 | ---------------------------------------------------------------------------------
2024-10-08 09:46:01,883 | 10 | current BANKNIFTY24O0950700CE price is 500.3
2024-10-08 09:46:01,883 | 12 | 45 qty BUY order placed for symbol: BANKNIFTY24O0950700CE at 09:46:01
2024-10-08 09:46:01,894 | 44 | ---------------------------------------------------------------------------------
2024-10-08 09:46:01,894 | 45 | exited call leg - BANKNIFTY24O0950700CE
2024-10-08 09:46:01,894 | 46 | changed the put leg threshold to putPrice(251.35) + oneLegSL(20) = 271.35
2024-10-08 09:46:01,894 | 47 | changed the lowerBandwidth to 20.0
2024-10-08 09:48:02,136 | 60 | ---------------------------------------------------------------------------------
2024-10-08 09:48:02,136 | 61 | call price 0 + put price 246 = 246
2024-10-08 09:48:02,136 | 62 | (lower limit) set threshold(280.0) - lowerBandwidth(20.0) is 260.0
2024-10-08 09:48:02,268 | 63 | current FINNIFTY24OCTFUT price is 23590
2024-10-08 09:48:02,271 | 66 | (upper limit) threshold to new value - callPrice(0) + putPrice(246) + LowerBandwidth(20.0)/2 = 256.0
2024-10-08 09:50:00,001 | 60 | ---------------------------------------------------------------------------------
2024-10-08 09:50:00,008 | 61 | call price 0 + put price 231.1 = 231.1
2024-10-08 09:50:00,008 | 62 | (lower limit) set threshold(260.0) - lowerBandwidth(20.0) is 240.0
2024-10-08 09:50:00,103 | 63 | current FINNIFTY24OCTFUT price is 23618.2
2024-10-08 09:50:00,107 | 66 | (upper limit) threshold to new value - callPrice(0) + putPrice(231.1) + LowerBandwidth(20.0)/2 = 241.1
2024-10-08 09:54:09,506 | 16 | ---------------------------------------------------------------------------------
2024-10-08 09:54:09,506 | 17 | call price(0) + put price(274.2) = 274.2
2024-10-08 09:54:09,506 | 18 | current set threshold is 270.0
2024-10-08 09:54:09,698 | 19 | current FINNIFTY24OCTFUT price is 23560
2024-10-08 09:54:10,542 | 9 | ---------------------------------------------------------------------------------
2024-10-08 09:54:10,647 | 10 | current BANKNIFTY24O0950700PE price is 272.95
2024-10-08 09:54:10,650 | 12 | 45 qty BUY order placed for symbol: BANKNIFTY24O0950700PE at 09:54:10
2024-10-08 09:54:10,654 | 24 | ---------------------------------------------------------------------------------
2024-10-08 09:54:10,657 | 25 | Trading ended thank you!!!!
2024-10-08 09:54:10,798 | 8 | 
+-----------------------+------------------+--------------------+-------------------+----------------+---------+
|     tradingsymbol     | day_buy_quantity |   day_buy_price    | day_sell_quantity | day_sell_price |   pnl   |
+-----------------------+------------------+--------------------+-------------------+----------------+---------+
| BANKNIFTY24O0950700CE |        45        |       497.95       |         45        |     380.25     | -5296.5 |
| BANKNIFTY24O0950700PE |        45        | 273.31666666666666 |         45        |     360.3      | 3914.25 |
+-----------------------+------------------+--------------------+-------------------+----------------+---------+
