2024-09-25 08:49:48,426 | 3 | logged into session
2024-09-25 08:57:42,950 | 3 | logged into session
2024-09-25 09:34:48,149 | 8 | ---------------------------------------------------------------------------------
2024-09-25 09:34:48,152 | 9 | NIFTY24SEPFUT is selected, with qty of 100 for strikes NIFTY24SEP25900PE and NIFTY24SEP25900CE
2024-09-25 09:34:51,696 | 5 | ---------------------------------------------------------------------------------
2024-09-25 09:34:51,696 | 6 | NIFTY24SEP25900CE(96.45) + NIFTY24SEP25900PE(81.4) = 177.85000000000002
2024-09-25 09:34:51,696 | 7 | current set threshold is 223.35
2024-09-25 09:34:51,808 | 8 | current NIFTY24SEPFUT price is 25919.35
2024-09-25 09:34:57,997 | 5 | ---------------------------------------------------------------------------------
2024-09-25 09:34:57,997 | 6 | NIFTY24SEP25900CE(96.6) + NIFTY24SEP25900PE(81.65) = 178.25
2024-09-25 09:34:57,997 | 7 | current set threshold is 187.0
2024-09-25 09:34:58,093 | 8 | current NIFTY24SEPFUT price is 25919
2024-09-25 15:02:01,546 | 16 | ---------------------------------------------------------------------------------
2024-09-25 15:02:01,548 | 17 | call price(118.25) + put price(38.15) = 156.4
2024-09-25 15:02:01,548 | 18 | current set threshold is 153.0
2024-09-25 15:02:01,652 | 19 | current NIFTY24SEPFUT price is 25980
2024-09-25 15:02:02,381 | 9 | ---------------------------------------------------------------------------------
2024-09-25 15:02:02,487 | 10 | current NIFTY24SEP25900CE price is 118.2
2024-09-25 15:02:02,488 | 12 | 100 qty BUY order placed for symbol: NIFTY24SEP25900CE at 15:02:02
2024-09-25 15:02:02,491 | 44 | ---------------------------------------------------------------------------------
2024-09-25 15:02:02,493 | 45 | exited call leg - NIFTY24SEP25900CE
2024-09-25 15:02:02,494 | 46 | changed the put leg threshold to putPrice(38.15) + oneLegSL(10) = 48.15
2024-09-25 15:02:02,496 | 47 | changed the lowerBandwidth to 10.0
2024-09-25 15:12:00,159 | 60 | ---------------------------------------------------------------------------------
2024-09-25 15:12:00,159 | 61 | call price 0 + put price 30 = 30
2024-09-25 15:12:00,160 | 62 | (lower limit) set threshold(42.0) - lowerBandwidth(10.0) is 32.0
2024-09-25 15:12:00,266 | 63 | current NIFTY24SEPFUT price is 26008
2024-09-25 15:12:00,269 | 66 | (upper limit) threshold to new value - callPrice(0) + putPrice(30) + LowerBandwidth(10.0)/2 = 35.0
2024-09-25 15:27:00,763 | 60 | ---------------------------------------------------------------------------------
2024-09-25 15:27:00,764 | 61 | call price 0 + put price 24 = 24
2024-09-25 15:27:00,765 | 62 | (lower limit) set threshold(35.0) - lowerBandwidth(10.0) is 25.0
2024-09-25 15:27:00,870 | 63 | current NIFTY24SEPFUT price is 26003.75
2024-09-25 15:27:00,872 | 66 | (upper limit) threshold to new value - callPrice(0) + putPrice(24) + LowerBandwidth(10.0)/2 = 29.0
2024-09-25 15:29:25,830 | 3 | logged into session
2024-09-25 15:29:44,821 | 8 | 
+-------------------+------------------+---------------+-------------------+----------------+---------+
|   tradingsymbol   | day_buy_quantity | day_buy_price | day_sell_quantity | day_sell_price |   pnl   |
+-------------------+------------------+---------------+-------------------+----------------+---------+
| NIFTY24SEP25900CE |       100        |     118.4     |        100        |      94.1      | -2430.0 |
| NIFTY24SEP25900PE |       100        |     23.775    |        100        |    83.1125     | 5933.75 |
+-------------------+------------------+---------------+-------------------+----------------+---------+
