2024-12-12 10:59:41,698 | 3 | logged into session
2024-12-12 11:01:11,990 | 8 | ---------------------------------------------------------------------------------
2024-12-12 11:01:11,992 | 9 | NIFTY24DECFUT is selected, with qty of 75 for strikes NIFTY24D1224600CE and NIFTY24D1224600CE
2024-12-12 11:01:17,830 | 5 | ---------------------------------------------------------------------------------
2024-12-12 11:01:17,830 | 6 | NIFTY24D1224600CE(38.85) + NIFTY24D1224600CE(37.45) = 76.30000000000001
2024-12-12 11:01:17,830 | 7 | current set threshold is 158.15
2024-12-12 11:01:17,939 | 8 | current NIFTY24DECFUT price is 24686.75
2024-12-12 11:01:27,752 | 8 | ---------------------------------------------------------------------------------
2024-12-12 11:01:27,753 | 9 | NIFTY24DECFUT is selected, with qty of 75 for strikes NIFTY24D1224600PE and NIFTY24D1224600CE
2024-12-12 11:01:30,194 | 5 | ---------------------------------------------------------------------------------
2024-12-12 11:01:30,194 | 6 | NIFTY24D1224600CE(38.9) + NIFTY24D1224600PE(53.55) = 92.44999999999999
2024-12-12 11:01:30,194 | 7 | current set threshold is 158.15
2024-12-12 11:01:30,328 | 8 | current NIFTY24DECFUT price is 24685.25
2024-12-12 11:01:45,662 | 5 | ---------------------------------------------------------------------------------
2024-12-12 11:01:45,662 | 6 | NIFTY24D1224600CE(36.15) + NIFTY24D1224600PE(52.25) = 88.4
2024-12-12 11:01:45,662 | 7 | current set threshold is 102.0
2024-12-12 11:01:45,779 | 8 | current NIFTY24DECFUT price is 24690.3
2024-12-12 12:03:04,287 | 12 | ---------------------------------------------------------------------------------
2024-12-12 12:03:04,287 | 13 | ##################### sudden spike in price be carefull !!! #####################
2024-12-12 12:03:04,287 | 14 | ##################### sudden spike in price be carefull !!! #####################
2024-12-12 12:03:04,287 | 15 | ##################### sudden spike in price be carefull !!! #####################
2024-12-12 12:03:04,287 | 16 | ---------------------------------------------------------------------------------
2024-12-12 12:03:04,287 | 17 | call price(23.05) + put price(54.35) = 77.4
2024-12-12 12:03:04,287 | 18 | current set threshold is 70.0
2024-12-12 12:03:04,403 | 19 | current NIFTY24DECFUT price is 24657.5
2024-12-12 12:03:05,172 | 9 | ---------------------------------------------------------------------------------
2024-12-12 12:03:05,288 | 10 | current NIFTY24D1224600PE price is 53.7
2024-12-12 12:03:05,290 | 12 | 75 qty BUY order placed for symbol: NIFTY24D1224600PE at 12:03:05
2024-12-12 12:03:05,294 | 54 | ---------------------------------------------------------------------------------
2024-12-12 12:03:05,296 | 55 | exited put leg - NIFTY24D1224600CE
2024-12-12 12:03:05,297 | 56 | changed the call leg threshold to callPrice(23.05) + oneLegSL(10) = 33.05
2024-12-12 12:03:05,300 | 57 | changed the lowerBandwidth to 10.0
2024-12-12 12:14:03,577 | 3 | logged into session
2024-12-12 12:14:14,405 | 8 | ---------------------------------------------------------------------------------
2024-12-12 12:14:14,407 | 9 | NIFTY24DECFUT is selected, with qty of 75 for strikes NIFTY24D1224550PE and NIFTY24D1224550CE
2024-12-12 12:14:22,516 | 5 | ---------------------------------------------------------------------------------
2024-12-12 12:14:22,516 | 6 | NIFTY24D1224550CE(48.55) + NIFTY24D1224550PE(40) = 88.55
2024-12-12 12:14:22,516 | 7 | current set threshold is 102.0
2024-12-12 12:14:23,508 | 8 | current NIFTY24DECFUT price is 24644.15
2024-12-12 12:25:03,869 | 16 | ---------------------------------------------------------------------------------
2024-12-12 12:25:03,869 | 17 | call price(46.25) + put price(41.3) = 87.55
2024-12-12 12:25:03,869 | 18 | current set threshold is 87.0
2024-12-12 12:25:03,974 | 19 | current NIFTY24DECFUT price is 24641.15
2024-12-12 12:25:04,698 | 9 | ---------------------------------------------------------------------------------
2024-12-12 12:25:04,851 | 10 | current NIFTY24D1224550CE price is 46.2
2024-12-12 12:25:04,851 | 12 | 75 qty BUY order placed for symbol: NIFTY24D1224550CE at 12:25:04
2024-12-12 12:25:04,851 | 44 | ---------------------------------------------------------------------------------
2024-12-12 12:25:04,857 | 45 | exited call leg - NIFTY24D1224550CE
2024-12-12 12:25:04,857 | 46 | changed the put leg threshold to putPrice(41.3) + oneLegSL(10) = 51.3
2024-12-12 12:25:04,857 | 47 | changed the lowerBandwidth to 10.0
2024-12-12 12:27:01,570 | 60 | ---------------------------------------------------------------------------------
2024-12-12 12:27:01,571 | 61 | call price 0 + put price 41.2 = 41.2
2024-12-12 12:27:01,573 | 62 | (lower limit) set threshold(51.3) - lowerBandwidth(10.0) is 41.3
2024-12-12 12:27:03,321 | 63 | current NIFTY24DECFUT price is 24646
2024-12-12 12:27:03,321 | 66 | (upper limit) threshold to new value - callPrice(0) + putPrice(41.2) + LowerBandwidth(10.0)/2 = 46.2
2024-12-12 12:29:02,260 | 60 | ---------------------------------------------------------------------------------
2024-12-12 12:29:02,262 | 61 | call price 0 + put price 36 = 36
2024-12-12 12:29:02,263 | 62 | (lower limit) set threshold(46.2) - lowerBandwidth(10.0) is 36.2
2024-12-12 12:29:03,675 | 63 | current NIFTY24DECFUT price is 24653.7
2024-12-12 12:29:03,678 | 66 | (upper limit) threshold to new value - callPrice(0) + putPrice(36) + LowerBandwidth(10.0)/2 = 41.0
2024-12-12 12:34:03,639 | 60 | ---------------------------------------------------------------------------------
2024-12-12 12:34:03,640 | 61 | call price 0 + put price 29.15 = 29.15
2024-12-12 12:34:03,641 | 62 | (lower limit) set threshold(41.0) - lowerBandwidth(10.0) is 31.0
2024-12-12 12:34:05,408 | 63 | current NIFTY24DECFUT price is 24656.35
2024-12-12 12:34:05,411 | 66 | (upper limit) threshold to new value - callPrice(0) + putPrice(29.15) + LowerBandwidth(10.0)/2 = 34.15
2024-12-12 12:40:00,174 | 16 | ---------------------------------------------------------------------------------
2024-12-12 12:40:00,174 | 17 | call price(0) + put price(34.4) = 34.4
2024-12-12 12:40:00,174 | 18 | current set threshold is 34.15
2024-12-12 12:40:00,284 | 19 | current NIFTY24DECFUT price is 24657.25
2024-12-12 12:40:01,122 | 9 | ---------------------------------------------------------------------------------
2024-12-12 12:40:01,239 | 10 | current NIFTY24D1224550PE price is 34.6
2024-12-12 12:40:01,240 | 12 | 75 qty BUY order placed for symbol: NIFTY24D1224550PE at 12:40:01
2024-12-12 12:40:01,240 | 24 | ---------------------------------------------------------------------------------
2024-12-12 12:40:01,240 | 25 | Trading ended thank you!!!!
2024-12-12 12:40:01,371 | 8 | 
+-------------------+------------------+---------------+-------------------+-------------------+---------+
|   tradingsymbol   | day_buy_quantity | day_buy_price | day_sell_quantity |   day_sell_price  |   pnl   |
+-------------------+------------------+---------------+-------------------+-------------------+---------+
| NIFTY24D1224550CE |        75        |      46.2     |         75        | 51.28333333333333 |  381.25 |
| NIFTY24D1224550PE |        75        |      34.9     |         75        |       40.05       |  386.25 |
| NIFTY24D1224600CE |        75        |      24.4     |         75        |       38.75       | 1076.25 |
| NIFTY24D1224600PE |        75        |     54.05     |         75        |        53.6       |  -33.75 |
+-------------------+------------------+---------------+-------------------+-------------------+---------+
