2024-09-12 08:53:41,192 | 3 | logged into session
2024-09-12 09:46:50,030 | 8 | ---------------------------------------------------------------------------------
2024-09-12 09:46:50,033 | 9 | NIFTY24SEPFUT is selected, with qty of 200 for strikes MIDCPNIFTY2491613200PE and MIDCPNIFTY2491613200CE
2024-09-12 09:46:53,263 | 5 | ---------------------------------------------------------------------------------
2024-09-12 09:46:53,263 | 6 | MIDCPNIFTY2491613200CE(67.3) + MIDCPNIFTY2491613200PE(83.25) = 150.55
2024-09-12 09:46:53,263 | 7 | current set threshold is 158.0
2024-09-12 09:46:53,365 | 8 | current NIFTY24SEPFUT price is 25078.9
2024-09-12 09:51:05,661 | 16 | ---------------------------------------------------------------------------------
2024-09-12 09:51:05,662 | 17 | call price(66.35) + put price(93.7) = 160.05
2024-09-12 09:51:05,662 | 18 | current set threshold is 160.0
2024-09-12 09:51:05,755 | 19 | current NIFTY24SEPFUT price is 25078
2024-09-12 09:51:06,565 | 9 | ---------------------------------------------------------------------------------
2024-09-12 09:51:06,657 | 10 | current MIDCPNIFTY2491613200PE price is 94.5
2024-09-12 09:51:06,658 | 12 | 200 qty BUY order placed for symbol: MIDCPNIFTY2491613200PE at 09:51:06
2024-09-12 09:51:06,661 | 54 | ---------------------------------------------------------------------------------
2024-09-12 09:51:06,662 | 55 | exited put leg - MIDCPNIFTY2491613200CE
2024-09-12 09:51:06,664 | 56 | changed the call leg threshold to callPrice(66.35) + oneLegSL(10) = 76.35
2024-09-12 09:51:06,666 | 57 | changed the lowerBandwidth to 10.0
2024-09-12 09:52:03,133 | 60 | ---------------------------------------------------------------------------------
2024-09-12 09:52:03,134 | 61 | call price 63.35 + put price 0 = 63.35
2024-09-12 09:52:03,134 | 62 | (lower limit) set threshold(76.35) - lowerBandwidth(10.0) is 66.35
2024-09-12 09:52:03,186 | 63 | current NIFTY24SEPFUT price is 25074
2024-09-12 09:52:03,189 | 66 | (upper limit) threshold to new value - callPrice(63.35) + putPrice(0) + LowerBandwidth(10.0)/2 = 68.35
2024-09-12 10:05:03,789 | 16 | ---------------------------------------------------------------------------------
2024-09-12 10:05:03,790 | 17 | call price(69.1) + put price(0) = 69.1
2024-09-12 10:05:03,792 | 18 | current set threshold is 68.35
2024-09-12 10:05:04,005 | 19 | current NIFTY24SEPFUT price is 25068.25
2024-09-12 10:05:04,696 | 9 | ---------------------------------------------------------------------------------
2024-09-12 10:05:04,787 | 10 | current MIDCPNIFTY2491613200CE price is 69.05
2024-09-12 10:05:04,788 | 12 | 200 qty BUY order placed for symbol: MIDCPNIFTY2491613200CE at 10:05:04
2024-09-12 10:05:04,790 | 32 | ---------------------------------------------------------------------------------
2024-09-12 10:05:04,791 | 33 | Trading ended thank you!!!!
2024-09-12 10:05:05,045 | 8 | 
+------------------------+------------------+---------------+-------------------+----------------+-------------------+
|     tradingsymbol      | day_buy_quantity | day_buy_price | day_sell_quantity | day_sell_price |        pnl        |
+------------------------+------------------+---------------+-------------------+----------------+-------------------+
| MIDCPNIFTY2491613200CE |       200        |    69.3875    |        200        |      71.4      | 402.5000000000018 |
| MIDCPNIFTY2491613200PE |       200        |      94.0     |        200        |     77.175     |      -3365.0      |
+------------------------+------------------+---------------+-------------------+----------------+-------------------+
