2024-07-29 08:52:09,472 | 3 | logged into session
2024-07-29 09:31:33,663 | 7 | ---------------------------------------------------------------------------------
2024-07-29 09:31:33,664 | 8 | FINNIFTY24JULFUT is selected, with qty of 150 for strikes FINNIFTY24JUL23400PE and FINNIFTY24JUL23400CE
2024-07-29 09:31:41,646 | 5 | ---------------------------------------------------------------------------------
2024-07-29 09:31:41,646 | 6 | call price - FINNIFTY24JUL23400CE(114.3) + put price - FINNIFTY24JUL23400PE(77.15) = 191.45
2024-07-29 09:31:41,646 | 7 | current set threshold is 18.0
2024-07-29 09:31:41,745 | 8 | current FINNIFTY24JULFUT price is 23429.35
2024-07-29 09:32:04,694 | 5 | ---------------------------------------------------------------------------------
2024-07-29 09:32:04,694 | 6 | call price - FINNIFTY24JUL23400CE(120.15) + put price - FINNIFTY24JUL23400PE(72.65) = 192.8
2024-07-29 09:32:04,694 | 7 | current set threshold is 200.0
2024-07-29 09:32:04,787 | 8 | current FINNIFTY24JULFUT price is 23440.95
2024-07-29 09:37:04,723 | 7 | ---------------------------------------------------------------------------------
2024-07-29 09:37:04,723 | 8 | call price 136.6 + put price 64.8 = 201.39999999999998
2024-07-29 09:37:04,723 | 9 | current set threshold is 200.0
2024-07-29 09:37:04,815 | 10 | current FINNIFTY24JULFUT price is 23472.75
2024-07-29 09:37:05,534 | 9 | ---------------------------------------------------------------------------------
2024-07-29 09:37:05,618 | 10 | current FINNIFTY24JUL23400CE price is 139.35
2024-07-29 09:37:05,618 | 12 | 150 qty BUY order placed for symbol: FINNIFTY24JUL23400CE at 09:37:05
2024-07-29 09:37:05,618 | 33 | ---------------------------------------------------------------------------------
2024-07-29 09:37:05,629 | 34 | exited call leg - FINNIFTY24JUL23400CE
2024-07-29 09:37:05,629 | 35 | changed the put leg threshold to 74.8
2024-07-29 09:37:05,629 | 36 | changed the lowerBandwidth to 10.0
2024-07-29 09:38:06,316 | 49 | ---------------------------------------------------------------------------------
2024-07-29 09:38:06,316 | 50 | call price 0 + put price 64.15 = 64.15
2024-07-29 09:38:06,316 | 51 | current set threshold(74.8) - lowerBandwidth(10.0) is 64.8
2024-07-29 09:38:06,452 | 52 | current FINNIFTY24JULFUT price is 23466.1
2024-07-29 09:38:06,454 | 55 | changed the threshold to new value - callPrice(0) + putPrice(64.15) + LowerBandwidth(10.0)/2 = 69.15
2024-07-29 09:39:05,235 | 49 | ---------------------------------------------------------------------------------
2024-07-29 09:39:05,235 | 50 | call price 0 + put price 58.65 = 58.65
2024-07-29 09:39:05,235 | 51 | current set threshold(69.15) - lowerBandwidth(10.0) is 59.150000000000006
2024-07-29 09:39:05,347 | 52 | current FINNIFTY24JULFUT price is 23479.6
2024-07-29 09:39:05,347 | 55 | changed the threshold to new value - callPrice(0) + putPrice(58.65) + LowerBandwidth(10.0)/2 = 63.65
2024-07-29 09:44:00,958 | 49 | ---------------------------------------------------------------------------------
2024-07-29 09:44:00,958 | 50 | call price 0 + put price 53.1 = 53.1
2024-07-29 09:44:00,958 | 51 | current set threshold(63.65) - lowerBandwidth(10.0) is 53.65
2024-07-29 09:44:00,998 | 52 | current FINNIFTY24JULFUT price is 23485
2024-07-29 09:44:00,998 | 55 | changed the threshold to new value - callPrice(0) + putPrice(53.1) + LowerBandwidth(10.0)/2 = 58.1
2024-07-29 09:51:44,950 | 7 | ---------------------------------------------------------------------------------
2024-07-29 09:51:44,950 | 8 | call price 0 + put price 64.75 = 64.75
2024-07-29 09:51:44,950 | 9 | current set threshold is 58.1
2024-07-29 09:51:45,042 | 10 | current FINNIFTY24JULFUT price is 23448.6
2024-07-29 09:51:45,703 | 9 | ---------------------------------------------------------------------------------
2024-07-29 09:51:45,802 | 10 | current FINNIFTY24JUL23400PE price is 65.4
2024-07-29 09:51:45,802 | 12 | 150 qty BUY order placed for symbol: FINNIFTY24JUL23400PE at 09:51:45
2024-07-29 09:51:45,802 | 15 | ---------------------------------------------------------------------------------
2024-07-29 09:51:45,802 | 16 | Trading ended thank you!!!!
2024-07-29 10:25:20,544 | 8 | 
+----------------------+------------------+-------------------+-------------------+----------------+---------+
|    tradingsymbol     | day_buy_quantity |   day_buy_price   | day_sell_quantity | day_sell_price |   pnl   |
+----------------------+------------------+-------------------+-------------------+----------------+---------+
| FINNIFTY24JUL23400CE |       150        |       140.65      |        150        |     108.45     | -4830.0 |
| FINNIFTY24JUL23400PE |       150        | 65.68333333333334 |        150        |     79.775     | 2113.75 |
+----------------------+------------------+-------------------+-------------------+----------------+---------+
