2024-10-01 09:31:49,955 | 3 | logged into session
2024-10-01 09:34:22,435 | 8 | ---------------------------------------------------------------------------------
2024-10-01 09:34:22,437 | 9 | MIDCPNIFTY24SEPFUT is selected, with qty of 100 for strikes NIFTY24O0325900PE and NIFTY24O0325900CE
2024-10-01 09:34:25,398 | 5 | ---------------------------------------------------------------------------------
2024-10-01 09:34:25,398 | 6 | NIFTY24O0325900CE(88.95) + NIFTY24O0325900PE(115) = 203.95
2024-10-01 09:34:25,404 | 7 | current set threshold is 64.4
2024-10-01 09:34:51,656 | 8 | ---------------------------------------------------------------------------------
2024-10-01 09:34:51,659 | 9 | NIFTY24OCTFUT is selected, with qty of 100 for strikes NIFTY24O0325900PE and NIFTY24O0325900CE
2024-10-01 09:35:00,127 | 5 | ---------------------------------------------------------------------------------
2024-10-01 09:35:00,127 | 6 | NIFTY24O0325900CE(89.7) + NIFTY24O0325900PE(113.25) = 202.95
2024-10-01 09:35:00,134 | 7 | current set threshold is 208.0
2024-10-01 09:35:00,246 | 8 | current NIFTY24OCTFUT price is 26015.6
2024-10-01 09:58:05,401 | 8 | ---------------------------------------------------------------------------------
2024-10-01 09:58:05,403 | 9 | NIFTY24OCTFUT is selected, with qty of 100 for strikes NIFTY24O0325850PE and NIFTY24O0325850CE
2024-10-01 09:58:06,235 | 5 | ---------------------------------------------------------------------------------
2024-10-01 09:58:06,235 | 6 | NIFTY24O0325850CE(98) + NIFTY24O0325850PE(96.35) = 194.35
2024-10-01 09:58:06,235 | 7 | current set threshold is 208.0
2024-10-01 09:58:06,356 | 8 | current NIFTY24OCTFUT price is 25988.85
2024-10-01 10:33:03,141 | 16 | ---------------------------------------------------------------------------------
2024-10-01 10:33:03,148 | 17 | call price(61) + put price(140.15) = 201.15
2024-10-01 10:33:03,148 | 18 | current set threshold is 199.0
2024-10-01 10:33:03,341 | 19 | current NIFTY24OCTFUT price is 25925.8
2024-10-01 10:33:04,086 | 9 | ---------------------------------------------------------------------------------
2024-10-01 10:33:04,336 | 10 | current NIFTY24O0325850PE price is 142.8
2024-10-01 10:33:04,336 | 12 | 100 qty BUY order placed for symbol: NIFTY24O0325850PE at 10:33:04
2024-10-01 10:33:04,336 | 54 | ---------------------------------------------------------------------------------
2024-10-01 10:33:04,343 | 55 | exited put leg - NIFTY24O0325850CE
2024-10-01 10:33:04,343 | 56 | changed the call leg threshold to callPrice(61.0) + oneLegSL(10) = 71.0
2024-10-01 10:33:04,346 | 57 | changed the lowerBandwidth to 10.0
2024-10-01 10:36:00,366 | 60 | ---------------------------------------------------------------------------------
2024-10-01 10:36:00,367 | 61 | call price 51.45 + put price 0 = 51.45
2024-10-01 10:36:00,367 | 62 | (lower limit) set threshold(62.0) - lowerBandwidth(10.0) is 52.0
2024-10-01 10:36:00,467 | 63 | current NIFTY24OCTFUT price is 25891.6
2024-10-01 10:36:00,470 | 66 | (upper limit) threshold to new value - callPrice(51.45) + putPrice(0) + LowerBandwidth(10.0)/2 = 56.45
2024-10-01 10:59:39,586 | 14 | ---------------------------------------------------------------------------------
2024-10-01 10:59:39,587 | 15 | ##################### sudden spike in price be carefull !!! #####################
2024-10-01 10:59:39,587 | 16 | ##################### sudden spike in price be carefull !!! #####################
2024-10-01 10:59:39,589 | 17 | ##################### sudden spike in price be carefull !!! #####################
2024-10-01 10:59:39,590 | 18 | ---------------------------------------------------------------------------------
2024-10-01 10:59:39,591 | 19 | call price(67.15) + put price(0) = 67.15
2024-10-01 10:59:39,592 | 20 | current set threshold is 62.0
2024-10-01 10:59:39,692 | 21 | current NIFTY24OCTFUT price is 25935
2024-10-01 10:59:40,551 | 9 | ---------------------------------------------------------------------------------
2024-10-01 10:59:40,666 | 10 | current NIFTY24O0325850CE price is 68
2024-10-01 10:59:40,666 | 12 | 100 qty BUY order placed for symbol: NIFTY24O0325850CE at 10:59:40
2024-10-01 10:59:40,666 | 34 | ---------------------------------------------------------------------------------
2024-10-01 10:59:40,666 | 35 | Trading ended thank you!!!!
2024-10-01 10:59:40,811 | 8 | 
+-------------------+------------------+---------------+-------------------+----------------+-------------------+
|   tradingsymbol   | day_buy_quantity | day_buy_price | day_sell_quantity | day_sell_price |        pnl        |
+-------------------+------------------+---------------+-------------------+----------------+-------------------+
| NIFTY24O0325650PE |       100        |      35.0     |        100        |     29.15      |       -585.0      |
| NIFTY24O0325850CE |       100        |    67.8875    |        100        |     95.75      |      2786.25      |
| NIFTY24O0325850PE |       100        |     141.35    |        100        |     99.325     |      -4202.5      |
| NIFTY24O0325900CE |       100        |      71.9     |        100        |      92.5      | 2059.999999999999 |
| NIFTY24O0325900PE |       100        |    122.8875   |        100        |    106.275     |      -1661.25     |
+-------------------+------------------+---------------+-------------------+----------------+-------------------+
