2024-10-15 09:12:55,525 | 3 | logged into session
2024-10-15 09:20:36,522 | 8 | ---------------------------------------------------------------------------------
2024-10-15 09:20:36,524 | 9 | NIFTY24OCTFUT is selected, with qty of 100 for strikes NIFTY24O1725200PE and NIFTY24O1725200CE
2024-10-15 09:20:37,762 | 5 | ---------------------------------------------------------------------------------
2024-10-15 09:20:37,762 | 6 | NIFTY24O1725200CE(97.3) + NIFTY24O1725200PE(101.6) = 198.89999999999998
2024-10-15 09:20:37,762 | 7 | current set threshold is 70.7
2024-10-15 09:20:37,862 | 8 | current NIFTY24OCTFUT price is 25276
2024-10-15 09:47:00,020 | 16 | ---------------------------------------------------------------------------------
2024-10-15 09:47:00,020 | 17 | call price(79.7) + put price(129.55) = 209.25
2024-10-15 09:47:00,020 | 18 | current set threshold is 208.0
2024-10-15 09:47:00,115 | 19 | current NIFTY24OCTFUT price is 25230
2024-10-15 09:47:00,869 | 9 | ---------------------------------------------------------------------------------
2024-10-15 09:47:00,979 | 10 | current NIFTY24O1725200PE price is 129.85
2024-10-15 09:47:00,979 | 12 | 100 qty BUY order placed for symbol: NIFTY24O1725200PE at 09:47:00
2024-10-15 09:47:00,979 | 54 | ---------------------------------------------------------------------------------
2024-10-15 09:47:00,979 | 55 | exited put leg - NIFTY24O1725200CE
2024-10-15 09:47:00,979 | 56 | changed the call leg threshold to callPrice(79.7) + oneLegSL(10) = 89.7
2024-10-15 09:47:00,979 | 57 | changed the lowerBandwidth to 10.0
2024-10-15 09:48:01,898 | 60 | ---------------------------------------------------------------------------------
2024-10-15 09:48:01,901 | 61 | call price 79.05 + put price 0 = 79.05
2024-10-15 09:48:01,903 | 62 | (lower limit) set threshold(89.7) - lowerBandwidth(10.0) is 79.7
2024-10-15 09:48:02,113 | 63 | current NIFTY24OCTFUT price is 25236.3
2024-10-15 09:48:02,117 | 66 | (upper limit) threshold to new value - callPrice(79.05) + putPrice(0) + LowerBandwidth(10.0)/2 = 84.05
2024-10-15 09:50:00,437 | 60 | ---------------------------------------------------------------------------------
2024-10-15 09:50:00,437 | 61 | call price 75.9 + put price 0 = 75.9
2024-10-15 09:50:00,437 | 62 | (lower limit) set threshold(87.0) - lowerBandwidth(10.0) is 77.0
2024-10-15 09:50:00,536 | 63 | current NIFTY24OCTFUT price is 25218.8
2024-10-15 09:50:00,536 | 66 | (upper limit) threshold to new value - callPrice(75.9) + putPrice(0) + LowerBandwidth(10.0)/2 = 80.9
2024-10-15 09:53:06,872 | 60 | ---------------------------------------------------------------------------------
2024-10-15 09:53:06,874 | 61 | call price 73.4 + put price 0 = 73.4
2024-10-15 09:53:06,876 | 62 | (lower limit) set threshold(84.0) - lowerBandwidth(10.0) is 74.0
2024-10-15 09:53:06,942 | 63 | current NIFTY24OCTFUT price is 25213.45
2024-10-15 09:53:06,946 | 66 | (upper limit) threshold to new value - callPrice(73.4) + putPrice(0) + LowerBandwidth(10.0)/2 = 78.4
2024-10-15 09:54:01,904 | 60 | ---------------------------------------------------------------------------------
2024-10-15 09:54:01,906 | 61 | call price 66.95 + put price 0 = 66.95
2024-10-15 09:54:01,909 | 62 | (lower limit) set threshold(80.0) - lowerBandwidth(10.0) is 70.0
2024-10-15 09:54:02,117 | 63 | current NIFTY24OCTFUT price is 25186.65
2024-10-15 09:54:02,121 | 66 | (upper limit) threshold to new value - callPrice(66.95) + putPrice(0) + LowerBandwidth(10.0)/2 = 71.95
2024-10-15 10:02:01,162 | 60 | ---------------------------------------------------------------------------------
2024-10-15 10:02:01,162 | 61 | call price 55.85 + put price 0 = 55.85
2024-10-15 10:02:01,170 | 62 | (lower limit) set threshold(67.0) - lowerBandwidth(10.0) is 57.0
2024-10-15 10:02:01,284 | 63 | current NIFTY24OCTFUT price is 25136
2024-10-15 10:02:01,290 | 66 | (upper limit) threshold to new value - callPrice(55.85) + putPrice(0) + LowerBandwidth(10.0)/2 = 60.85
2024-10-15 10:03:05,979 | 60 | ---------------------------------------------------------------------------------
2024-10-15 10:03:05,984 | 61 | call price 50.75 + put price 0 = 50.75
2024-10-15 10:03:05,990 | 62 | (lower limit) set threshold(60.85) - lowerBandwidth(10.0) is 50.85
2024-10-15 10:03:06,184 | 63 | current NIFTY24OCTFUT price is 25122
2024-10-15 10:03:06,193 | 66 | (upper limit) threshold to new value - callPrice(50.75) + putPrice(0) + LowerBandwidth(10.0)/2 = 55.75
2024-10-15 10:30:03,324 | 60 | ---------------------------------------------------------------------------------
2024-10-15 10:30:03,326 | 61 | call price 46.3 + put price 0 = 46.3
2024-10-15 10:30:03,329 | 62 | (lower limit) set threshold(57.0) - lowerBandwidth(10.0) is 47.0
2024-10-15 10:30:03,442 | 63 | current NIFTY24OCTFUT price is 25102.35
2024-10-15 10:30:03,450 | 66 | (upper limit) threshold to new value - callPrice(46.3) + putPrice(0) + LowerBandwidth(10.0)/2 = 51.3
2024-10-15 10:38:00,378 | 16 | ---------------------------------------------------------------------------------
2024-10-15 10:38:00,385 | 17 | call price(52.15) + put price(0) = 52.15
2024-10-15 10:38:00,387 | 18 | current set threshold is 51.3
2024-10-15 10:38:00,485 | 19 | current NIFTY24OCTFUT price is 25140
2024-10-15 10:38:01,373 | 9 | ---------------------------------------------------------------------------------
2024-10-15 10:38:01,506 | 10 | current NIFTY24O1725200CE price is 51.9
2024-10-15 10:38:01,513 | 12 | 100 qty BUY order placed for symbol: NIFTY24O1725200CE at 10:38:01
2024-10-15 10:38:01,513 | 32 | ---------------------------------------------------------------------------------
2024-10-15 10:38:01,513 | 33 | Trading ended thank you!!!!
2024-10-15 10:38:01,719 | 8 | 
+-------------------+------------------+---------------+-------------------+----------------+--------------------+
|   tradingsymbol   | day_buy_quantity | day_buy_price | day_sell_quantity | day_sell_price |        pnl         |
+-------------------+------------------+---------------+-------------------+----------------+--------------------+
| NIFTY24O1725200CE |       100        |      52.0     |        100        |     99.775     |       4777.5       |
| NIFTY24O1725200PE |       100        |    130.1375   |        100        |      98.5      | -3163.749999999998 |
+-------------------+------------------+---------------+-------------------+----------------+--------------------+
