2024-08-14 09:17:19,995 | 3 | logged into session
2024-08-14 09:52:57,374 | 8 | ---------------------------------------------------------------------------------
2024-08-14 09:52:57,375 | 9 | NIFTY24AUGFUT is selected, with qty of 150 for strikes NIFTY2481424150PE and NIFTY2481424150CE
2024-08-14 09:53:01,930 | 5 | ---------------------------------------------------------------------------------
2024-08-14 09:53:01,930 | 6 | NIFTY2481424150CE(50.2) + NIFTY2481424150PE(46.8) = 97.0
2024-08-14 09:53:01,931 | 7 | current set threshold is 20.1
2024-08-14 09:53:01,989 | 8 | current NIFTY24AUGFUT price is 24170.5
2024-08-14 09:53:12,637 | 5 | ---------------------------------------------------------------------------------
2024-08-14 09:53:12,639 | 6 | NIFTY2481424150CE(50.8) + NIFTY2481424150PE(46.5) = 97.3
2024-08-14 09:53:12,641 | 7 | current set threshold is 107.0
2024-08-14 09:53:12,747 | 8 | current NIFTY24AUGFUT price is 24169.8
2024-08-14 10:05:00,225 | 55 | ---------------------------------------------------------------------------------
2024-08-14 10:05:00,226 | 56 | call price 38.85 + put price 47.1 = 85.95
2024-08-14 10:05:00,227 | 57 | (lower limit) set threshold(107.0) - lowerBandwidth(20) is 87.0
2024-08-14 10:05:00,314 | 58 | current NIFTY24AUGFUT price is 24160
2024-08-14 10:05:00,317 | 61 | (upper limit) threshold to new value - callPrice(38.85) + putPrice(47.1) + LowerBandwidth(20)/2 = 95.95
2024-08-14 13:21:01,609 | 55 | ---------------------------------------------------------------------------------
2024-08-14 13:21:01,610 | 56 | call price 19.15 + put price 20.5 = 39.65
2024-08-14 13:21:01,611 | 57 | (lower limit) set threshold(60.0) - lowerBandwidth(20) is 40.0
2024-08-14 13:21:01,701 | 58 | current NIFTY24AUGFUT price is 24179.2
2024-08-14 13:21:01,704 | 61 | (upper limit) threshold to new value - callPrice(19.15) + putPrice(20.5) + LowerBandwidth(20)/2 = 49.65
2024-08-14 14:40:10,717 | 11 | ---------------------------------------------------------------------------------
2024-08-14 14:40:10,718 | 12 | call price(4.55) + put price(30.6) = 35.15
2024-08-14 14:40:10,719 | 13 | current set threshold is 25.0
2024-08-14 14:40:10,807 | 14 | current NIFTY24AUGFUT price is 24163.45
2024-08-14 14:40:11,521 | 9 | ---------------------------------------------------------------------------------
2024-08-14 14:40:11,608 | 10 | current NIFTY2481424150PE price is 29
2024-08-14 14:40:11,610 | 12 | 150 qty BUY order placed for symbol: NIFTY2481424150PE at 14:40:11
2024-08-14 14:40:11,614 | 49 | ---------------------------------------------------------------------------------
2024-08-14 14:40:11,616 | 50 | exited put leg - NIFTY2481424150CE
2024-08-14 14:40:11,617 | 51 | changed the call leg threshold to callPrice(4.55) + oneLegSL(10) = 14.55
2024-08-14 14:40:11,619 | 52 | changed the lowerBandwidth to 10.0
2024-08-14 14:41:03,456 | 55 | ---------------------------------------------------------------------------------
2024-08-14 14:41:03,457 | 56 | call price 3.7 + put price 0 = 3.7
2024-08-14 14:41:03,458 | 57 | (lower limit) set threshold(14.55) - lowerBandwidth(10.0) is 4.550000000000001
2024-08-14 14:41:03,548 | 58 | current NIFTY24AUGFUT price is 24161.25
2024-08-14 14:41:03,550 | 61 | (upper limit) threshold to new value - callPrice(3.7) + putPrice(0) + LowerBandwidth(10.0)/2 = 8.7
2024-08-14 14:41:45,766 | 8 | 
+-------------------+------------------+---------------+-------------------+----------------+--------+
|   tradingsymbol   | day_buy_quantity | day_buy_price | day_sell_quantity | day_sell_price |  pnl   |
+-------------------+------------------+---------------+-------------------+----------------+--------+
| NIFTY2481424150CE |       150        |      4.2      |        150        |     53.35      | 7372.5 |
| NIFTY2481424150PE |       150        |      27.8     |        150        |     42.75      | 2242.5 |
+-------------------+------------------+---------------+-------------------+----------------+--------+
