2024-08-09 09:34:22,110 | 3 | logged into session
2024-08-09 09:37:15,245 | 8 | ---------------------------------------------------------------------------------
2024-08-09 09:37:15,247 | 9 | MIDCPNIFTY24AUGFUT is selected, with qty of 250 for strikes MIDCPNIFTY2481212675PE and MIDCPNIFTY2481212675CE
2024-08-09 09:37:32,285 | 5 | ---------------------------------------------------------------------------------
2024-08-09 09:37:32,285 | 6 | MIDCPNIFTY2481212675CE(75.3) + MIDCPNIFTY2481212675PE(76) = 151.3
2024-08-09 09:37:32,286 | 7 | current set threshold is 165.0
2024-08-09 09:37:32,409 | 8 | current MIDCPNIFTY24AUGFUT price is 12694
2024-08-09 10:18:02,641 | 12 | ---------------------------------------------------------------------------------
2024-08-09 10:18:02,642 | 13 | call price(56.45) + put price(109.9) = 166.35000000000002
2024-08-09 10:18:02,643 | 14 | current set threshold is 165.0
2024-08-09 10:18:02,848 | 15 | current MIDCPNIFTY24AUGFUT price is 12639.4
2024-08-09 10:18:03,612 | 9 | ---------------------------------------------------------------------------------
2024-08-09 10:18:03,716 | 10 | current MIDCPNIFTY2481212675PE price is 109.6
2024-08-09 10:18:03,716 | 12 | 250 qty BUY order placed for symbol: MIDCPNIFTY2481212675PE at 10:18:03
2024-08-09 10:18:03,719 | 50 | ---------------------------------------------------------------------------------
2024-08-09 10:18:03,720 | 51 | exited put leg - MIDCPNIFTY2481212675CE
2024-08-09 10:18:03,722 | 52 | changed the call leg threshold to callPrice(56.45) + oneLegSL(10) = 66.45
2024-08-09 10:18:03,723 | 53 | changed the lowerBandwidth to 10.0
2024-08-09 10:24:00,781 | 56 | ---------------------------------------------------------------------------------
2024-08-09 10:24:00,782 | 57 | call price 55.5 + put price 0 = 55.5
2024-08-09 10:24:00,783 | 58 | (lower limit) set threshold(66.45) - lowerBandwidth(10.0) is 56.45
2024-08-09 10:24:00,892 | 59 | current MIDCPNIFTY24AUGFUT price is 12636.15
2024-08-09 10:24:00,894 | 62 | (upper limit) threshold to new value - callPrice(55.5) + putPrice(0) + LowerBandwidth(10.0)/2 = 60.5
2024-08-09 10:50:18,349 | 12 | ---------------------------------------------------------------------------------
2024-08-09 10:50:18,359 | 13 | call price(66.1) + put price(0) = 66.1
2024-08-09 10:50:18,365 | 14 | current set threshold is 60.5
2024-08-09 10:50:18,448 | 15 | current MIDCPNIFTY24AUGFUT price is 12673.7
2024-08-09 10:50:19,207 | 9 | ---------------------------------------------------------------------------------
2024-08-09 10:50:19,319 | 10 | current MIDCPNIFTY2481212675CE price is 65.55
2024-08-09 10:50:19,326 | 12 | 250 qty BUY order placed for symbol: MIDCPNIFTY2481212675CE at 10:50:19
2024-08-09 10:50:19,329 | 28 | ---------------------------------------------------------------------------------
2024-08-09 10:50:19,335 | 29 | Trading ended thank you!!!!
2024-08-09 10:50:19,488 | 8 | 
+------------------------+------------------+---------------+-------------------+----------------+-------+
|     tradingsymbol      | day_buy_quantity | day_buy_price | day_sell_quantity | day_sell_price |  pnl  |
+------------------------+------------------+---------------+-------------------+----------------+-------+
| MIDCPNIFTY2481212675CE |       250        |     65.84     |        250        |      73.6      |  1940 |
| MIDCPNIFTY2481212675PE |       250        |     109.81    |        250        |     81.01      | -7200 |
+------------------------+------------------+---------------+-------------------+----------------+-------+
