2024-10-09 09:34:15,095 | 3 | logged into session
2024-10-09 09:35:31,912 | 8 | ---------------------------------------------------------------------------------
2024-10-09 09:35:31,913 | 9 | FINNIFTY24OCTFUT is selected, with qty of 100 for strikes BANKNIFTY24O0950700PE and BANKNIFTY24O0950700CE
2024-10-09 09:35:36,276 | 5 | ---------------------------------------------------------------------------------
2024-10-09 09:35:36,276 | 6 | BANKNIFTY24O0950700CE(420.15) + BANKNIFTY24O0950700PE(100.55) = 520.6999999999999
2024-10-09 09:35:36,276 | 7 | current set threshold is 270.0
2024-10-09 09:35:36,390 | 8 | current FINNIFTY24OCTFUT price is 23670.5
2024-10-09 09:35:58,092 | 8 | ---------------------------------------------------------------------------------
2024-10-09 09:35:58,094 | 9 | NIFTY24SEPFUT is selected, with qty of 100 for strikes NIFTY24O1025000PE and NIFTY24O1025000CE
2024-10-09 09:36:00,366 | 5 | ---------------------------------------------------------------------------------
2024-10-09 09:36:00,369 | 6 | NIFTY24O1025000CE(136.3) + NIFTY24O1025000PE(115.25) = 251.55
2024-10-09 09:36:00,371 | 7 | current set threshold is 270.0
2024-10-09 09:36:09,404 | 8 | ---------------------------------------------------------------------------------
2024-10-09 09:36:09,406 | 9 | NIFTY24OCTFUT is selected, with qty of 100 for strikes NIFTY24O1025000PE and NIFTY24O1025000CE
2024-10-09 09:36:11,687 | 5 | ---------------------------------------------------------------------------------
2024-10-09 09:36:11,687 | 6 | NIFTY24O1025000CE(138.85) + NIFTY24O1025000PE(114.45) = 253.3
2024-10-09 09:36:11,687 | 7 | current set threshold is 270.0
2024-10-09 09:36:11,807 | 8 | current NIFTY24OCTFUT price is 25168
2024-10-09 09:45:00,627 | 16 | ---------------------------------------------------------------------------------
2024-10-09 09:45:00,627 | 17 | call price(156.45) + put price(106.5) = 262.95
2024-10-09 09:45:00,627 | 18 | current set threshold is 262.0
2024-10-09 09:45:00,737 | 19 | current NIFTY24OCTFUT price is 25194.85
2024-10-09 09:45:01,529 | 9 | ---------------------------------------------------------------------------------
2024-10-09 09:45:01,647 | 10 | current NIFTY24O1025000CE price is 155.05
2024-10-09 09:45:01,647 | 12 | 100 qty BUY order placed for symbol: NIFTY24O1025000CE at 09:45:01
2024-10-09 09:45:01,663 | 44 | ---------------------------------------------------------------------------------
2024-10-09 09:45:01,663 | 45 | exited call leg - NIFTY24O1025000CE
2024-10-09 09:45:01,663 | 46 | changed the put leg threshold to putPrice(106.5) + oneLegSL(10) = 116.5
2024-10-09 09:45:01,663 | 47 | changed the lowerBandwidth to 10.0
2024-10-09 09:47:02,278 | 60 | ---------------------------------------------------------------------------------
2024-10-09 09:47:02,278 | 61 | call price 0 + put price 100.25 = 100.25
2024-10-09 09:47:02,293 | 62 | (lower limit) set threshold(116.5) - lowerBandwidth(10.0) is 106.5
2024-10-09 09:47:02,485 | 63 | current NIFTY24OCTFUT price is 25212.7
2024-10-09 09:47:02,497 | 66 | (upper limit) threshold to new value - callPrice(0) + putPrice(100.25) + LowerBandwidth(10.0)/2 = 105.25
2024-10-09 09:56:06,383 | 16 | ---------------------------------------------------------------------------------
2024-10-09 09:56:06,383 | 17 | call price(0) + put price(110.35) = 110.35
2024-10-09 09:56:06,383 | 18 | current set threshold is 110.0
2024-10-09 09:56:06,589 | 19 | current NIFTY24OCTFUT price is 25180
2024-10-09 09:56:07,297 | 9 | ---------------------------------------------------------------------------------
2024-10-09 09:56:07,408 | 10 | current NIFTY24O1025000PE price is 109.75
2024-10-09 09:56:07,408 | 12 | 100 qty BUY order placed for symbol: NIFTY24O1025000PE at 09:56:07
2024-10-09 09:56:07,408 | 24 | ---------------------------------------------------------------------------------
2024-10-09 09:56:07,408 | 25 | Trading ended thank you!!!!
2024-10-09 09:56:07,507 | 8 | 
+-------------------+------------------+---------------+-------------------+----------------+----------+
|   tradingsymbol   | day_buy_quantity | day_buy_price | day_sell_quantity | day_sell_price |   pnl    |
+-------------------+------------------+---------------+-------------------+----------------+----------+
| NIFTY24O1025000CE |       100        |    155.375    |        100        |    135.6875    | -1968.75 |
| NIFTY24O1025000PE |       100        |     109.8     |        100        |    115.4875    |  568.75  |
+-------------------+------------------+---------------+-------------------+----------------+----------+
