2024-10-04 09:16:36,464 | 3 | logged into session
2024-10-04 09:44:53,322 | 8 | ---------------------------------------------------------------------------------
2024-10-04 09:44:53,324 | 9 | MIDCPNIFTY24OCTFUT is selected, with qty of 200 for strikes MIDCPNIFTY24O0712900PE and MIDCPNIFTY24O0712900CE
2024-10-04 09:44:56,805 | 5 | ---------------------------------------------------------------------------------
2024-10-04 09:44:56,805 | 6 | MIDCPNIFTY24O0712900CE(109.8) + MIDCPNIFTY24O0712900PE(87) = 196.8
2024-10-04 09:44:56,809 | 7 | current set threshold is 34.0
2024-10-04 09:44:56,917 | 8 | current MIDCPNIFTY24OCTFUT price is 12985.2
2024-10-04 09:50:24,463 | 5 | ---------------------------------------------------------------------------------
2024-10-04 09:50:24,463 | 6 | MIDCPNIFTY24O0712900CE(138.1) + MIDCPNIFTY24O0712900PE(59.9) = 198.0
2024-10-04 09:50:24,464 | 7 | current set threshold is 34.0
2024-10-04 09:50:24,566 | 8 | current MIDCPNIFTY24OCTFUT price is 13044
2024-10-04 09:56:42,145 | 5 | ---------------------------------------------------------------------------------
2024-10-04 09:56:42,146 | 6 | MIDCPNIFTY24O0712900CE(179.35) + MIDCPNIFTY24O0712900PE(45.6) = 224.95
2024-10-04 09:56:42,147 | 7 | current set threshold is 34.0
2024-10-04 09:56:42,253 | 8 | current MIDCPNIFTY24OCTFUT price is 13092.9
2024-10-04 10:02:06,945 | 18 | ---------------------------------------------------------------------------------
2024-10-04 10:02:06,946 | 19 | call price(0) + put price(42.2) = 42.2
2024-10-04 10:02:06,947 | 20 | current set threshold is 42.0
2024-10-04 10:02:07,057 | 21 | current MIDCPNIFTY24OCTFUT price is 13118.1
2024-10-04 10:02:07,755 | 9 | ---------------------------------------------------------------------------------
2024-10-04 10:02:07,797 | 10 | current MIDCPNIFTY24O0712900PE price is 42
2024-10-04 10:02:07,798 | 12 | 200 qty BUY order placed for symbol: MIDCPNIFTY24O0712900PE at 10:02:07
2024-10-04 10:02:07,800 | 26 | ---------------------------------------------------------------------------------
2024-10-04 10:02:07,802 | 27 | Trading ended thank you!!!!
2024-10-04 10:02:07,906 | 8 | 
+------------------------+------------------+---------------+-------------------+----------------+---------------------+
|     tradingsymbol      | day_buy_quantity | day_buy_price | day_sell_quantity | day_sell_price |         pnl         |
+------------------------+------------------+---------------+-------------------+----------------+---------------------+
| MIDCPNIFTY24O0712900CE |       200        |     157.45    |        200        |     104.6      | -10569.999999999996 |
| MIDCPNIFTY24O0712900PE |       200        |     42.15     |        200        |    85.0875     |        8587.5       |
+------------------------+------------------+---------------+-------------------+----------------+---------------------+
