2024-10-28 08:47:24,717 | 3 | logged into session
2024-10-28 09:24:07,717 | 8 | ---------------------------------------------------------------------------------
2024-10-28 09:24:07,719 | 9 | MIDCPNIFTY24OCTFUT is selected, with qty of 100 for strikes FINNIFTY24OCT24000PE and FINNIFTY24OCT24000CE
2024-10-28 09:24:10,640 | 5 | ---------------------------------------------------------------------------------
2024-10-28 09:24:10,641 | 6 | FINNIFTY24OCT24000CE(104.8) + FINNIFTY24OCT24000PE(121.75) = 226.55
2024-10-28 09:24:10,642 | 7 | current set threshold is 89.4
2024-10-28 09:24:10,734 | 8 | current MIDCPNIFTY24OCTFUT price is 12407.7
2024-10-28 09:24:18,663 | 5 | ---------------------------------------------------------------------------------
2024-10-28 09:24:18,665 | 6 | FINNIFTY24OCT24000CE(114.4) + FINNIFTY24OCT24000PE(113) = 227.4
2024-10-28 09:24:18,666 | 7 | current set threshold is 89.4
2024-10-28 09:24:18,769 | 8 | current MIDCPNIFTY24OCTFUT price is 12409
2024-10-28 09:24:23,647 | 5 | ---------------------------------------------------------------------------------
2024-10-28 09:24:23,648 | 6 | FINNIFTY24OCT24000CE(114.2) + FINNIFTY24OCT24000PE(112.6) = 226.8
2024-10-28 09:24:23,648 | 7 | current set threshold is 236.0
2024-10-28 09:24:23,754 | 8 | current MIDCPNIFTY24OCTFUT price is 12410.15
2024-10-28 09:38:27,898 | 12 | ---------------------------------------------------------------------------------
2024-10-28 09:38:27,898 | 13 | ##################### sudden spike in price be carefull !!! #####################
2024-10-28 09:38:27,898 | 14 | ##################### sudden spike in price be carefull !!! #####################
2024-10-28 09:38:27,898 | 15 | ##################### sudden spike in price be carefull !!! #####################
2024-10-28 09:38:27,898 | 16 | ---------------------------------------------------------------------------------
2024-10-28 09:38:27,898 | 17 | call price(65.8) + put price(172.3) = 238.10000000000002
2024-10-28 09:38:27,898 | 18 | current set threshold is 232.0
2024-10-28 09:38:28,002 | 19 | current MIDCPNIFTY24OCTFUT price is 12348.75
2024-10-28 09:38:28,739 | 9 | ---------------------------------------------------------------------------------
2024-10-28 09:38:28,839 | 10 | current FINNIFTY24OCT24000PE price is 168.55
2024-10-28 09:38:28,839 | 12 | 100 qty BUY order placed for symbol: FINNIFTY24OCT24000PE at 09:38:28
2024-10-28 09:38:28,843 | 54 | ---------------------------------------------------------------------------------
2024-10-28 09:38:28,845 | 55 | exited put leg - FINNIFTY24OCT24000CE
2024-10-28 09:38:28,846 | 56 | changed the call leg threshold to callPrice(65.8) + oneLegSL(10) = 75.8
2024-10-28 09:38:28,846 | 57 | changed the lowerBandwidth to 10.0
2024-10-28 09:46:35,525 | 12 | ---------------------------------------------------------------------------------
2024-10-28 09:46:35,525 | 13 | ##################### sudden spike in price be carefull !!! #####################
2024-10-28 09:46:35,525 | 14 | ##################### sudden spike in price be carefull !!! #####################
2024-10-28 09:46:35,525 | 15 | ##################### sudden spike in price be carefull !!! #####################
2024-10-28 09:46:35,530 | 16 | ---------------------------------------------------------------------------------
2024-10-28 09:46:35,530 | 17 | call price(70.95) + put price(0) = 70.95
2024-10-28 09:46:35,530 | 18 | current set threshold is 62.0
2024-10-28 09:46:35,966 | 19 | current MIDCPNIFTY24OCTFUT price is 12354.55
2024-10-28 09:46:36,689 | 9 | ---------------------------------------------------------------------------------
2024-10-28 09:46:36,783 | 10 | current FINNIFTY24OCT24000CE price is 70.95
2024-10-28 09:46:36,783 | 12 | 100 qty BUY order placed for symbol: FINNIFTY24OCT24000CE at 09:46:36
2024-10-28 09:46:36,783 | 32 | ---------------------------------------------------------------------------------
2024-10-28 09:46:36,790 | 33 | Trading ended thank you!!!!
2024-10-28 09:46:36,895 | 8 | 
+----------------------+------------------+---------------+-------------------+----------------+-------------------+
|    tradingsymbol     | day_buy_quantity | day_buy_price | day_sell_quantity | day_sell_price |        pnl        |
+----------------------+------------------+---------------+-------------------+----------------+-------------------+
| FINNIFTY24OCT24000CE |       100        |      73.6     |        100        |    104.125     | 3052.500000000001 |
| FINNIFTY24OCT24000PE |       100        |     170.25    |        100        |    123.8125    |      -4643.75     |
+----------------------+------------------+---------------+-------------------+----------------+-------------------+
