2024-11-11 09:17:16,933 | 3 | logged into session
2024-11-11 09:22:56,263 | 8 | ---------------------------------------------------------------------------------
2024-11-11 09:22:56,264 | 9 | FINNIFTY24NOVFUT is selected, with qty of 100 for strikes FINNIFTY24N1223800PE and FINNIFTY24N1223800CE
2024-11-11 09:23:06,362 | 5 | ---------------------------------------------------------------------------------
2024-11-11 09:23:06,362 | 6 | FINNIFTY24N1223800CE(103.35) + FINNIFTY24N1223800PE(134.15) = 237.5
2024-11-11 09:23:06,362 | 7 | current set threshold is 247.0
2024-11-11 09:23:06,496 | 8 | current FINNIFTY24NOVFUT price is 23870.05
2024-11-11 09:34:00,185 | 16 | ---------------------------------------------------------------------------------
2024-11-11 09:34:00,185 | 17 | call price(157.65) + put price(80) = 237.65
2024-11-11 09:34:00,185 | 18 | current set threshold is 237.0
2024-11-11 09:34:00,303 | 19 | current FINNIFTY24NOVFUT price is 23967.65
2024-11-11 09:34:01,035 | 9 | ---------------------------------------------------------------------------------
2024-11-11 09:34:01,145 | 10 | current FINNIFTY24N1223800CE price is 156.8
2024-11-11 09:34:01,145 | 12 | 100 qty BUY order placed for symbol: FINNIFTY24N1223800CE at 09:34:01
2024-11-11 09:34:01,145 | 44 | ---------------------------------------------------------------------------------
2024-11-11 09:34:01,145 | 45 | exited call leg - FINNIFTY24N1223800CE
2024-11-11 09:34:01,158 | 46 | changed the put leg threshold to putPrice(80.0) + oneLegSL(10) = 90.0
2024-11-11 09:34:01,158 | 47 | changed the lowerBandwidth to 10.0
2024-11-11 09:37:03,075 | 60 | ---------------------------------------------------------------------------------
2024-11-11 09:37:03,075 | 61 | call price 0 + put price 75 = 75
2024-11-11 09:37:03,075 | 62 | (lower limit) set threshold(90.0) - lowerBandwidth(10.0) is 80.0
2024-11-11 09:37:03,199 | 63 | current FINNIFTY24NOVFUT price is 23970
2024-11-11 09:37:03,202 | 66 | (upper limit) threshold to new value - callPrice(0) + putPrice(75) + LowerBandwidth(10.0)/2 = 80.0
2024-11-11 09:40:02,666 | 16 | ---------------------------------------------------------------------------------
2024-11-11 09:40:02,666 | 17 | call price(0) + put price(91.1) = 91.1
2024-11-11 09:40:02,667 | 18 | current set threshold is 87.0
2024-11-11 09:40:02,814 | 19 | current FINNIFTY24NOVFUT price is 23941
2024-11-11 09:40:03,613 | 9 | ---------------------------------------------------------------------------------
2024-11-11 09:40:03,721 | 10 | current FINNIFTY24N1223800PE price is 91.2
2024-11-11 09:40:03,722 | 12 | 100 qty BUY order placed for symbol: FINNIFTY24N1223800PE at 09:40:03
2024-11-11 09:40:03,722 | 24 | ---------------------------------------------------------------------------------
2024-11-11 09:40:03,724 | 25 | Trading ended thank you!!!!
2024-11-11 09:40:03,835 | 8 | 
+----------------------+------------------+---------------+-------------------+----------------+--------------------+
|    tradingsymbol     | day_buy_quantity | day_buy_price | day_sell_quantity | day_sell_price |        pnl         |
+----------------------+------------------+---------------+-------------------+----------------+--------------------+
| FINNIFTY24N1223800CE |       100        |     156.55    |        100        |     115.1      | -4145.000000000002 |
| FINNIFTY24N1223800PE |       100        |     90.875    |        100        |     122.5      |       3162.5       |
+----------------------+------------------+---------------+-------------------+----------------+--------------------+
