2024-10-21 09:19:24,134 | 3 | logged into session
2024-10-21 09:24:25,769 | 8 | ---------------------------------------------------------------------------------
2024-10-21 09:24:25,772 | 9 | NIFTY24OCTFUT is selected, with qty of 100 for strikes FINNIFTY24O2224200PE and FINNIFTY24O2224200PE
2024-10-21 09:25:01,639 | 5 | ---------------------------------------------------------------------------------
2024-10-21 09:25:01,639 | 6 | FINNIFTY24O2224200PE(100.7) + FINNIFTY24O2224200PE(100.7) = 201.4
2024-10-21 09:25:01,639 | 7 | current set threshold is 210.0
2024-10-21 09:25:01,741 | 8 | current NIFTY24OCTFUT price is 24971.15
2024-10-21 09:25:48,900 | 8 | ---------------------------------------------------------------------------------
2024-10-21 09:25:48,902 | 9 | NIFTY24OCTFUT is selected, with qty of 100 for strikes FINNIFTY24O2224200PE and FINNIFTY24O2224200CE
2024-10-21 09:25:50,247 | 5 | ---------------------------------------------------------------------------------
2024-10-21 09:25:50,249 | 6 | FINNIFTY24O2224200CE(95) + FINNIFTY24O2224200PE(102.5) = 197.5
2024-10-21 09:25:50,251 | 7 | current set threshold is 210.0
2024-10-21 09:25:50,350 | 8 | current NIFTY24OCTFUT price is 24958.25
2024-10-21 09:31:30,921 | 12 | ---------------------------------------------------------------------------------
2024-10-21 09:31:30,921 | 13 | ##################### sudden spike in price be carefull !!! #####################
2024-10-21 09:31:30,921 | 14 | ##################### sudden spike in price be carefull !!! #####################
2024-10-21 09:31:30,921 | 15 | ##################### sudden spike in price be carefull !!! #####################
2024-10-21 09:31:30,921 | 16 | ---------------------------------------------------------------------------------
2024-10-21 09:31:30,921 | 17 | call price(61.45) + put price(148.8) = 210.25
2024-10-21 09:31:30,936 | 18 | current set threshold is 205.0
2024-10-21 09:31:31,030 | 19 | current NIFTY24OCTFUT price is 24920.5
2024-10-21 09:31:31,768 | 9 | ---------------------------------------------------------------------------------
2024-10-21 09:31:31,878 | 10 | current FINNIFTY24O2224200PE price is 148.55
2024-10-21 09:31:31,878 | 12 | 100 qty BUY order placed for symbol: FINNIFTY24O2224200PE at 09:31:31
2024-10-21 09:31:31,878 | 54 | ---------------------------------------------------------------------------------
2024-10-21 09:31:31,878 | 55 | exited put leg - FINNIFTY24O2224200CE
2024-10-21 09:31:31,878 | 56 | changed the call leg threshold to callPrice(61.45) + oneLegSL(10) = 71.45
2024-10-21 09:31:31,878 | 57 | changed the lowerBandwidth to 10.0
2024-10-21 09:33:01,815 | 60 | ---------------------------------------------------------------------------------
2024-10-21 09:33:01,815 | 61 | call price 60.9 + put price 0 = 60.9
2024-10-21 09:33:01,815 | 62 | (lower limit) set threshold(71.45) - lowerBandwidth(10.0) is 61.45
2024-10-21 09:33:01,927 | 63 | current NIFTY24OCTFUT price is 24909.55
2024-10-21 09:33:01,927 | 66 | (upper limit) threshold to new value - callPrice(60.9) + putPrice(0) + LowerBandwidth(10.0)/2 = 65.9
2024-10-21 09:34:00,496 | 60 | ---------------------------------------------------------------------------------
2024-10-21 09:34:00,496 | 61 | call price 53.15 + put price 0 = 53.15
2024-10-21 09:34:00,496 | 62 | (lower limit) set threshold(65.9) - lowerBandwidth(10.0) is 55.900000000000006
2024-10-21 09:34:00,601 | 63 | current NIFTY24OCTFUT price is 24883
2024-10-21 09:34:00,605 | 66 | (upper limit) threshold to new value - callPrice(53.15) + putPrice(0) + LowerBandwidth(10.0)/2 = 58.15
2024-10-21 09:36:02,350 | 60 | ---------------------------------------------------------------------------------
2024-10-21 09:36:02,350 | 61 | call price 49.6 + put price 0 = 49.6
2024-10-21 09:36:02,351 | 62 | (lower limit) set threshold(60.0) - lowerBandwidth(10.0) is 50.0
2024-10-21 09:36:02,451 | 63 | current NIFTY24OCTFUT price is 24848.1
2024-10-21 09:36:02,452 | 66 | (upper limit) threshold to new value - callPrice(49.6) + putPrice(0) + LowerBandwidth(10.0)/2 = 54.6
2024-10-21 09:38:04,059 | 16 | ---------------------------------------------------------------------------------
2024-10-21 09:38:04,060 | 17 | call price(57.35) + put price(0) = 57.35
2024-10-21 09:38:04,061 | 18 | current set threshold is 55.0
2024-10-21 09:38:04,162 | 19 | current NIFTY24OCTFUT price is 24869.95
2024-10-21 09:38:04,879 | 9 | ---------------------------------------------------------------------------------
2024-10-21 09:38:04,981 | 10 | current FINNIFTY24O2224200CE price is 56.45
2024-10-21 09:38:04,981 | 12 | 100 qty BUY order placed for symbol: FINNIFTY24O2224200CE at 09:38:04
2024-10-21 09:38:04,981 | 32 | ---------------------------------------------------------------------------------
2024-10-21 09:38:04,981 | 33 | Trading ended thank you!!!!
2024-10-21 09:38:05,093 | 8 | 
+----------------------+------------------+---------------+-------------------+----------------+--------------------+
|    tradingsymbol     | day_buy_quantity | day_buy_price | day_sell_quantity | day_sell_price |        pnl         |
+----------------------+------------------+---------------+-------------------+----------------+--------------------+
| FINNIFTY24O2224200CE |       100        |      56.4     |        100        |    102.9625    |      4656.25       |
| FINNIFTY24O2224200PE |       100        |     148.55    |        100        |     98.95      | -4960.000000000002 |
+----------------------+------------------+---------------+-------------------+----------------+--------------------+
2024-10-21 09:39:13,650 | 8 | ---------------------------------------------------------------------------------
2024-10-21 09:39:13,651 | 9 | NIFTY24OCTFUT is selected, with qty of 100 for strikes FINNIFTY24O2224050PE and FINNIFTY24O2224050CE
2024-10-21 09:39:14,340 | 5 | ---------------------------------------------------------------------------------
2024-10-21 09:39:14,340 | 6 | FINNIFTY24O2224050CE(108.5) + FINNIFTY24O2224050PE(102.55) = 211.05
2024-10-21 09:39:14,340 | 7 | current set threshold is 222.0
2024-10-21 09:39:14,442 | 8 | current NIFTY24OCTFUT price is 24837.05
2024-10-21 09:49:42,649 | 12 | ---------------------------------------------------------------------------------
2024-10-21 09:49:42,650 | 13 | ##################### sudden spike in price be carefull !!! #####################
2024-10-21 09:49:42,651 | 14 | ##################### sudden spike in price be carefull !!! #####################
2024-10-21 09:49:42,651 | 15 | ##################### sudden spike in price be carefull !!! #####################
2024-10-21 09:49:42,652 | 16 | ---------------------------------------------------------------------------------
2024-10-21 09:49:42,653 | 17 | call price(75.8) + put price(147.25) = 223.05
2024-10-21 09:49:42,655 | 18 | current set threshold is 217.0
2024-10-21 09:49:42,700 | 19 | current NIFTY24OCTFUT price is 24770
2024-10-21 09:49:43,417 | 9 | ---------------------------------------------------------------------------------
2024-10-21 09:49:43,540 | 10 | current FINNIFTY24O2224050PE price is 146.6
2024-10-21 09:49:43,540 | 12 | 100 qty BUY order placed for symbol: FINNIFTY24O2224050PE at 09:49:43
2024-10-21 09:49:43,540 | 54 | ---------------------------------------------------------------------------------
2024-10-21 09:49:43,540 | 55 | exited put leg - FINNIFTY24O2224050CE
2024-10-21 09:49:43,540 | 56 | changed the call leg threshold to callPrice(75.8) + oneLegSL(10) = 85.8
2024-10-21 09:49:43,540 | 57 | changed the lowerBandwidth to 10.0
2024-10-21 09:50:02,045 | 60 | ---------------------------------------------------------------------------------
2024-10-21 09:50:02,045 | 61 | call price 70.85 + put price 0 = 70.85
2024-10-21 09:50:02,045 | 62 | (lower limit) set threshold(85.8) - lowerBandwidth(10.0) is 75.8
2024-10-21 09:50:02,142 | 63 | current NIFTY24OCTFUT price is 24755.1
2024-10-21 09:50:02,142 | 66 | (upper limit) threshold to new value - callPrice(70.85) + putPrice(0) + LowerBandwidth(10.0)/2 = 75.85
2024-10-21 09:52:03,600 | 60 | ---------------------------------------------------------------------------------
2024-10-21 09:52:03,601 | 61 | call price 66.5 + put price 0 = 66.5
2024-10-21 09:52:03,602 | 62 | (lower limit) set threshold(80.0) - lowerBandwidth(10.0) is 70.0
2024-10-21 09:52:03,690 | 63 | current NIFTY24OCTFUT price is 24730
2024-10-21 09:52:03,690 | 66 | (upper limit) threshold to new value - callPrice(66.5) + putPrice(0) + LowerBandwidth(10.0)/2 = 71.5
2024-10-21 09:55:31,165 | 12 | ---------------------------------------------------------------------------------
2024-10-21 09:55:31,165 | 13 | ##################### sudden spike in price be carefull !!! #####################
2024-10-21 09:55:31,165 | 14 | ##################### sudden spike in price be carefull !!! #####################
2024-10-21 09:55:31,165 | 15 | ##################### sudden spike in price be carefull !!! #####################
2024-10-21 09:55:31,165 | 16 | ---------------------------------------------------------------------------------
2024-10-21 09:55:31,165 | 17 | call price(85.3) + put price(0) = 85.3
2024-10-21 09:55:31,165 | 18 | current set threshold is 80.0
2024-10-21 09:55:31,288 | 19 | current NIFTY24OCTFUT price is 24780
2024-10-21 09:55:32,026 | 9 | ---------------------------------------------------------------------------------
2024-10-21 09:55:32,151 | 10 | current FINNIFTY24O2224050CE price is 86.55
2024-10-21 09:55:32,167 | 12 | 100 qty BUY order placed for symbol: FINNIFTY24O2224050CE at 09:55:32
2024-10-21 09:55:32,167 | 32 | ---------------------------------------------------------------------------------
2024-10-21 09:55:32,167 | 33 | Trading ended thank you!!!!
2024-10-21 09:55:32,377 | 8 | 
+----------------------+------------------+---------------+-------------------+----------------+--------------------+
|    tradingsymbol     | day_buy_quantity | day_buy_price | day_sell_quantity | day_sell_price |        pnl         |
+----------------------+------------------+---------------+-------------------+----------------+--------------------+
| FINNIFTY24O2224050CE |       100        |     87.85     |        100        |    113.675     |       2582.5       |
| FINNIFTY24O2224050PE |       100        |     147.25    |        100        |    98.4375     |      -4881.25      |
| FINNIFTY24O2224200CE |       100        |      56.4     |        100        |    102.9625    |      4656.25       |
| FINNIFTY24O2224200PE |       100        |     148.55    |        100        |     98.95      | -4960.000000000002 |
+----------------------+------------------+---------------+-------------------+----------------+--------------------+
