2024-08-06 09:36:48,863 | 3 | logged into session
2024-08-06 09:38:23,225 | 8 | ---------------------------------------------------------------------------------
2024-08-06 09:38:23,226 | 9 | FINNIFTY24AUGFUT is selected, with qty of 125 for strikes FINNIFTY2480622900PE and FINNIFTY2480622900CE
2024-08-06 09:38:35,085 | 5 | ---------------------------------------------------------------------------------
2024-08-06 09:38:35,085 | 6 | FINNIFTY2480622900CE(95.85) + FINNIFTY2480622900PE(74.8) = 170.64999999999998
2024-08-06 09:38:35,085 | 7 | current set threshold is 190.0
2024-08-06 09:38:35,245 | 8 | current FINNIFTY24AUGFUT price is 22986.1
2024-08-06 09:38:45,051 | 5 | ---------------------------------------------------------------------------------
2024-08-06 09:38:45,051 | 6 | FINNIFTY2480622900CE(94) + FINNIFTY2480622900PE(76.05) = 170.05
2024-08-06 09:38:45,051 | 7 | current set threshold is 180.0
2024-08-06 09:38:45,284 | 8 | current FINNIFTY24AUGFUT price is 22986.1
2024-08-06 09:45:01,592 | 51 | ---------------------------------------------------------------------------------
2024-08-06 09:45:01,592 | 52 | call price 88.2 + put price 71.6 = 159.8
2024-08-06 09:45:01,592 | 53 | (lower limit) set threshold(180.0) - lowerBandwidth(20) is 160.0
2024-08-06 09:45:01,726 | 54 | current FINNIFTY24AUGFUT price is 22976.15
2024-08-06 09:45:01,727 | 57 | (upper limit) threshold to new value - callPrice(88.2) + putPrice(71.6) + LowerBandwidth(20)/2 = 169.8
2024-08-06 09:59:01,353 | 51 | ---------------------------------------------------------------------------------
2024-08-06 09:59:01,354 | 52 | call price 77.4 + put price 71.3 = 148.7
2024-08-06 09:59:01,356 | 53 | (lower limit) set threshold(169.8) - lowerBandwidth(20) is 149.8
2024-08-06 09:59:01,525 | 54 | current FINNIFTY24AUGFUT price is 22975.55
2024-08-06 09:59:01,527 | 57 | (upper limit) threshold to new value - callPrice(77.4) + putPrice(71.3) + LowerBandwidth(20)/2 = 158.7
2024-08-06 10:06:50,559 | 7 | ---------------------------------------------------------------------------------
2024-08-06 10:06:50,561 | 8 | call price(57.25) + put price(113.6) = 170.85
2024-08-06 10:06:50,563 | 9 | current set threshold is 160.0
2024-08-06 10:06:50,705 | 10 | current FINNIFTY24AUGFUT price is 22903.35
2024-08-06 10:06:51,613 | 9 | ---------------------------------------------------------------------------------
2024-08-06 10:06:51,769 | 10 | current FINNIFTY2480622900PE price is 116.7
2024-08-06 10:06:51,771 | 12 | 125 qty BUY order placed for symbol: FINNIFTY2480622900PE at 10:06:51
2024-08-06 10:06:51,775 | 45 | ---------------------------------------------------------------------------------
2024-08-06 10:06:51,777 | 46 | exited put leg - FINNIFTY2480622900CE
2024-08-06 10:06:51,778 | 47 | changed the call leg threshold to callPrice(57.25) + oneLegSL(10) = 67.25
2024-08-06 10:06:51,781 | 48 | changed the lowerBandwidth to 10.0
2024-08-06 10:08:55,151 | 8 | 
+----------------------+------------------+--------------------+-------------------+-------------------+----------+
|    tradingsymbol     | day_buy_quantity |   day_buy_price    | day_sell_quantity |   day_sell_price  |   pnl    |
+----------------------+------------------+--------------------+-------------------+-------------------+----------+
| FINNIFTY2480622900CE |       125        |       49.95        |        125        |        96.9       | 5868.75  |
| FINNIFTY2480622900PE |       150        | 108.19166666666666 |        150        | 75.53333333333333 | -4898.75 |
+----------------------+------------------+--------------------+-------------------+-------------------+----------+
