2024-08-13 08:52:27,222 | 3 | logged into session
2024-08-13 09:52:01,086 | 8 | ---------------------------------------------------------------------------------
2024-08-13 09:52:01,089 | 9 | FINNIFTY24AUGFUT is selected, with qty of 250 for strikes FINNIFTY2481322900PE and FINNIFTY2481322900CE
2024-08-13 09:52:02,626 | 5 | ---------------------------------------------------------------------------------
2024-08-13 09:52:02,628 | 6 | FINNIFTY2481322900CE(59) + FINNIFTY2481322900PE(45.9) = 104.9
2024-08-13 09:52:02,630 | 7 | current set threshold is 115.0
2024-08-13 09:52:02,732 | 8 | current FINNIFTY24AUGFUT price is 22999.95
2024-08-13 10:07:18,629 | 11 | ---------------------------------------------------------------------------------
2024-08-13 10:07:18,630 | 12 | call price(36.25) + put price(99.95) = 136.2
2024-08-13 10:07:18,632 | 13 | current set threshold is 115.0
2024-08-13 10:07:18,829 | 14 | current FINNIFTY24AUGFUT price is 22930.85
2024-08-13 10:07:19,547 | 9 | ---------------------------------------------------------------------------------
2024-08-13 10:07:19,655 | 10 | current FINNIFTY2481322900PE price is 84.2
2024-08-13 10:07:19,656 | 12 | 250 qty BUY order placed for symbol: FINNIFTY2481322900PE at 10:07:19
2024-08-13 10:07:19,658 | 49 | ---------------------------------------------------------------------------------
2024-08-13 10:07:19,660 | 50 | exited put leg - FINNIFTY2481322900CE
2024-08-13 10:07:19,660 | 51 | changed the call leg threshold to callPrice(36.25) + oneLegSL(10) = 46.25
2024-08-13 10:07:19,664 | 52 | changed the lowerBandwidth to 10.0
2024-08-13 10:09:01,419 | 55 | ---------------------------------------------------------------------------------
2024-08-13 10:09:01,419 | 56 | call price 28.9 + put price 0 = 28.9
2024-08-13 10:09:01,420 | 57 | (lower limit) set threshold(46.25) - lowerBandwidth(10.0) is 36.25
2024-08-13 10:09:01,525 | 58 | current FINNIFTY24AUGFUT price is 22921
2024-08-13 10:09:01,528 | 61 | (upper limit) threshold to new value - callPrice(28.9) + putPrice(0) + LowerBandwidth(10.0)/2 = 33.9
2024-08-13 10:19:00,020 | 55 | ---------------------------------------------------------------------------------
2024-08-13 10:19:00,022 | 56 | call price 23.8 + put price 0 = 23.8
2024-08-13 10:19:00,023 | 57 | (lower limit) set threshold(33.9) - lowerBandwidth(10.0) is 23.9
2024-08-13 10:19:00,113 | 58 | current FINNIFTY24AUGFUT price is 22905.9
2024-08-13 10:19:00,117 | 61 | (upper limit) threshold to new value - callPrice(23.8) + putPrice(0) + LowerBandwidth(10.0)/2 = 28.8
2024-08-13 10:33:01,900 | 55 | ---------------------------------------------------------------------------------
2024-08-13 10:33:01,900 | 56 | call price 15.1 + put price 0 = 15.1
2024-08-13 10:33:01,900 | 57 | (lower limit) set threshold(28.8) - lowerBandwidth(10.0) is 18.8
2024-08-13 10:33:02,001 | 58 | current FINNIFTY24AUGFUT price is 22876.45
2024-08-13 10:33:02,011 | 61 | (upper limit) threshold to new value - callPrice(15.1) + putPrice(0) + LowerBandwidth(10.0)/2 = 20.1
2024-08-13 10:38:00,130 | 11 | ---------------------------------------------------------------------------------
2024-08-13 10:38:00,130 | 12 | call price(20.9) + put price(0) = 20.9
2024-08-13 10:38:00,130 | 13 | current set threshold is 20.1
2024-08-13 10:38:00,231 | 14 | current FINNIFTY24AUGFUT price is 22900.1
2024-08-13 10:38:01,134 | 9 | ---------------------------------------------------------------------------------
2024-08-13 10:38:01,279 | 10 | current FINNIFTY2481322900CE price is 20.85
2024-08-13 10:38:01,279 | 12 | 125 qty BUY order placed for symbol: FINNIFTY2481322900CE at 10:38:01
2024-08-13 10:38:01,279 | 27 | ---------------------------------------------------------------------------------
2024-08-13 10:38:01,279 | 28 | Trading ended thank you!!!!
2024-08-13 10:38:01,384 | 8 | 
+----------------------+------------------+---------------+-------------------+----------------+---------+
|    tradingsymbol     | day_buy_quantity | day_buy_price | day_sell_quantity | day_sell_price |   pnl   |
+----------------------+------------------+---------------+-------------------+----------------+---------+
| FINNIFTY2481322900CE |       125        |      20.8     |        125        |     64.59      | 5473.75 |
| FINNIFTY2481322900PE |       250        |      86.9     |        250        |     65.55      | -5337.5 |
+----------------------+------------------+---------------+-------------------+----------------+---------+
