2024-08-12 09:43:29,009 | 3 | logged into session
2024-08-12 09:45:12,621 | 8 | ---------------------------------------------------------------------------------
2024-08-12 09:45:12,623 | 9 | MIDCPNIFTY24AUGFUT is selected, with qty of 250 for strikes MIDCPNIFTY2481212550PE and MIDCPNIFTY2481212550CE
2024-08-12 09:45:16,931 | 5 | ---------------------------------------------------------------------------------
2024-08-12 09:45:16,931 | 6 | MIDCPNIFTY2481212550CE(32.1) + MIDCPNIFTY2481212550PE(47.65) = 79.75
2024-08-12 09:45:16,931 | 7 | current set threshold is 92.0
2024-08-12 09:45:17,096 | 8 | current MIDCPNIFTY24AUGFUT price is 12563.25
2024-08-12 09:58:58,343 | 12 | ---------------------------------------------------------------------------------
2024-08-12 09:58:58,343 | 13 | call price(31.9) + put price(63.4) = 95.3
2024-08-12 09:58:58,343 | 14 | current set threshold is 90.0
2024-08-12 09:58:58,469 | 15 | current MIDCPNIFTY24AUGFUT price is 12549.4
2024-08-12 09:58:59,274 | 9 | ---------------------------------------------------------------------------------
2024-08-12 09:58:59,777 | 10 | current MIDCPNIFTY2481212550PE price is 59.25
2024-08-12 09:58:59,777 | 12 | 250 qty BUY order placed for symbol: MIDCPNIFTY2481212550PE at 09:58:59
2024-08-12 09:58:59,786 | 50 | ---------------------------------------------------------------------------------
2024-08-12 09:58:59,786 | 51 | exited put leg - MIDCPNIFTY2481212550CE
2024-08-12 09:58:59,786 | 52 | changed the call leg threshold to callPrice(31.9) + oneLegSL(10) = 41.9
2024-08-12 09:58:59,786 | 53 | changed the lowerBandwidth to 10.0
2024-08-12 10:00:04,999 | 56 | ---------------------------------------------------------------------------------
2024-08-12 10:00:04,999 | 57 | call price 31.85 + put price 0 = 31.85
2024-08-12 10:00:04,999 | 58 | (lower limit) set threshold(41.9) - lowerBandwidth(10.0) is 31.9
2024-08-12 10:00:05,130 | 59 | current MIDCPNIFTY24AUGFUT price is 12552.25
2024-08-12 10:00:05,130 | 62 | (upper limit) threshold to new value - callPrice(31.85) + putPrice(0) + LowerBandwidth(10.0)/2 = 36.85
2024-08-12 10:03:00,292 | 55 | ---------------------------------------------------------------------------------
2024-08-12 10:03:00,292 | 56 | call price 25.25 + put price 0 = 25.25
2024-08-12 10:03:00,292 | 57 | (lower limit) set threshold(36.85) - lowerBandwidth(10.0) is 26.85
2024-08-12 10:03:00,466 | 58 | current MIDCPNIFTY24AUGFUT price is 12530.95
2024-08-12 10:03:00,466 | 61 | (upper limit) threshold to new value - callPrice(25.25) + putPrice(0) + LowerBandwidth(10.0)/2 = 30.25
2024-08-12 10:06:09,926 | 55 | ---------------------------------------------------------------------------------
2024-08-12 10:06:09,926 | 56 | call price 20.1 + put price 0 = 20.1
2024-08-12 10:06:09,926 | 57 | (lower limit) set threshold(30.25) - lowerBandwidth(10.0) is 20.25
2024-08-12 10:06:09,996 | 58 | current MIDCPNIFTY24AUGFUT price is 12519.75
2024-08-12 10:06:10,001 | 61 | (upper limit) threshold to new value - callPrice(20.1) + putPrice(0) + LowerBandwidth(10.0)/2 = 25.1
2024-08-12 10:41:00,955 | 11 | ---------------------------------------------------------------------------------
2024-08-12 10:41:00,956 | 12 | call price(21.1) + put price(0) = 21.1
2024-08-12 10:41:00,958 | 13 | current set threshold is 20.0
2024-08-12 10:41:01,015 | 14 | current MIDCPNIFTY24AUGFUT price is 12541.1
2024-08-12 10:41:01,713 | 9 | ---------------------------------------------------------------------------------
2024-08-12 10:41:01,829 | 10 | current MIDCPNIFTY2481212550CE price is 20.9
2024-08-12 10:41:01,830 | 12 | 250 qty BUY order placed for symbol: MIDCPNIFTY2481212550CE at 10:41:01
2024-08-12 10:41:01,830 | 27 | ---------------------------------------------------------------------------------
2024-08-12 10:41:01,831 | 28 | Trading ended thank you!!!!
2024-08-12 10:41:01,968 | 8 | 
+------------------------+------------------+---------------+-------------------+----------------+---------+
|     tradingsymbol      | day_buy_quantity | day_buy_price | day_sell_quantity | day_sell_price |   pnl   |
+------------------------+------------------+---------------+-------------------+----------------+---------+
| MIDCPNIFTY2481212550CE |       250        |      21.1     |        250        |     35.55      |  3612.5 |
| MIDCPNIFTY2481212550PE |       250        |      59.7     |        250        |     46.59      | -3277.5 |
+------------------------+------------------+---------------+-------------------+----------------+---------+
