2024-10-18 09:26:12,336 | 3 | logged into session
2024-10-18 09:32:51,393 | 8 | ---------------------------------------------------------------------------------
2024-10-18 09:32:51,395 | 9 | NIFTY24OCTFUT is selected, with qty of 200 for strikes MIDCPNIFTY24O2112875PE and MIDCPNIFTY24O2112875CE
2024-10-18 09:33:19,705 | 8 | ---------------------------------------------------------------------------------
2024-10-18 09:33:19,707 | 9 | NIFTY24OCTFUT is selected, with qty of 200 for strikes MIDCPNIFTY24O2112875PE and MIDCPNIFTY24O2112875CE
2024-10-18 09:33:20,850 | 5 | ---------------------------------------------------------------------------------
2024-10-18 09:33:20,850 | 6 | MIDCPNIFTY24O2112875CE(90.8) + MIDCPNIFTY24O2112875PE(84.65) = 175.45
2024-10-18 09:33:20,850 | 7 | current set threshold is 183.0
2024-10-18 09:33:20,929 | 8 | current NIFTY24OCTFUT price is 24704.05
2024-10-18 09:56:26,360 | 8 | ---------------------------------------------------------------------------------
2024-10-18 09:56:26,361 | 9 | NIFTY24OCTFUT is selected, with qty of 200 for strikes MIDCPNIFTY24O2112900PE and MIDCPNIFTY24O2112900CE
2024-10-18 09:56:27,677 | 5 | ---------------------------------------------------------------------------------
2024-10-18 09:56:27,677 | 6 | MIDCPNIFTY24O2112900CE(82.65) + MIDCPNIFTY24O2112900PE(83) = 165.65
2024-10-18 09:56:27,677 | 7 | current set threshold is 183.0
2024-10-18 09:56:27,773 | 8 | current NIFTY24OCTFUT price is 24732
2024-10-18 10:29:00,560 | 12 | ---------------------------------------------------------------------------------
2024-10-18 10:29:00,561 | 13 | ##################### sudden spike in price be carefull !!! #####################
2024-10-18 10:29:00,562 | 14 | ##################### sudden spike in price be carefull !!! #####################
2024-10-18 10:29:00,564 | 15 | ##################### sudden spike in price be carefull !!! #####################
2024-10-18 10:29:00,565 | 16 | ---------------------------------------------------------------------------------
2024-10-18 10:29:00,566 | 17 | call price(115.3) + put price(49.85) = 165.15
2024-10-18 10:29:00,567 | 18 | current set threshold is 160.0
2024-10-18 10:29:00,682 | 19 | current NIFTY24OCTFUT price is 24772.85
2024-10-18 10:29:01,407 | 9 | ---------------------------------------------------------------------------------
2024-10-18 10:29:01,530 | 10 | current MIDCPNIFTY24O2112900CE price is 117.45
2024-10-18 10:29:01,532 | 12 | 200 qty BUY order placed for symbol: MIDCPNIFTY24O2112900CE at 10:29:01
2024-10-18 10:29:01,535 | 44 | ---------------------------------------------------------------------------------
2024-10-18 10:29:01,537 | 45 | exited call leg - MIDCPNIFTY24O2112900CE
2024-10-18 10:29:01,539 | 46 | changed the put leg threshold to putPrice(49.85) + oneLegSL(10) = 59.85
2024-10-18 10:29:01,541 | 47 | changed the lowerBandwidth to 10.0
2024-10-18 10:30:02,390 | 60 | ---------------------------------------------------------------------------------
2024-10-18 10:30:02,390 | 61 | call price 0 + put price 44.9 = 44.9
2024-10-18 10:30:02,392 | 62 | (lower limit) set threshold(59.85) - lowerBandwidth(10.0) is 49.85
2024-10-18 10:30:02,514 | 63 | current NIFTY24OCTFUT price is 24785
2024-10-18 10:30:02,516 | 66 | (upper limit) threshold to new value - callPrice(0) + putPrice(44.9) + LowerBandwidth(10.0)/2 = 49.9
2024-10-18 10:43:03,236 | 60 | ---------------------------------------------------------------------------------
2024-10-18 10:43:03,237 | 61 | call price 0 + put price 38.9 = 38.9
2024-10-18 10:43:03,238 | 62 | (lower limit) set threshold(49.9) - lowerBandwidth(10.0) is 39.9
2024-10-18 10:43:03,346 | 63 | current NIFTY24OCTFUT price is 24834.55
2024-10-18 10:43:03,349 | 66 | (upper limit) threshold to new value - callPrice(0) + putPrice(38.9) + LowerBandwidth(10.0)/2 = 43.9
2024-10-18 10:49:03,294 | 16 | ---------------------------------------------------------------------------------
2024-10-18 10:49:03,295 | 17 | call price(0) + put price(45.1) = 45.1
2024-10-18 10:49:03,296 | 18 | current set threshold is 43.9
2024-10-18 10:49:03,395 | 19 | current NIFTY24OCTFUT price is 24838
2024-10-18 10:49:04,138 | 9 | ---------------------------------------------------------------------------------
2024-10-18 10:49:04,256 | 10 | current MIDCPNIFTY24O2112900PE price is 45.2
2024-10-18 10:49:04,257 | 12 | 200 qty BUY order placed for symbol: MIDCPNIFTY24O2112900PE at 10:49:04
2024-10-18 10:49:04,259 | 24 | ---------------------------------------------------------------------------------
2024-10-18 10:49:04,261 | 25 | Trading ended thank you!!!!
2024-10-18 10:49:04,420 | 8 | 
+------------------------+------------------+---------------+-------------------+----------------+--------------------+
|     tradingsymbol      | day_buy_quantity | day_buy_price | day_sell_quantity | day_sell_price |        pnl         |
+------------------------+------------------+---------------+-------------------+----------------+--------------------+
| MIDCPNIFTY24O2112875CE |       200        |    115.525    |        200        |    87.9875     |      -5507.5       |
| MIDCPNIFTY24O2112875PE |       200        |      54.7     |        200        |     89.225     |       6905.0       |
| MIDCPNIFTY24O2112900CE |       200        |     117.3     |        200        |    80.8375     | -7292.499999999998 |
| MIDCPNIFTY24O2112900PE |       200        |     45.225    |        200        |    86.1375     |       8182.5       |
+------------------------+------------------+---------------+-------------------+----------------+--------------------+
