2024-08-27 08:36:53,466 | 3 | logged into session
2024-08-27 09:54:59,999 | 8 | ---------------------------------------------------------------------------------
2024-08-27 09:55:00,001 | 9 | FINNIFTY24AUGFUT is selected, with qty of 125 for strikes FINNIFTY24AUG23400PE and FINNIFTY24AUG23400CE
2024-08-27 09:55:15,243 | 5 | ---------------------------------------------------------------------------------
2024-08-27 09:55:15,244 | 6 | FINNIFTY24AUG23400CE(49.8) + FINNIFTY24AUG23400PE(62.4) = 112.19999999999999
2024-08-27 09:55:15,245 | 7 | current set threshold is 120.0
2024-08-27 09:55:15,334 | 8 | current FINNIFTY24AUGFUT price is 23386.05
2024-08-27 09:58:26,139 | 12 | ---------------------------------------------------------------------------------
2024-08-27 09:58:26,139 | 13 | ##################### sudden spike in price be carefull !!! #####################
2024-08-27 09:58:26,139 | 14 | ##################### sudden spike in price be carefull !!! #####################
2024-08-27 09:58:26,150 | 15 | ##################### sudden spike in price be carefull !!! #####################
2024-08-27 09:58:26,151 | 16 | ---------------------------------------------------------------------------------
2024-08-27 09:58:26,152 | 17 | call price(87.4) + put price(41.75) = 129.15
2024-08-27 09:58:26,153 | 18 | current set threshold is 120.0
2024-08-27 09:58:26,203 | 19 | current FINNIFTY24AUGFUT price is 23446.5
2024-08-27 09:58:26,968 | 9 | ---------------------------------------------------------------------------------
2024-08-27 09:58:27,063 | 10 | current FINNIFTY24AUG23400CE price is 87.3
2024-08-27 09:58:27,064 | 12 | 125 qty BUY order placed for symbol: FINNIFTY24AUG23400CE at 09:58:27
2024-08-27 09:58:27,067 | 44 | ---------------------------------------------------------------------------------
2024-08-27 09:58:27,069 | 45 | exited call leg - FINNIFTY24AUG23400CE
2024-08-27 09:58:27,070 | 46 | changed the put leg threshold to putPrice(41.75) + oneLegSL(10) = 51.75
2024-08-27 09:58:27,071 | 47 | changed the lowerBandwidth to 10.0
2024-08-27 09:59:02,355 | 60 | ---------------------------------------------------------------------------------
2024-08-27 09:59:02,356 | 61 | call price 0 + put price 40 = 40
2024-08-27 09:59:02,357 | 62 | (lower limit) set threshold(51.75) - lowerBandwidth(10.0) is 41.75
2024-08-27 09:59:02,465 | 63 | current FINNIFTY24AUGFUT price is 23458.9
2024-08-27 09:59:02,467 | 66 | (upper limit) threshold to new value - callPrice(0) + putPrice(40) + LowerBandwidth(10.0)/2 = 45.0
2024-08-27 10:00:01,019 | 16 | ---------------------------------------------------------------------------------
2024-08-27 10:00:01,020 | 17 | call price(0) + put price(45.15) = 45.15
2024-08-27 10:00:01,020 | 18 | current set threshold is 45.0
2024-08-27 10:00:01,110 | 19 | current FINNIFTY24AUGFUT price is 23429.1
2024-08-27 10:00:01,950 | 9 | ---------------------------------------------------------------------------------
2024-08-27 10:00:02,050 | 10 | current FINNIFTY24AUG23400PE price is 44.7
2024-08-27 10:00:02,050 | 12 | 125 qty BUY order placed for symbol: FINNIFTY24AUG23400PE at 10:00:02
2024-08-27 10:00:02,050 | 24 | ---------------------------------------------------------------------------------
2024-08-27 10:00:02,050 | 25 | Trading ended thank you!!!!
2024-08-27 10:00:02,144 | 8 | 
+----------------------+------------------+---------------+-------------------+----------------+---------+
|    tradingsymbol     | day_buy_quantity | day_buy_price | day_sell_quantity | day_sell_price |   pnl   |
+----------------------+------------------+---------------+-------------------+----------------+---------+
| FINNIFTY24AUG23400CE |       125        |      87.6     |        125        |      46.0      | -5200.0 |
| FINNIFTY24AUG23400PE |       125        |      44.6     |        125        |     63.62      |  2377.5 |
+----------------------+------------------+---------------+-------------------+----------------+---------+
